{"meta": {"format": 3, "version": "7.10.6", "timestamp": "2025-09-22T23:07:02.812102", "branch_coverage": false, "show_contexts": false}, "files": {"src/finos_mcp/__init__.py": {"executed_lines": [1, 15, 16, 19, 20, 21, 22, 25, 34, 37, 39, 42], "summary": {"covered_lines": 11, "num_statements": 14, "percent_covered": 78.57142857142857, "percent_covered_display": "79", "missing_lines": 3, "excluded_lines": 0}, "missing_lines": [17, 18, 44], "excluded_lines": [], "functions": {"get_version": {"executed_lines": [39], "summary": {"covered_lines": 1, "num_statements": 1, "percent_covered": 100.0, "percent_covered_display": "100", "missing_lines": 0, "excluded_lines": 0}, "missing_lines": [], "excluded_lines": []}, "get_package_info": {"executed_lines": [], "summary": {"covered_lines": 0, "num_statements": 1, "percent_covered": 0.0, "percent_covered_display": "0", "missing_lines": 1, "excluded_lines": 0}, "missing_lines": [44], "excluded_lines": []}, "": {"executed_lines": [1, 15, 16, 19, 20, 21, 22, 25, 34, 37, 42], "summary": {"covered_lines": 10, "num_statements": 12, "percent_covered": 83.33333333333333, "percent_covered_display": "83", "missing_lines": 2, "excluded_lines": 0}, "missing_lines": [17, 18], "excluded_lines": []}}, "classes": {"": {"executed_lines": [1, 15, 16, 19, 20, 21, 22, 25, 34, 37, 39, 42], "summary": {"covered_lines": 11, "num_statements": 14, "percent_covered": 78.57142857142857, "percent_covered_display": "79", "missing_lines": 3, "excluded_lines": 0}, "missing_lines": [17, 18, 44], "excluded_lines": []}}}, "src/finos_mcp/_version.py": {"executed_lines": [4, 13, 14, 21, 22, 24, 25, 26, 27, 28, 29, 31, 32, 34], "summary": {"covered_lines": 14, "num_statements": 18, "percent_covered": 77.77777777777777, "percent_covered_display": "78", "missing_lines": 4, "excluded_lines": 0}, "missing_lines": [15, 16, 18, 19], "excluded_lines": [], "functions": {"": {"executed_lines": [4, 13, 14, 21, 22, 24, 25, 26, 27, 28, 29, 31, 32, 34], "summary": {"covered_lines": 14, "num_statements": 18, "percent_covered": 77.77777777777777, "percent_covered_display": "78", "missing_lines": 4, "excluded_lines": 0}, "missing_lines": [15, 16, 18, 19], "excluded_lines": []}}, "classes": {"": {"executed_lines": [4, 13, 14, 21, 22, 24, 25, 26, 27, 28, 29, 31, 32, 34], "summary": {"covered_lines": 14, "num_statements": 18, "percent_covered": 77.77777777777777, "percent_covered_display": "78", "missing_lines": 4, "excluded_lines": 0}, "missing_lines": [15, 16, 18, 19], "excluded_lines": []}}}, "src/finos_mcp/config.py": {"executed_lines": [1, 22, 23, 24, 25, 26, 28, 29, 30, 32, 33, 38, 39, 46, 52, 60, 66, 71, 78, 85, 93, 99, 104, 110, 116, 123, 129, 136, 143, 148, 155, 156, 157, 159, 160, 161, 162, 164, 165, 166, 168, 169, 238, 239, 240, 242, 245, 246, 247, 248, 251, 252, 255, 263, 264, 269, 270, 280, 282, 284, 289, 291, 292, 293, 295, 296, 298, 301, 302, 305, 314, 317, 318, 319, 321, 322, 323, 324, 325, 327, 329, 330, 331, 335, 336, 338, 340, 343, 345, 346, 348, 350, 351, 353, 355, 356, 358, 368, 371, 372, 374, 376, 378, 385, 388, 389, 390, 396, 399, 403, 406, 409, 414, 417, 424, 425, 427, 428, 430, 431, 432, 433, 435, 448, 449, 450, 451, 452, 453, 454, 456, 460, 463, 476, 479, 492, 493, 494, 495, 496, 497, 498, 501, 505, 509, 511, 513, 515, 516, 520, 524], "summary": {"covered_lines": 148, "num_statements": 199, "percent_covered": 74.37185929648241, "percent_covered_display": "74", "missing_lines": 51, "excluded_lines": 0}, "missing_lines": [34, 35, 172, 183, 185, 186, 189, 190, 192, 194, 195, 198, 199, 201, 203, 204, 207, 208, 211, 212, 214, 216, 217, 220, 221, 225, 226, 229, 236, 271, 277, 287, 320, 339, 341, 391, 392, 393, 397, 400, 404, 407, 410, 415, 418, 421, 502, 503, 525, 526, 527], "excluded_lines": [], "functions": {"Settings.validate_log_level": {"executed_lines": [159, 160, 161, 162], "summary": {"covered_lines": 4, "num_statements": 4, "percent_covered": 100.0, "percent_covered_display": "100", "missing_lines": 0, "excluded_lines": 0}, "missing_lines": [], "excluded_lines": []}, "Settings.validate_github_token": {"executed_lines": [168, 169], "summary": {"covered_lines": 2, "num_statements": 29, "percent_covered": 6.896551724137931, "percent_covered_display": "7", "missing_lines": 27, "excluded_lines": 0}, "missing_lines": [172, 183, 185, 186, 189, 190, 192, 194, 195, 198, 199, 201, 203, 204, 207, 208, 211, 212, 214, 216, 217, 220, 221, 225, 226, 229, 236], "excluded_lines": []}, "Settings.validate_base_url": {"executed_lines": [242, 245, 246, 247, 248, 251, 252, 255, 263, 264, 269, 270, 280, 282, 284, 289], "summary": {"covered_lines": 16, "num_statements": 19, "percent_covered": 84.21052631578948, "percent_covered_display": "84", "missing_lines": 3, "excluded_lines": 0}, "missing_lines": [271, 277, 287], "excluded_lines": []}, "Settings.validate_config_file": {"executed_lines": [295, 296, 298, 301, 302, 305, 314, 317, 318, 319, 321, 322, 323, 324, 325, 327, 329, 330, 331, 335, 336, 338, 340, 343], "summary": {"covered_lines": 24, "num_statements": 27, "percent_covered": 88.88888888888889, "percent_covered_display": "89", "missing_lines": 3, "excluded_lines": 0}, "missing_lines": [320, 339, 341], "excluded_lines": []}, "Settings.mitigations_url": {"executed_lines": [348], "summary": {"covered_lines": 1, "num_statements": 1, "percent_covered": 100.0, "percent_covered_display": "100", "missing_lines": 0, "excluded_lines": 0}, "missing_lines": [], "excluded_lines": []}, "Settings.risks_url": {"executed_lines": [353], "summary": {"covered_lines": 1, "num_statements": 1, "percent_covered": 100.0, "percent_covered_display": "100", "missing_lines": 0, "excluded_lines": 0}, "missing_lines": [], "excluded_lines": []}, "Settings.logging_config": {"executed_lines": [358], "summary": {"covered_lines": 1, "num_statements": 1, "percent_covered": 100.0, "percent_covered_display": "100", "missing_lines": 0, "excluded_lines": 0}, "missing_lines": [], "excluded_lines": []}, "Settings.configure_logging": {"executed_lines": [371, 372, 374, 376], "summary": {"covered_lines": 4, "num_statements": 4, "percent_covered": 100.0, "percent_covered_display": "100", "missing_lines": 0, "excluded_lines": 0}, "missing_lines": [], "excluded_lines": []}, "Settings.validate_startup": {"executed_lines": [385, 388, 389, 390, 396, 399, 403, 406, 409, 414, 417], "summary": {"covered_lines": 11, "num_statements": 22, "percent_covered": 50.0, "percent_covered_display": "50", "missing_lines": 11, "excluded_lines": 0}, "missing_lines": [391, 392, 393, 397, 400, 404, 407, 410, 415, 418, 421], "excluded_lines": []}, "SettingsManager.__new__": {"executed_lines": [431, 432, 433], "summary": {"covered_lines": 3, "num_statements": 3, "percent_covered": 100.0, "percent_covered_display": "100", "missing_lines": 0, "excluded_lines": 0}, "missing_lines": [], "excluded_lines": []}, "SettingsManager.get_settings": {"executed_lines": [448, 449, 450, 451, 452, 453, 454, 456], "summary": {"covered_lines": 8, "num_statements": 8, "percent_covered": 100.0, "percent_covered_display": "100", "missing_lines": 0, "excluded_lines": 0}, "missing_lines": [], "excluded_lines": []}, "get_settings": {"executed_lines": [476], "summary": {"covered_lines": 1, "num_statements": 1, "percent_covered": 100.0, "percent_covered_display": "100", "missing_lines": 0, "excluded_lines": 0}, "missing_lines": [], "excluded_lines": []}, "validate_settings_on_startup": {"executed_lines": [492, 493, 494, 495, 496, 497, 498, 501, 505, 509, 511, 513, 515, 516, 520, 524], "summary": {"covered_lines": 16, "num_statements": 21, "percent_covered": 76.19047619047619, "percent_covered_display": "76", "missing_lines": 5, "excluded_lines": 0}, "missing_lines": [502, 503, 525, 526, 527], "excluded_lines": []}, "": {"executed_lines": [1, 22, 23, 24, 25, 26, 28, 29, 30, 32, 33, 38, 39, 46, 52, 60, 66, 71, 78, 85, 93, 99, 104, 110, 116, 123, 129, 136, 143, 148, 155, 156, 157, 164, 165, 166, 238, 239, 240, 291, 292, 293, 345, 346, 350, 351, 355, 356, 368, 378, 424, 425, 427, 428, 430, 435, 460, 463, 479], "summary": {"covered_lines": 56, "num_statements": 58, "percent_covered": 96.55172413793103, "percent_covered_display": "97", "missing_lines": 2, "excluded_lines": 0}, "missing_lines": [34, 35], "excluded_lines": []}}, "classes": {"Settings": {"executed_lines": [159, 160, 161, 162, 168, 169, 242, 245, 246, 247, 248, 251, 252, 255, 263, 264, 269, 270, 280, 282, 284, 289, 295, 296, 298, 301, 302, 305, 314, 317, 318, 319, 321, 322, 323, 324, 325, 327, 329, 330, 331, 335, 336, 338, 340, 343, 348, 353, 358, 371, 372, 374, 376, 385, 388, 389, 390, 396, 399, 403, 406, 409, 414, 417], "summary": {"covered_lines": 64, "num_statements": 108, "percent_covered": 59.25925925925926, "percent_covered_display": "59", "missing_lines": 44, "excluded_lines": 0}, "missing_lines": [172, 183, 185, 186, 189, 190, 192, 194, 195, 198, 199, 201, 203, 204, 207, 208, 211, 212, 214, 216, 217, 220, 221, 225, 226, 229, 236, 271, 277, 287, 320, 339, 341, 391, 392, 393, 397, 400, 404, 407, 410, 415, 418, 421], "excluded_lines": []}, "SettingsManager": {"executed_lines": [431, 432, 433, 448, 449, 450, 451, 452, 453, 454, 456], "summary": {"covered_lines": 11, "num_statements": 11, "percent_covered": 100.0, "percent_covered_display": "100", "missing_lines": 0, "excluded_lines": 0}, "missing_lines": [], "excluded_lines": []}, "": {"executed_lines": [1, 22, 23, 24, 25, 26, 28, 29, 30, 32, 33, 38, 39, 46, 52, 60, 66, 71, 78, 85, 93, 99, 104, 110, 116, 123, 129, 136, 143, 148, 155, 156, 157, 164, 165, 166, 238, 239, 240, 291, 292, 293, 345, 346, 350, 351, 355, 356, 368, 378, 424, 425, 427, 428, 430, 435, 460, 463, 476, 479, 492, 493, 494, 495, 496, 497, 498, 501, 505, 509, 511, 513, 515, 516, 520, 524], "summary": {"covered_lines": 73, "num_statements": 80, "percent_covered": 91.25, "percent_covered_display": "91", "missing_lines": 7, "excluded_lines": 0}, "missing_lines": [34, 35, 502, 503, 525, 526, 527], "excluded_lines": []}}}, "src/finos_mcp/content/__init__.py": {"executed_lines": [1, 10, 12, 15, 16], "summary": {"covered_lines": 4, "num_statements": 6, "percent_covered": 66.66666666666667, "percent_covered_display": "67", "missing_lines": 2, "excluded_lines": 0}, "missing_lines": [17, 18], "excluded_lines": [], "functions": {"": {"executed_lines": [1, 10, 12, 15, 16], "summary": {"covered_lines": 4, "num_statements": 6, "percent_covered": 66.66666666666667, "percent_covered_display": "67", "missing_lines": 2, "excluded_lines": 0}, "missing_lines": [17, 18], "excluded_lines": []}}, "classes": {"": {"executed_lines": [1, 10, 12, 15, 16], "summary": {"covered_lines": 4, "num_statements": 6, "percent_covered": 66.66666666666667, "percent_covered_display": "67", "missing_lines": 2, "excluded_lines": 0}, "missing_lines": [17, 18], "excluded_lines": []}}}, "src/finos_mcp/content/cache.py": {"executed_lines": [1, 25, 26, 27, 28, 29, 30, 31, 32, 33, 34, 35, 37, 38, 39, 46, 49, 50, 52, 53, 56, 57, 59, 60, 61, 62, 63, 64, 65, 68, 69, 70, 82, 83, 84, 85, 86, 87, 89, 91, 92, 94, 97, 99, 101, 104, 105, 107, 109, 112, 114, 116, 119, 122, 125, 126, 127, 129, 130, 131, 132, 133, 134, 135, 136, 137, 138, 139, 141, 143, 144, 146, 148, 149, 164, 165, 167, 168, 172, 173, 177, 178, 182, 183, 187, 188, 192, 193, 197, 198, 202, 203, 208, 209, 221, 240, 241, 242, 243, 246, 247, 250, 253, 254, 255, 256, 258, 260, 261, 262, 263, 264, 265, 270, 275, 278, 279, 281, 283, 285, 286, 287, 289, 290, 291, 292, 305, 306, 307, 311, 318, 320, 323, 329, 332, 339, 340, 343, 344, 346, 347, 353, 358, 366, 368, 369, 371, 374, 375, 376, 380, 382, 388, 390, 392, 402, 403, 405, 408, 410, 411, 412, 417, 422, 429, 433, 435, 436, 438, 444, 447, 448, 455, 456, 458, 466, 469, 470, 478, 480, 486, 488, 489, 493, 495, 496, 497, 498, 500, 501, 502, 504, 505, 506, 507, 514, 515, 518, 522, 523, 524, 525, 526, 527, 528, 529, 530, 531, 532, 533, 534, 535, 538, 539, 543, 550, 552, 559, 566, 568, 570, 572, 573, 574, 575, 577, 578, 580, 593, 603, 605, 609, 610, 612, 614, 616, 618, 620, 622, 623, 625, 626, 627, 630, 631, 632, 633, 634, 635, 638, 639, 641, 642, 644, 646, 649, 650, 653, 654, 655, 658, 660, 662, 672, 673, 674, 677, 678, 681, 683, 685, 687, 688, 689, 690, 691, 692, 694, 696, 697, 698, 700, 702, 704, 705, 706, 707, 710, 711, 712, 713, 715, 717, 719, 720, 722, 724, 726, 729, 731, 745, 747, 748, 750, 751, 752, 753, 756, 757, 758, 760, 761, 763, 765, 767, 769, 770, 771, 772, 774, 786, 788, 789, 790, 791, 792, 793, 795, 796, 799, 800, 802, 803, 804, 806, 807, 808, 809, 810, 812, 819, 820, 822, 823, 826, 827, 829, 837, 844, 845, 850, 852, 854, 855, 856, 857, 861, 864, 871, 874, 876], "summary": {"covered_lines": 354, "num_statements": 409, "percent_covered": 86.55256723716381, "percent_covered_display": "87", "missing_lines": 55, "excluded_lines": 0}, "missing_lines": [95, 102, 110, 117, 120, 170, 175, 180, 185, 190, 195, 200, 205, 268, 296, 303, 308, 309, 333, 356, 384, 385, 386, 397, 426, 430, 439, 449, 459, 461, 462, 475, 491, 499, 503, 516, 553, 560, 582, 583, 584, 586, 588, 589, 590, 591, 595, 596, 597, 598, 599, 601, 606, 846, 848], "excluded_lines": [], "functions": {"CacheEntry.is_expired": {"executed_lines": [91, 92, 94, 97], "summary": {"covered_lines": 4, "num_statements": 5, "percent_covered": 80.0, "percent_covered_display": "80", "missing_lines": 1, "excluded_lines": 0}, "missing_lines": [95], "excluded_lines": []}, "CacheEntry.touch": {"executed_lines": [101, 104, 105], "summary": {"covered_lines": 3, "num_statements": 4, "percent_covered": 75.0, "percent_covered_display": "75", "missing_lines": 1, "excluded_lines": 0}, "missing_lines": [102], "excluded_lines": []}, "CacheEntry.age_seconds": {"executed_lines": [109, 112], "summary": {"covered_lines": 2, "num_statements": 3, "percent_covered": 66.66666666666667, "percent_covered_display": "67", "missing_lines": 1, "excluded_lines": 0}, "missing_lines": [110], "excluded_lines": []}, "CacheEntry.time_to_expiry": {"executed_lines": [116, 119, 122], "summary": {"covered_lines": 3, "num_statements": 5, "percent_covered": 60.0, "percent_covered_display": "60", "missing_lines": 2, "excluded_lines": 0}, "missing_lines": [117, 120], "excluded_lines": []}, "CacheStats.update_hit_rate": {"executed_lines": [143, 144], "summary": {"covered_lines": 2, "num_statements": 2, "percent_covered": 100.0, "percent_covered_display": "100", "missing_lines": 0, "excluded_lines": 0}, "missing_lines": [], "excluded_lines": []}, "CacheStats.to_dict": {"executed_lines": [148, 149], "summary": {"covered_lines": 2, "num_statements": 2, "percent_covered": 100.0, "percent_covered_display": "100", "missing_lines": 0, "excluded_lines": 0}, "missing_lines": [], "excluded_lines": []}, "CacheInterface.get": {"executed_lines": [], "summary": {"covered_lines": 0, "num_statements": 1, "percent_covered": 0.0, "percent_covered_display": "0", "missing_lines": 1, "excluded_lines": 0}, "missing_lines": [170], "excluded_lines": []}, "CacheInterface.set": {"executed_lines": [], "summary": {"covered_lines": 0, "num_statements": 1, "percent_covered": 0.0, "percent_covered_display": "0", "missing_lines": 1, "excluded_lines": 0}, "missing_lines": [175], "excluded_lines": []}, "CacheInterface.delete": {"executed_lines": [], "summary": {"covered_lines": 0, "num_statements": 1, "percent_covered": 0.0, "percent_covered_display": "0", "missing_lines": 1, "excluded_lines": 0}, "missing_lines": [180], "excluded_lines": []}, "CacheInterface.clear": {"executed_lines": [], "summary": {"covered_lines": 0, "num_statements": 1, "percent_covered": 0.0, "percent_covered_display": "0", "missing_lines": 1, "excluded_lines": 0}, "missing_lines": [185], "excluded_lines": []}, "CacheInterface.exists": {"executed_lines": [], "summary": {"covered_lines": 0, "num_statements": 1, "percent_covered": 0.0, "percent_covered_display": "0", "missing_lines": 1, "excluded_lines": 0}, "missing_lines": [190], "excluded_lines": []}, "CacheInterface.size": {"executed_lines": [], "summary": {"covered_lines": 0, "num_statements": 1, "percent_covered": 0.0, "percent_covered_display": "0", "missing_lines": 1, "excluded_lines": 0}, "missing_lines": [195], "excluded_lines": []}, "CacheInterface.get_stats": {"executed_lines": [], "summary": {"covered_lines": 0, "num_statements": 1, "percent_covered": 0.0, "percent_covered_display": "0", "missing_lines": 1, "excluded_lines": 0}, "missing_lines": [200], "excluded_lines": []}, "CacheInterface.cleanup_expired": {"executed_lines": [], "summary": {"covered_lines": 0, "num_statements": 1, "percent_covered": 0.0, "percent_covered_display": "0", "missing_lines": 1, "excluded_lines": 0}, "missing_lines": [205], "excluded_lines": []}, "TTLCache.__init__": {"executed_lines": [240, 241, 242, 243, 246, 247, 250, 253, 254, 255, 256], "summary": {"covered_lines": 11, "num_statements": 11, "percent_covered": 100.0, "percent_covered_display": "100", "missing_lines": 0, "excluded_lines": 0}, "missing_lines": [], "excluded_lines": []}, "TTLCache._start_cleanup_task": {"executed_lines": [260, 261, 262, 263, 264, 265], "summary": {"covered_lines": 6, "num_statements": 7, "percent_covered": 85.71428571428571, "percent_covered_display": "86", "missing_lines": 1, "excluded_lines": 0}, "missing_lines": [268], "excluded_lines": []}, "TTLCache.start": {"executed_lines": [275, 278, 279], "summary": {"covered_lines": 3, "num_statements": 3, "percent_covered": 100.0, "percent_covered_display": "100", "missing_lines": 0, "excluded_lines": 0}, "missing_lines": [], "excluded_lines": []}, "TTLCache._background_cleanup": {"executed_lines": [283, 285, 286, 287, 289, 290, 291, 292, 305, 306, 307], "summary": {"covered_lines": 11, "num_statements": 15, "percent_covered": 73.33333333333333, "percent_covered_display": "73", "missing_lines": 4, "excluded_lines": 0}, "missing_lines": [296, 303, 308, 309], "excluded_lines": []}, "TTLCache._compress_value": {"executed_lines": [318, 320, 323, 329, 332, 339, 340, 343, 344, 346, 347, 353, 358, 366, 368, 369, 371, 374, 375, 376], "summary": {"covered_lines": 20, "num_statements": 22, "percent_covered": 90.9090909090909, "percent_covered_display": "91", "missing_lines": 2, "excluded_lines": 0}, "missing_lines": [333, 356], "excluded_lines": []}, "TTLCache._decompress_value": {"executed_lines": [382, 388, 390, 392, 402, 403, 405, 408, 410, 411, 412, 417, 422, 429, 433, 435, 436, 438, 444, 447, 448, 455, 456, 458, 466, 469, 470, 478, 480, 486, 488, 489], "summary": {"covered_lines": 32, "num_statements": 45, "percent_covered": 71.11111111111111, "percent_covered_display": "71", "missing_lines": 13, "excluded_lines": 0}, "missing_lines": [384, 385, 386, 397, 426, 430, 439, 449, 459, 461, 462, 475, 491], "excluded_lines": []}, "TTLCache._estimate_uncompressed_size": {"executed_lines": [495, 496, 497, 498, 500, 501, 502, 504, 505, 506, 507, 514, 515], "summary": {"covered_lines": 13, "num_statements": 16, "percent_covered": 81.25, "percent_covered_display": "81", "missing_lines": 3, "excluded_lines": 0}, "missing_lines": [499, 503, 516], "excluded_lines": []}, "TTLCache._record_operation": {"executed_lines": [522, 523, 524, 525, 526, 527, 528, 529, 530, 531, 532, 533, 534, 535, 538, 539], "summary": {"covered_lines": 16, "num_statements": 16, "percent_covered": 100.0, "percent_covered_display": "100", "missing_lines": 0, "excluded_lines": 0}, "missing_lines": [], "excluded_lines": []}, "TTLCache._get_cache_security_key": {"executed_lines": [550, 552, 559, 566], "summary": {"covered_lines": 4, "num_statements": 6, "percent_covered": 66.66666666666667, "percent_covered_display": "67", "missing_lines": 2, "excluded_lines": 0}, "missing_lines": [553, 560], "excluded_lines": []}, "TTLCache._fallback_json_serialize": {"executed_lines": [570, 572, 573, 574, 575, 577, 578], "summary": {"covered_lines": 7, "num_statements": 7, "percent_covered": 100.0, "percent_covered_display": "100", "missing_lines": 0, "excluded_lines": 0}, "missing_lines": [], "excluded_lines": []}, "TTLCache._fallback_json_deserialize": {"executed_lines": [], "summary": {"covered_lines": 0, "num_statements": 8, "percent_covered": 0.0, "percent_covered_display": "0", "missing_lines": 8, "excluded_lines": 0}, "missing_lines": [582, 583, 584, 586, 588, 589, 590, 591], "excluded_lines": []}, "TTLCache._secure_deserialize_json": {"executed_lines": [], "summary": {"covered_lines": 0, "num_statements": 6, "percent_covered": 0.0, "percent_covered_display": "0", "missing_lines": 6, "excluded_lines": 0}, "missing_lines": [595, 596, 597, 598, 599, 601], "excluded_lines": []}, "TTLCache._evict_lru": {"executed_lines": [605, 609, 610, 612], "summary": {"covered_lines": 4, "num_statements": 5, "percent_covered": 80.0, "percent_covered_display": "80", "missing_lines": 1, "excluded_lines": 0}, "missing_lines": [606], "excluded_lines": []}, "TTLCache._move_to_end": {"executed_lines": [616], "summary": {"covered_lines": 1, "num_statements": 1, "percent_covered": 100.0, "percent_covered_display": "100", "missing_lines": 0, "excluded_lines": 0}, "missing_lines": [], "excluded_lines": []}, "TTLCache.get": {"executed_lines": [620, 622, 623, 625, 626, 627, 630, 631, 632, 633, 634, 635, 638, 639, 641, 642], "summary": {"covered_lines": 16, "num_statements": 16, "percent_covered": 100.0, "percent_covered_display": "100", "missing_lines": 0, "excluded_lines": 0}, "missing_lines": [], "excluded_lines": []}, "TTLCache.set": {"executed_lines": [646, 649, 650, 653, 654, 655, 658, 660, 662, 672, 673, 674, 677, 678, 681, 683], "summary": {"covered_lines": 16, "num_statements": 16, "percent_covered": 100.0, "percent_covered_display": "100", "missing_lines": 0, "excluded_lines": 0}, "missing_lines": [], "excluded_lines": []}, "TTLCache.delete": {"executed_lines": [687, 688, 689, 690, 691, 692], "summary": {"covered_lines": 6, "num_statements": 6, "percent_covered": 100.0, "percent_covered_display": "100", "missing_lines": 0, "excluded_lines": 0}, "missing_lines": [], "excluded_lines": []}, "TTLCache.clear": {"executed_lines": [696, 697, 698], "summary": {"covered_lines": 3, "num_statements": 3, "percent_covered": 100.0, "percent_covered_display": "100", "missing_lines": 0, "excluded_lines": 0}, "missing_lines": [], "excluded_lines": []}, "TTLCache.exists": {"executed_lines": [702, 704, 705, 706, 707, 710, 711, 712, 713, 715], "summary": {"covered_lines": 10, "num_statements": 10, "percent_covered": 100.0, "percent_covered_display": "100", "missing_lines": 0, "excluded_lines": 0}, "missing_lines": [], "excluded_lines": []}, "TTLCache.size": {"executed_lines": [719, 720], "summary": {"covered_lines": 2, "num_statements": 2, "percent_covered": 100.0, "percent_covered_display": "100", "missing_lines": 0, "excluded_lines": 0}, "missing_lines": [], "excluded_lines": []}, "TTLCache.get_stats": {"executed_lines": [724, 726, 729, 731], "summary": {"covered_lines": 4, "num_statements": 4, "percent_covered": 100.0, "percent_covered_display": "100", "missing_lines": 0, "excluded_lines": 0}, "missing_lines": [], "excluded_lines": []}, "TTLCache.cleanup_expired": {"executed_lines": [747, 748, 750, 751, 752, 753, 756, 757, 758, 760, 761, 763], "summary": {"covered_lines": 12, "num_statements": 12, "percent_covered": 100.0, "percent_covered_display": "100", "missing_lines": 0, "excluded_lines": 0}, "missing_lines": [], "excluded_lines": []}, "TTLCache.get_entry_info": {"executed_lines": [767, 769, 770, 771, 772, 774], "summary": {"covered_lines": 6, "num_statements": 6, "percent_covered": 100.0, "percent_covered_display": "100", "missing_lines": 0, "excluded_lines": 0}, "missing_lines": [], "excluded_lines": []}, "TTLCache.close": {"executed_lines": [788, 789, 790, 791, 792, 793, 795, 796], "summary": {"covered_lines": 8, "num_statements": 8, "percent_covered": 100.0, "percent_covered_display": "100", "missing_lines": 0, "excluded_lines": 0}, "missing_lines": [], "excluded_lines": []}, "CacheManager.__new__": {"executed_lines": [807, 808, 809, 810], "summary": {"covered_lines": 4, "num_statements": 4, "percent_covered": 100.0, "percent_covered_display": "100", "missing_lines": 0, "excluded_lines": 0}, "missing_lines": [], "excluded_lines": []}, "CacheManager.get_cache": {"executed_lines": [819, 820, 822, 823, 826, 827, 829, 837, 844, 845, 850], "summary": {"covered_lines": 11, "num_statements": 13, "percent_covered": 84.61538461538461, "percent_covered_display": "85", "missing_lines": 2, "excluded_lines": 0}, "missing_lines": [846, 848], "excluded_lines": []}, "CacheManager.close_cache": {"executed_lines": [854, 855, 856, 857], "summary": {"covered_lines": 4, "num_statements": 4, "percent_covered": 100.0, "percent_covered_display": "100", "missing_lines": 0, "excluded_lines": 0}, "missing_lines": [], "excluded_lines": []}, "get_cache": {"executed_lines": [871], "summary": {"covered_lines": 1, "num_statements": 1, "percent_covered": 100.0, "percent_covered_display": "100", "missing_lines": 0, "excluded_lines": 0}, "missing_lines": [], "excluded_lines": []}, "close_cache": {"executed_lines": [876], "summary": {"covered_lines": 1, "num_statements": 1, "percent_covered": 100.0, "percent_covered_display": "100", "missing_lines": 0, "excluded_lines": 0}, "missing_lines": [], "excluded_lines": []}, "": {"executed_lines": [1, 25, 26, 27, 28, 29, 30, 31, 32, 33, 34, 35, 37, 38, 39, 46, 49, 50, 52, 53, 56, 57, 59, 60, 61, 62, 63, 64, 65, 68, 69, 70, 82, 83, 84, 85, 86, 87, 89, 99, 107, 114, 125, 126, 127, 129, 130, 131, 132, 133, 134, 135, 136, 137, 138, 139, 141, 146, 164, 165, 167, 168, 172, 173, 177, 178, 182, 183, 187, 188, 192, 193, 197, 198, 202, 203, 208, 209, 221, 258, 270, 281, 311, 380, 493, 518, 543, 568, 580, 593, 603, 614, 618, 644, 685, 694, 700, 717, 722, 745, 765, 786, 799, 800, 802, 803, 804, 806, 812, 852, 861, 864, 874], "summary": {"covered_lines": 106, "num_statements": 106, "percent_covered": 100.0, "percent_covered_display": "100", "missing_lines": 0, "excluded_lines": 0}, "missing_lines": [], "excluded_lines": []}}, "classes": {"CacheOperation": {"executed_lines": [], "summary": {"covered_lines": 0, "num_statements": 0, "percent_covered": 100.0, "percent_covered_display": "100", "missing_lines": 0, "excluded_lines": 0}, "missing_lines": [], "excluded_lines": []}, "CacheEntry": {"executed_lines": [91, 92, 94, 97, 101, 104, 105, 109, 112, 116, 119, 122], "summary": {"covered_lines": 12, "num_statements": 17, "percent_covered": 70.58823529411765, "percent_covered_display": "71", "missing_lines": 5, "excluded_lines": 0}, "missing_lines": [95, 102, 110, 117, 120], "excluded_lines": []}, "CacheStats": {"executed_lines": [143, 144, 148, 149], "summary": {"covered_lines": 4, "num_statements": 4, "percent_covered": 100.0, "percent_covered_display": "100", "missing_lines": 0, "excluded_lines": 0}, "missing_lines": [], "excluded_lines": []}, "CacheInterface": {"executed_lines": [], "summary": {"covered_lines": 0, "num_statements": 8, "percent_covered": 0.0, "percent_covered_display": "0", "missing_lines": 8, "excluded_lines": 0}, "missing_lines": [170, 175, 180, 185, 190, 195, 200, 205], "excluded_lines": []}, "TTLCache": {"executed_lines": [240, 241, 242, 243, 246, 247, 250, 253, 254, 255, 256, 260, 261, 262, 263, 264, 265, 275, 278, 279, 283, 285, 286, 287, 289, 290, 291, 292, 305, 306, 307, 318, 320, 323, 329, 332, 339, 340, 343, 344, 346, 347, 353, 358, 366, 368, 369, 371, 374, 375, 376, 382, 388, 390, 392, 402, 403, 405, 408, 410, 411, 412, 417, 422, 429, 433, 435, 436, 438, 444, 447, 448, 455, 456, 458, 466, 469, 470, 478, 480, 486, 488, 489, 495, 496, 497, 498, 500, 501, 502, 504, 505, 506, 507, 514, 515, 522, 523, 524, 525, 526, 527, 528, 529, 530, 531, 532, 533, 534, 535, 538, 539, 550, 552, 559, 566, 570, 572, 573, 574, 575, 577, 578, 605, 609, 610, 612, 616, 620, 622, 623, 625, 626, 627, 630, 631, 632, 633, 634, 635, 638, 639, 641, 642, 646, 649, 650, 653, 654, 655, 658, 660, 662, 672, 673, 674, 677, 678, 681, 683, 687, 688, 689, 690, 691, 692, 696, 697, 698, 702, 704, 705, 706, 707, 710, 711, 712, 713, 715, 719, 720, 724, 726, 729, 731, 747, 748, 750, 751, 752, 753, 756, 757, 758, 760, 761, 763, 767, 769, 770, 771, 772, 774, 788, 789, 790, 791, 792, 793, 795, 796], "summary": {"covered_lines": 211, "num_statements": 251, "percent_covered": 84.06374501992032, "percent_covered_display": "84", "missing_lines": 40, "excluded_lines": 0}, "missing_lines": [268, 296, 303, 308, 309, 333, 356, 384, 385, 386, 397, 426, 430, 439, 449, 459, 461, 462, 475, 491, 499, 503, 516, 553, 560, 582, 583, 584, 586, 588, 589, 590, 591, 595, 596, 597, 598, 599, 601, 606], "excluded_lines": []}, "CacheManager": {"executed_lines": [807, 808, 809, 810, 819, 820, 822, 823, 826, 827, 829, 837, 844, 845, 850, 854, 855, 856, 857], "summary": {"covered_lines": 19, "num_statements": 21, "percent_covered": 90.47619047619048, "percent_covered_display": "90", "missing_lines": 2, "excluded_lines": 0}, "missing_lines": [846, 848], "excluded_lines": []}, "": {"executed_lines": [1, 25, 26, 27, 28, 29, 30, 31, 32, 33, 34, 35, 37, 38, 39, 46, 49, 50, 52, 53, 56, 57, 59, 60, 61, 62, 63, 64, 65, 68, 69, 70, 82, 83, 84, 85, 86, 87, 89, 99, 107, 114, 125, 126, 127, 129, 130, 131, 132, 133, 134, 135, 136, 137, 138, 139, 141, 146, 164, 165, 167, 168, 172, 173, 177, 178, 182, 183, 187, 188, 192, 193, 197, 198, 202, 203, 208, 209, 221, 258, 270, 281, 311, 380, 493, 518, 543, 568, 580, 593, 603, 614, 618, 644, 685, 694, 700, 717, 722, 745, 765, 786, 799, 800, 802, 803, 804, 806, 812, 852, 861, 864, 871, 874, 876], "summary": {"covered_lines": 108, "num_statements": 108, "percent_covered": 100.0, "percent_covered_display": "100", "missing_lines": 0, "excluded_lines": 0}, "missing_lines": [], "excluded_lines": []}}}, "src/finos_mcp/content/cache_models.py": {"executed_lines": [1, 8, 9, 10, 11, 12, 13, 15, 18, 19, 21, 22, 23, 24, 25, 26, 27, 30, 31, 33, 34, 35, 36, 37, 39, 40, 42, 43, 44, 45, 47, 48, 50, 52, 55, 56, 58, 59, 62, 63, 64, 66, 67, 69, 73, 76, 79, 81, 82, 85, 86, 91, 94, 96, 97, 101, 102, 105, 107, 108, 110, 111, 113, 115, 117, 118, 119, 123, 125, 128, 129, 132, 133, 135, 138, 139, 141, 144, 146, 147, 148, 149, 150, 151, 152, 153, 154, 155, 156, 157, 158, 159, 161, 164, 173, 175, 178, 181, 182, 185, 188, 202, 203, 206, 209, 211, 213, 216, 219, 223, 225, 227, 228, 232, 233, 235, 236, 239, 240, 244, 245], "summary": {"covered_lines": 114, "num_statements": 135, "percent_covered": 84.44444444444444, "percent_covered_display": "84", "missing_lines": 21, "excluded_lines": 0}, "missing_lines": [51, 70, 74, 77, 87, 88, 92, 98, 103, 112, 126, 166, 167, 168, 169, 170, 220, 226, 247, 248, 249], "excluded_lines": [], "functions": {"CacheEntryMetadata.validate_data_size": {"executed_lines": [42, 43, 44, 45], "summary": {"covered_lines": 4, "num_statements": 4, "percent_covered": 100.0, "percent_covered_display": "100", "missing_lines": 0, "excluded_lines": 0}, "missing_lines": [], "excluded_lines": []}, "CacheEntryMetadata.validate_integrity_hash": {"executed_lines": [50, 52], "summary": {"covered_lines": 2, "num_statements": 3, "percent_covered": 66.66666666666667, "percent_covered_display": "67", "missing_lines": 1, "excluded_lines": 0}, "missing_lines": [51], "excluded_lines": []}, "SecureCacheEntry.validate_key_format": {"executed_lines": [69, 73, 76, 79], "summary": {"covered_lines": 4, "num_statements": 7, "percent_covered": 57.142857142857146, "percent_covered_display": "57", "missing_lines": 3, "excluded_lines": 0}, "missing_lines": [70, 74, 77], "excluded_lines": []}, "SecureCacheEntry.validate_data_security": {"executed_lines": [85, 86, 91, 94, 96, 97, 101, 102, 105], "summary": {"covered_lines": 9, "num_statements": 14, "percent_covered": 64.28571428571429, "percent_covered_display": "64", "missing_lines": 5, "excluded_lines": 0}, "missing_lines": [87, 88, 92, 98, 103], "excluded_lines": []}, "SecureCacheEntry.validate_ttl_range": {"executed_lines": [110, 111, 113], "summary": {"covered_lines": 3, "num_statements": 4, "percent_covered": 75.0, "percent_covered_display": "75", "missing_lines": 1, "excluded_lines": 0}, "missing_lines": [112], "excluded_lines": []}, "SecureCacheEntry.calculate_integrity_hash": {"executed_lines": [117, 118, 119], "summary": {"covered_lines": 3, "num_statements": 3, "percent_covered": 100.0, "percent_covered_display": "100", "missing_lines": 0, "excluded_lines": 0}, "missing_lines": [], "excluded_lines": []}, "SecureCacheEntry.verify_integrity": {"executed_lines": [125, 128, 129], "summary": {"covered_lines": 3, "num_statements": 4, "percent_covered": 75.0, "percent_covered_display": "75", "missing_lines": 1, "excluded_lines": 0}, "missing_lines": [126], "excluded_lines": []}, "determine_data_type": {"executed_lines": [146, 147, 148, 149, 150, 151, 152, 153, 154, 155, 156, 157, 158, 159, 161], "summary": {"covered_lines": 15, "num_statements": 15, "percent_covered": 100.0, "percent_covered_display": "100", "missing_lines": 0, "excluded_lines": 0}, "missing_lines": [], "excluded_lines": []}, "validate_json_serializable": {"executed_lines": [], "summary": {"covered_lines": 0, "num_statements": 5, "percent_covered": 0.0, "percent_covered_display": "0", "missing_lines": 5, "excluded_lines": 0}, "missing_lines": [166, 167, 168, 169, 170], "excluded_lines": []}, "secure_cache_serializer": {"executed_lines": [175, 178, 181, 182, 185, 188, 202, 203, 206], "summary": {"covered_lines": 9, "num_statements": 9, "percent_covered": 100.0, "percent_covered_display": "100", "missing_lines": 0, "excluded_lines": 0}, "missing_lines": [], "excluded_lines": []}, "secure_cache_deserializer": {"executed_lines": [211, 213, 216, 219, 223, 225, 227, 228], "summary": {"covered_lines": 8, "num_statements": 10, "percent_covered": 80.0, "percent_covered_display": "80", "missing_lines": 2, "excluded_lines": 0}, "missing_lines": [220, 226], "excluded_lines": []}, "CacheSecurityConfig.validate_secret_key": {"executed_lines": [], "summary": {"covered_lines": 0, "num_statements": 3, "percent_covered": 0.0, "percent_covered_display": "0", "missing_lines": 3, "excluded_lines": 0}, "missing_lines": [247, 248, 249], "excluded_lines": []}, "": {"executed_lines": [1, 8, 9, 10, 11, 12, 13, 15, 18, 19, 21, 22, 23, 24, 25, 26, 27, 30, 31, 33, 34, 35, 36, 37, 39, 40, 47, 48, 55, 56, 58, 59, 62, 63, 64, 66, 67, 81, 82, 107, 108, 115, 123, 132, 133, 135, 138, 139, 141, 144, 164, 173, 209, 232, 233, 235, 236, 239, 240, 244, 245], "summary": {"covered_lines": 54, "num_statements": 54, "percent_covered": 100.0, "percent_covered_display": "100", "missing_lines": 0, "excluded_lines": 0}, "missing_lines": [], "excluded_lines": []}}, "classes": {"CacheDataType": {"executed_lines": [], "summary": {"covered_lines": 0, "num_statements": 0, "percent_covered": 100.0, "percent_covered_display": "100", "missing_lines": 0, "excluded_lines": 0}, "missing_lines": [], "excluded_lines": []}, "CacheEntryMetadata": {"executed_lines": [42, 43, 44, 45, 50, 52], "summary": {"covered_lines": 6, "num_statements": 7, "percent_covered": 85.71428571428571, "percent_covered_display": "86", "missing_lines": 1, "excluded_lines": 0}, "missing_lines": [51], "excluded_lines": []}, "SecureCacheEntry": {"executed_lines": [69, 73, 76, 79, 85, 86, 91, 94, 96, 97, 101, 102, 105, 110, 111, 113, 117, 118, 119, 125, 128, 129], "summary": {"covered_lines": 22, "num_statements": 32, "percent_covered": 68.75, "percent_covered_display": "69", "missing_lines": 10, "excluded_lines": 0}, "missing_lines": [70, 74, 77, 87, 88, 92, 98, 103, 112, 126], "excluded_lines": []}, "CacheValidationError": {"executed_lines": [], "summary": {"covered_lines": 0, "num_statements": 0, "percent_covered": 100.0, "percent_covered_display": "100", "missing_lines": 0, "excluded_lines": 0}, "missing_lines": [], "excluded_lines": []}, "CacheSecurityError": {"executed_lines": [], "summary": {"covered_lines": 0, "num_statements": 0, "percent_covered": 100.0, "percent_covered_display": "100", "missing_lines": 0, "excluded_lines": 0}, "missing_lines": [], "excluded_lines": []}, "CacheSecurityConfig": {"executed_lines": [], "summary": {"covered_lines": 0, "num_statements": 3, "percent_covered": 0.0, "percent_covered_display": "0", "missing_lines": 3, "excluded_lines": 0}, "missing_lines": [247, 248, 249], "excluded_lines": []}, "": {"executed_lines": [1, 8, 9, 10, 11, 12, 13, 15, 18, 19, 21, 22, 23, 24, 25, 26, 27, 30, 31, 33, 34, 35, 36, 37, 39, 40, 47, 48, 55, 56, 58, 59, 62, 63, 64, 66, 67, 81, 82, 107, 108, 115, 123, 132, 133, 135, 138, 139, 141, 144, 146, 147, 148, 149, 150, 151, 152, 153, 154, 155, 156, 157, 158, 159, 161, 164, 173, 175, 178, 181, 182, 185, 188, 202, 203, 206, 209, 211, 213, 216, 219, 223, 225, 227, 228, 232, 233, 235, 236, 239, 240, 244, 245], "summary": {"covered_lines": 86, "num_statements": 93, "percent_covered": 92.47311827956989, "percent_covered_display": "92", "missing_lines": 7, "excluded_lines": 0}, "missing_lines": [166, 167, 168, 169, 170, 220, 226], "excluded_lines": []}}}, "src/finos_mcp/content/discovery.py": {"executed_lines": [1, 7, 8, 9, 10, 11, 12, 14, 16, 17, 18, 22, 25, 45, 66, 67, 68, 70, 71, 72, 73, 74, 75, 78, 79, 80, 82, 83, 84, 85, 86, 89, 90, 92, 93, 94, 95, 98, 99, 100, 101, 104, 106, 108, 110, 111, 128, 129, 131, 132, 141, 159, 162, 163, 165, 166, 168, 173, 179, 184, 185, 188, 190, 199, 237, 241, 243, 245, 250, 255, 258, 260, 261, 262, 263, 274, 275, 277, 279, 281, 282, 285, 286, 289, 290, 291, 315, 317, 319, 321, 356, 357, 362, 401, 402, 404, 405, 407, 408, 409, 410, 412, 414, 415, 416, 420, 423, 425, 428, 430, 431, 433, 434, 437, 438, 439, 443], "summary": {"covered_lines": 112, "num_statements": 149, "percent_covered": 75.16778523489933, "percent_covered_display": "75", "missing_lines": 37, "excluded_lines": 0}, "missing_lines": [112, 125, 143, 151, 157, 174, 177, 180, 181, 208, 217, 218, 219, 220, 221, 231, 235, 251, 252, 283, 294, 297, 301, 309, 310, 312, 313, 359, 360, 364, 375, 386, 394, 445, 455, 456, 457], "excluded_lines": [], "functions": {"GitHubDiscoveryService.__init__": {"executed_lines": [93, 94, 95, 98, 99, 100, 101, 104], "summary": {"covered_lines": 8, "num_statements": 8, "percent_covered": 100.0, "percent_covered_display": "100", "missing_lines": 0, "excluded_lines": 0}, "missing_lines": [], "excluded_lines": []}, "GitHubDiscoveryService.discover_content": {"executed_lines": [108, 110, 111, 128, 129, 131, 132, 141], "summary": {"covered_lines": 8, "num_statements": 13, "percent_covered": 61.53846153846154, "percent_covered_display": "62", "missing_lines": 5, "excluded_lines": 0}, "missing_lines": [112, 125, 143, 151, 157], "excluded_lines": []}, "GitHubDiscoveryService._fetch_from_github": {"executed_lines": [162, 163, 165, 166, 168, 173, 179, 184, 185, 188, 190, 199], "summary": {"covered_lines": 12, "num_statements": 24, "percent_covered": 50.0, "percent_covered_display": "50", "missing_lines": 12, "excluded_lines": 0}, "missing_lines": [174, 177, 180, 181, 208, 217, 218, 219, 220, 221, 231, 235], "excluded_lines": []}, "GitHubDiscoveryService._fetch_directory": {"executed_lines": [241, 243, 245, 250, 255, 258, 260, 261, 262, 263, 274, 275], "summary": {"covered_lines": 12, "num_statements": 14, "percent_covered": 85.71428571428571, "percent_covered_display": "86", "missing_lines": 2, "excluded_lines": 0}, "missing_lines": [251, 252], "excluded_lines": []}, "GitHubDiscoveryService._load_from_cache": {"executed_lines": [279, 281, 282, 285, 286, 289, 290, 291], "summary": {"covered_lines": 8, "num_statements": 16, "percent_covered": 50.0, "percent_covered_display": "50", "missing_lines": 8, "excluded_lines": 0}, "missing_lines": [283, 294, 297, 301, 309, 310, 312, 313], "excluded_lines": []}, "GitHubDiscoveryService._save_to_cache": {"executed_lines": [317, 319, 321, 356, 357], "summary": {"covered_lines": 5, "num_statements": 7, "percent_covered": 71.42857142857143, "percent_covered_display": "71", "missing_lines": 2, "excluded_lines": 0}, "missing_lines": [359, 360], "excluded_lines": []}, "GitHubDiscoveryService._create_static_fallback": {"executed_lines": [], "summary": {"covered_lines": 0, "num_statements": 4, "percent_covered": 0.0, "percent_covered_display": "0", "missing_lines": 4, "excluded_lines": 0}, "missing_lines": [364, 375, 386, 394], "excluded_lines": []}, "DiscoveryServiceManager.__new__": {"executed_lines": [408, 409, 410], "summary": {"covered_lines": 3, "num_statements": 3, "percent_covered": 100.0, "percent_covered_display": "100", "missing_lines": 0, "excluded_lines": 0}, "missing_lines": [], "excluded_lines": []}, "DiscoveryServiceManager.get_discovery_service": {"executed_lines": [414, 415, 416], "summary": {"covered_lines": 3, "num_statements": 3, "percent_covered": 100.0, "percent_covered_display": "100", "missing_lines": 0, "excluded_lines": 0}, "missing_lines": [], "excluded_lines": []}, "get_discovery_service": {"executed_lines": [425], "summary": {"covered_lines": 1, "num_statements": 1, "percent_covered": 100.0, "percent_covered_display": "100", "missing_lines": 0, "excluded_lines": 0}, "missing_lines": [], "excluded_lines": []}, "discover_content": {"executed_lines": [430, 431, 433, 434, 437, 438, 439, 443], "summary": {"covered_lines": 8, "num_statements": 12, "percent_covered": 66.66666666666667, "percent_covered_display": "67", "missing_lines": 4, "excluded_lines": 0}, "missing_lines": [445, 455, 456, 457], "excluded_lines": []}, "": {"executed_lines": [1, 7, 8, 9, 10, 11, 12, 14, 16, 17, 18, 22, 25, 45, 66, 67, 68, 70, 71, 72, 73, 74, 75, 78, 79, 80, 82, 83, 84, 85, 86, 89, 90, 92, 106, 159, 237, 277, 315, 362, 401, 402, 404, 405, 407, 412, 420, 423, 428], "summary": {"covered_lines": 44, "num_statements": 44, "percent_covered": 100.0, "percent_covered_display": "100", "missing_lines": 0, "excluded_lines": 0}, "missing_lines": [], "excluded_lines": []}}, "classes": {"GitHubFileInfo": {"executed_lines": [], "summary": {"covered_lines": 0, "num_statements": 0, "percent_covered": 100.0, "percent_covered_display": "100", "missing_lines": 0, "excluded_lines": 0}, "missing_lines": [], "excluded_lines": []}, "DiscoveryResult": {"executed_lines": [], "summary": {"covered_lines": 0, "num_statements": 0, "percent_covered": 100.0, "percent_covered_display": "100", "missing_lines": 0, "excluded_lines": 0}, "missing_lines": [], "excluded_lines": []}, "GitHubDiscoveryService": {"executed_lines": [93, 94, 95, 98, 99, 100, 101, 104, 108, 110, 111, 128, 129, 131, 132, 141, 162, 163, 165, 166, 168, 173, 179, 184, 185, 188, 190, 199, 241, 243, 245, 250, 255, 258, 260, 261, 262, 263, 274, 275, 279, 281, 282, 285, 286, 289, 290, 291, 317, 319, 321, 356, 357], "summary": {"covered_lines": 53, "num_statements": 86, "percent_covered": 61.627906976744185, "percent_covered_display": "62", "missing_lines": 33, "excluded_lines": 0}, "missing_lines": [112, 125, 143, 151, 157, 174, 177, 180, 181, 208, 217, 218, 219, 220, 221, 231, 235, 251, 252, 283, 294, 297, 301, 309, 310, 312, 313, 359, 360, 364, 375, 386, 394], "excluded_lines": []}, "DiscoveryServiceManager": {"executed_lines": [408, 409, 410, 414, 415, 416], "summary": {"covered_lines": 6, "num_statements": 6, "percent_covered": 100.0, "percent_covered_display": "100", "missing_lines": 0, "excluded_lines": 0}, "missing_lines": [], "excluded_lines": []}, "": {"executed_lines": [1, 7, 8, 9, 10, 11, 12, 14, 16, 17, 18, 22, 25, 45, 66, 67, 68, 70, 71, 72, 73, 74, 75, 78, 79, 80, 82, 83, 84, 85, 86, 89, 90, 92, 106, 159, 237, 277, 315, 362, 401, 402, 404, 405, 407, 412, 420, 423, 425, 428, 430, 431, 433, 434, 437, 438, 439, 443], "summary": {"covered_lines": 53, "num_statements": 57, "percent_covered": 92.98245614035088, "percent_covered_display": "93", "missing_lines": 4, "excluded_lines": 0}, "missing_lines": [445, 455, 456, 457], "excluded_lines": []}}}, "src/finos_mcp/content/fetch.py": {"executed_lines": [1, 25, 26, 27, 28, 29, 30, 31, 33, 34, 43, 44, 47, 48, 50, 51, 52, 55, 56, 59, 60, 66, 80, 81, 82, 84, 85, 86, 88, 90, 91, 103, 105, 106, 108, 117, 118, 119, 121, 122, 123, 124, 125, 126, 127, 130, 131, 142, 144, 145, 148, 151, 154, 155, 156, 157, 158, 159, 162, 170, 171, 179, 180, 182, 193, 195, 196, 198, 199, 201, 203, 205, 206, 210, 211, 214, 215, 219, 221, 224, 227, 230, 233, 235, 238, 253, 257, 260, 261, 262, 263, 271, 273, 274, 276, 288, 290, 292, 301, 305, 308, 309, 314, 317, 323, 325, 326, 329, 332, 333, 348, 350, 352, 393, 397, 420, 424, 449, 464, 465, 468, 483, 498, 526, 569, 598, 613, 617, 622, 623, 625, 626, 628, 629, 630, 631, 633, 643, 644, 646, 648, 656, 659, 669, 672], "summary": {"covered_lines": 138, "num_statements": 190, "percent_covered": 72.63157894736842, "percent_covered_display": "73", "missing_lines": 52, "excluded_lines": 0}, "missing_lines": [93, 95, 96, 97, 98, 101, 110, 111, 113, 114, 207, 239, 242, 243, 244, 245, 318, 362, 363, 366, 367, 387, 389, 445, 466, 479, 480, 481, 494, 495, 496, 508, 510, 536, 538, 539, 540, 542, 549, 559, 561, 571, 601, 602, 603, 611, 615, 619, 650, 651, 652, 674], "excluded_lines": [], "functions": {"CircuitBreaker.__init__": {"executed_lines": [80, 81, 82, 84, 85, 86], "summary": {"covered_lines": 6, "num_statements": 6, "percent_covered": 100.0, "percent_covered_display": "100", "missing_lines": 0, "excluded_lines": 0}, "missing_lines": [], "excluded_lines": []}, "CircuitBreaker.can_execute": {"executed_lines": [90, 91], "summary": {"covered_lines": 2, "num_statements": 8, "percent_covered": 25.0, "percent_covered_display": "25", "missing_lines": 6, "excluded_lines": 0}, "missing_lines": [93, 95, 96, 97, 98, 101], "excluded_lines": []}, "CircuitBreaker.on_success": {"executed_lines": [105, 106], "summary": {"covered_lines": 2, "num_statements": 2, "percent_covered": 100.0, "percent_covered_display": "100", "missing_lines": 0, "excluded_lines": 0}, "missing_lines": [], "excluded_lines": []}, "CircuitBreaker.on_failure": {"executed_lines": [], "summary": {"covered_lines": 0, "num_statements": 4, "percent_covered": 0.0, "percent_covered_display": "0", "missing_lines": 4, "excluded_lines": 0}, "missing_lines": [110, 111, 113, 114], "excluded_lines": []}, "HTTPClient.__init__": {"executed_lines": [144, 145, 148, 151, 154, 155, 156, 157, 158, 159, 162, 170, 171, 179, 180, 182], "summary": {"covered_lines": 16, "num_statements": 16, "percent_covered": 100.0, "percent_covered_display": "100", "missing_lines": 0, "excluded_lines": 0}, "missing_lines": [], "excluded_lines": []}, "HTTPClient._get_circuit_breaker": {"executed_lines": [195, 196, 198, 199, 201], "summary": {"covered_lines": 5, "num_statements": 5, "percent_covered": 100.0, "percent_covered_display": "100", "missing_lines": 0, "excluded_lines": 0}, "missing_lines": [], "excluded_lines": []}, "HTTPClient._update_pool_stats": {"executed_lines": [205, 206, 210, 211, 214, 215], "summary": {"covered_lines": 6, "num_statements": 7, "percent_covered": 85.71428571428571, "percent_covered_display": "86", "missing_lines": 1, "excluded_lines": 0}, "missing_lines": [207], "excluded_lines": []}, "HTTPClient._adjust_connection_pool": {"executed_lines": [221, 224, 227, 230, 233, 235, 238, 253, 257, 260, 261, 262, 263, 271, 273, 274, 276, 288, 290], "summary": {"covered_lines": 19, "num_statements": 24, "percent_covered": 79.16666666666667, "percent_covered_display": "79", "missing_lines": 5, "excluded_lines": 0}, "missing_lines": [239, 242, 243, 244, 245], "excluded_lines": []}, "HTTPClient._make_request": {"executed_lines": [305, 308, 309, 314, 317, 323, 325, 326, 329, 332, 333, 348, 350, 352, 393], "summary": {"covered_lines": 15, "num_statements": 22, "percent_covered": 68.18181818181819, "percent_covered_display": "68", "missing_lines": 7, "excluded_lines": 0}, "missing_lines": [318, 362, 363, 366, 367, 387, 389], "excluded_lines": []}, "HTTPClient.get": {"executed_lines": [420], "summary": {"covered_lines": 1, "num_statements": 1, "percent_covered": 100.0, "percent_covered_display": "100", "missing_lines": 0, "excluded_lines": 0}, "missing_lines": [], "excluded_lines": []}, "HTTPClient.post": {"executed_lines": [], "summary": {"covered_lines": 0, "num_statements": 1, "percent_covered": 0.0, "percent_covered_display": "0", "missing_lines": 1, "excluded_lines": 0}, "missing_lines": [445], "excluded_lines": []}, "HTTPClient.fetch_text": {"executed_lines": [464, 465], "summary": {"covered_lines": 2, "num_statements": 3, "percent_covered": 66.66666666666667, "percent_covered_display": "67", "missing_lines": 1, "excluded_lines": 0}, "missing_lines": [466], "excluded_lines": []}, "HTTPClient.fetch_json": {"executed_lines": [], "summary": {"covered_lines": 0, "num_statements": 3, "percent_covered": 0.0, "percent_covered_display": "0", "missing_lines": 3, "excluded_lines": 0}, "missing_lines": [479, 480, 481], "excluded_lines": []}, "HTTPClient.fetch_bytes": {"executed_lines": [], "summary": {"covered_lines": 0, "num_statements": 3, "percent_covered": 0.0, "percent_covered_display": "0", "missing_lines": 3, "excluded_lines": 0}, "missing_lines": [494, 495, 496], "excluded_lines": []}, "HTTPClient.get_circuit_breaker_status": {"executed_lines": [], "summary": {"covered_lines": 0, "num_statements": 2, "percent_covered": 0.0, "percent_covered_display": "0", "missing_lines": 2, "excluded_lines": 0}, "missing_lines": [508, 510], "excluded_lines": []}, "HTTPClient.health_check": {"executed_lines": [], "summary": {"covered_lines": 0, "num_statements": 8, "percent_covered": 0.0, "percent_covered_display": "0", "missing_lines": 8, "excluded_lines": 0}, "missing_lines": [536, 538, 539, 540, 542, 549, 559, 561], "excluded_lines": []}, "HTTPClient.get_pool_stats": {"executed_lines": [], "summary": {"covered_lines": 0, "num_statements": 1, "percent_covered": 0.0, "percent_covered_display": "0", "missing_lines": 1, "excluded_lines": 0}, "missing_lines": [571], "excluded_lines": []}, "HTTPClient.close": {"executed_lines": [], "summary": {"covered_lines": 0, "num_statements": 4, "percent_covered": 0.0, "percent_covered_display": "0", "missing_lines": 4, "excluded_lines": 0}, "missing_lines": [601, 602, 603, 611], "excluded_lines": []}, "HTTPClient.__aenter__": {"executed_lines": [], "summary": {"covered_lines": 0, "num_statements": 1, "percent_covered": 0.0, "percent_covered_display": "0", "missing_lines": 1, "excluded_lines": 0}, "missing_lines": [615], "excluded_lines": []}, "HTTPClient.__aexit__": {"executed_lines": [], "summary": {"covered_lines": 0, "num_statements": 1, "percent_covered": 0.0, "percent_covered_display": "0", "missing_lines": 1, "excluded_lines": 0}, "missing_lines": [619], "excluded_lines": []}, "HTTPClientManager.__new__": {"executed_lines": [629, 630, 631], "summary": {"covered_lines": 3, "num_statements": 3, "percent_covered": 100.0, "percent_covered_display": "100", "missing_lines": 0, "excluded_lines": 0}, "missing_lines": [], "excluded_lines": []}, "HTTPClientManager.get_http_client": {"executed_lines": [643, 644, 646], "summary": {"covered_lines": 3, "num_statements": 3, "percent_covered": 100.0, "percent_covered_display": "100", "missing_lines": 0, "excluded_lines": 0}, "missing_lines": [], "excluded_lines": []}, "HTTPClientManager.close_http_client": {"executed_lines": [], "summary": {"covered_lines": 0, "num_statements": 3, "percent_covered": 0.0, "percent_covered_display": "0", "missing_lines": 3, "excluded_lines": 0}, "missing_lines": [650, 651, 652], "excluded_lines": []}, "get_http_client": {"executed_lines": [669], "summary": {"covered_lines": 1, "num_statements": 1, "percent_covered": 100.0, "percent_covered_display": "100", "missing_lines": 0, "excluded_lines": 0}, "missing_lines": [], "excluded_lines": []}, "close_http_client": {"executed_lines": [], "summary": {"covered_lines": 0, "num_statements": 1, "percent_covered": 0.0, "percent_covered_display": "0", "missing_lines": 1, "excluded_lines": 0}, "missing_lines": [674], "excluded_lines": []}, "": {"executed_lines": [1, 25, 26, 27, 28, 29, 30, 31, 33, 34, 43, 44, 47, 48, 50, 51, 52, 55, 56, 59, 60, 66, 88, 103, 108, 117, 118, 119, 121, 122, 123, 124, 125, 126, 127, 130, 131, 142, 193, 203, 219, 292, 301, 397, 424, 449, 468, 483, 498, 526, 569, 598, 613, 617, 622, 623, 625, 626, 628, 633, 648, 656, 659, 672], "summary": {"covered_lines": 57, "num_statements": 57, "percent_covered": 100.0, "percent_covered_display": "100", "missing_lines": 0, "excluded_lines": 0}, "missing_lines": [], "excluded_lines": []}}, "classes": {"CircuitBreakerState": {"executed_lines": [], "summary": {"covered_lines": 0, "num_statements": 0, "percent_covered": 100.0, "percent_covered_display": "100", "missing_lines": 0, "excluded_lines": 0}, "missing_lines": [], "excluded_lines": []}, "CircuitBreakerError": {"executed_lines": [], "summary": {"covered_lines": 0, "num_statements": 0, "percent_covered": 100.0, "percent_covered_display": "100", "missing_lines": 0, "excluded_lines": 0}, "missing_lines": [], "excluded_lines": []}, "CircuitBreaker": {"executed_lines": [80, 81, 82, 84, 85, 86, 90, 91, 105, 106], "summary": {"covered_lines": 10, "num_statements": 20, "percent_covered": 50.0, "percent_covered_display": "50", "missing_lines": 10, "excluded_lines": 0}, "missing_lines": [93, 95, 96, 97, 98, 101, 110, 111, 113, 114], "excluded_lines": []}, "ConnectionPoolStats": {"executed_lines": [], "summary": {"covered_lines": 0, "num_statements": 0, "percent_covered": 100.0, "percent_covered_display": "100", "missing_lines": 0, "excluded_lines": 0}, "missing_lines": [], "excluded_lines": []}, "HTTPClient": {"executed_lines": [144, 145, 148, 151, 154, 155, 156, 157, 158, 159, 162, 170, 171, 179, 180, 182, 195, 196, 198, 199, 201, 205, 206, 210, 211, 214, 215, 221, 224, 227, 230, 233, 235, 238, 253, 257, 260, 261, 262, 263, 271, 273, 274, 276, 288, 290, 305, 308, 309, 314, 317, 323, 325, 326, 329, 332, 333, 348, 350, 352, 393, 420, 464, 465], "summary": {"covered_lines": 64, "num_statements": 102, "percent_covered": 62.745098039215684, "percent_covered_display": "63", "missing_lines": 38, "excluded_lines": 0}, "missing_lines": [207, 239, 242, 243, 244, 245, 318, 362, 363, 366, 367, 387, 389, 445, 466, 479, 480, 481, 494, 495, 496, 508, 510, 536, 538, 539, 540, 542, 549, 559, 561, 571, 601, 602, 603, 611, 615, 619], "excluded_lines": []}, "HTTPClientManager": {"executed_lines": [629, 630, 631, 643, 644, 646], "summary": {"covered_lines": 6, "num_statements": 9, "percent_covered": 66.66666666666667, "percent_covered_display": "67", "missing_lines": 3, "excluded_lines": 0}, "missing_lines": [650, 651, 652], "excluded_lines": []}, "": {"executed_lines": [1, 25, 26, 27, 28, 29, 30, 31, 33, 34, 43, 44, 47, 48, 50, 51, 52, 55, 56, 59, 60, 66, 88, 103, 108, 117, 118, 119, 121, 122, 123, 124, 125, 126, 127, 130, 131, 142, 193, 203, 219, 292, 301, 397, 424, 449, 468, 483, 498, 526, 569, 598, 613, 617, 622, 623, 625, 626, 628, 633, 648, 656, 659, 669, 672], "summary": {"covered_lines": 58, "num_statements": 59, "percent_covered": 98.30508474576271, "percent_covered_display": "98", "missing_lines": 1, "excluded_lines": 0}, "missing_lines": [674], "excluded_lines": []}}}, "src/finos_mcp/content/parse.py": {"executed_lines": [1, 8, 9, 10, 11, 13, 15, 17, 20, 30, 31, 34, 35, 46, 55, 59, 61, 69, 80, 81, 83, 85, 86, 87, 88, 91, 92, 93, 94, 102, 107, 109, 120, 123, 126, 128, 130, 140, 141, 142, 143, 144, 147, 149, 162, 163, 165, 167, 169, 173, 177, 179, 180, 181, 184, 185, 186, 188, 189, 190, 192, 198, 201, 202, 203, 204, 205, 218, 229, 232, 237, 245, 248, 250, 252, 262, 265, 266, 267, 268, 269, 270, 271, 274, 280, 281, 282, 283, 285, 288, 292, 294, 304, 305, 308, 311, 314, 316, 317, 318, 321, 323, 326, 358, 360, 363, 364, 366, 367, 369, 370, 371, 372, 374, 376, 377, 378, 382, 385, 401, 402, 405, 412, 413, 416, 418, 419], "summary": {"covered_lines": 123, "num_statements": 148, "percent_covered": 83.10810810810811, "percent_covered_display": "83", "missing_lines": 25, "excluded_lines": 0}, "missing_lines": [95, 96, 99, 103, 104, 105, 106, 170, 171, 174, 175, 206, 207, 210, 211, 277, 284, 286, 289, 290, 328, 336, 338, 343, 356], "excluded_lines": [], "functions": {"FrontmatterParser.__init__": {"executed_lines": [61], "summary": {"covered_lines": 1, "num_statements": 1, "percent_covered": 100.0, "percent_covered_display": "100", "missing_lines": 0, "excluded_lines": 0}, "missing_lines": [], "excluded_lines": []}, "FrontmatterParser.detect_and_remove_bom": {"executed_lines": [80, 81, 83, 85, 86, 87, 88, 91, 92, 93, 94, 102, 107], "summary": {"covered_lines": 13, "num_statements": 20, "percent_covered": 65.0, "percent_covered_display": "65", "missing_lines": 7, "excluded_lines": 0}, "missing_lines": [95, 96, 99, 103, 104, 105, 106], "excluded_lines": []}, "FrontmatterParser.normalize_content": {"executed_lines": [120, 123, 126, 128], "summary": {"covered_lines": 4, "num_statements": 4, "percent_covered": 100.0, "percent_covered_display": "100", "missing_lines": 0, "excluded_lines": 0}, "missing_lines": [], "excluded_lines": []}, "FrontmatterParser.extract_frontmatter_content": {"executed_lines": [140, 141, 142, 143, 144, 147], "summary": {"covered_lines": 6, "num_statements": 6, "percent_covered": 100.0, "percent_covered_display": "100", "missing_lines": 0, "excluded_lines": 0}, "missing_lines": [], "excluded_lines": []}, "FrontmatterParser.parse_yaml_safely": {"executed_lines": [162, 163, 165, 167, 169, 173, 177, 179, 180, 181, 184, 185, 186, 188, 189, 190, 192, 198, 201, 202, 203, 204, 205], "summary": {"covered_lines": 23, "num_statements": 31, "percent_covered": 74.19354838709677, "percent_covered_display": "74", "missing_lines": 8, "excluded_lines": 0}, "missing_lines": [170, 171, 174, 175, 206, 207, 210, 211], "excluded_lines": []}, "FrontmatterParser._attempt_yaml_recovery": {"executed_lines": [229, 232, 237, 245, 248, 250], "summary": {"covered_lines": 6, "num_statements": 6, "percent_covered": 100.0, "percent_covered_display": "100", "missing_lines": 0, "excluded_lines": 0}, "missing_lines": [], "excluded_lines": []}, "FrontmatterParser._manual_yaml_extraction": {"executed_lines": [262, 265, 266, 267, 268, 269, 270, 271, 274, 280, 281, 282, 283, 285, 288, 292], "summary": {"covered_lines": 16, "num_statements": 21, "percent_covered": 76.19047619047619, "percent_covered_display": "76", "missing_lines": 5, "excluded_lines": 0}, "missing_lines": [277, 284, 286, 289, 290], "excluded_lines": []}, "FrontmatterParser.parse": {"executed_lines": [304, 305, 308, 311, 314, 316, 317, 318, 321, 323, 326], "summary": {"covered_lines": 11, "num_statements": 16, "percent_covered": 68.75, "percent_covered_display": "69", "missing_lines": 5, "excluded_lines": 0}, "missing_lines": [328, 336, 338, 343, 356], "excluded_lines": []}, "FrontmatterParser.get_stats": {"executed_lines": [360], "summary": {"covered_lines": 1, "num_statements": 1, "percent_covered": 100.0, "percent_covered_display": "100", "missing_lines": 0, "excluded_lines": 0}, "missing_lines": [], "excluded_lines": []}, "FrontmatterParserManager.__new__": {"executed_lines": [370, 371, 372], "summary": {"covered_lines": 3, "num_statements": 3, "percent_covered": 100.0, "percent_covered_display": "100", "missing_lines": 0, "excluded_lines": 0}, "missing_lines": [], "excluded_lines": []}, "FrontmatterParserManager.get_parser": {"executed_lines": [376, 377, 378], "summary": {"covered_lines": 3, "num_statements": 3, "percent_covered": 100.0, "percent_covered_display": "100", "missing_lines": 0, "excluded_lines": 0}, "missing_lines": [], "excluded_lines": []}, "parse_frontmatter": {"executed_lines": [401, 402], "summary": {"covered_lines": 2, "num_statements": 2, "percent_covered": 100.0, "percent_covered_display": "100", "missing_lines": 0, "excluded_lines": 0}, "missing_lines": [], "excluded_lines": []}, "get_parser_stats": {"executed_lines": [412, 413], "summary": {"covered_lines": 2, "num_statements": 2, "percent_covered": 100.0, "percent_covered_display": "100", "missing_lines": 0, "excluded_lines": 0}, "missing_lines": [], "excluded_lines": []}, "reset_parser_stats": {"executed_lines": [418, 419], "summary": {"covered_lines": 2, "num_statements": 2, "percent_covered": 100.0, "percent_covered_display": "100", "missing_lines": 0, "excluded_lines": 0}, "missing_lines": [], "excluded_lines": []}, "": {"executed_lines": [1, 8, 9, 10, 11, 13, 15, 17, 20, 30, 31, 34, 35, 46, 55, 59, 69, 109, 130, 149, 218, 252, 294, 358, 363, 364, 366, 367, 369, 374, 382, 385, 405, 416], "summary": {"covered_lines": 30, "num_statements": 30, "percent_covered": 100.0, "percent_covered_display": "100", "missing_lines": 0, "excluded_lines": 0}, "missing_lines": [], "excluded_lines": []}}, "classes": {"FrontmatterParseError": {"executed_lines": [], "summary": {"covered_lines": 0, "num_statements": 0, "percent_covered": 100.0, "percent_covered_display": "100", "missing_lines": 0, "excluded_lines": 0}, "missing_lines": [], "excluded_lines": []}, "FrontmatterParser": {"executed_lines": [61, 80, 81, 83, 85, 86, 87, 88, 91, 92, 93, 94, 102, 107, 120, 123, 126, 128, 140, 141, 142, 143, 144, 147, 162, 163, 165, 167, 169, 173, 177, 179, 180, 181, 184, 185, 186, 188, 189, 190, 192, 198, 201, 202, 203, 204, 205, 229, 232, 237, 245, 248, 250, 262, 265, 266, 267, 268, 269, 270, 271, 274, 280, 281, 282, 283, 285, 288, 292, 304, 305, 308, 311, 314, 316, 317, 318, 321, 323, 326, 360], "summary": {"covered_lines": 81, "num_statements": 106, "percent_covered": 76.41509433962264, "percent_covered_display": "76", "missing_lines": 25, "excluded_lines": 0}, "missing_lines": [95, 96, 99, 103, 104, 105, 106, 170, 171, 174, 175, 206, 207, 210, 211, 277, 284, 286, 289, 290, 328, 336, 338, 343, 356], "excluded_lines": []}, "FrontmatterParserManager": {"executed_lines": [370, 371, 372, 376, 377, 378], "summary": {"covered_lines": 6, "num_statements": 6, "percent_covered": 100.0, "percent_covered_display": "100", "missing_lines": 0, "excluded_lines": 0}, "missing_lines": [], "excluded_lines": []}, "": {"executed_lines": [1, 8, 9, 10, 11, 13, 15, 17, 20, 30, 31, 34, 35, 46, 55, 59, 69, 109, 130, 149, 218, 252, 294, 358, 363, 364, 366, 367, 369, 374, 382, 385, 401, 402, 405, 412, 413, 416, 418, 419], "summary": {"covered_lines": 36, "num_statements": 36, "percent_covered": 100.0, "percent_covered_display": "100", "missing_lines": 0, "excluded_lines": 0}, "missing_lines": [], "excluded_lines": []}}}, "src/finos_mcp/content/service.py": {"executed_lines": [1, 28, 29, 30, 31, 32, 33, 34, 35, 36, 38, 39, 40, 41, 42, 43, 44, 46, 49, 50, 52, 53, 54, 55, 58, 59, 61, 62, 63, 64, 65, 68, 69, 70, 72, 73, 74, 75, 76, 77, 79, 81, 92, 93, 94, 96, 97, 98, 99, 100, 101, 102, 103, 104, 105, 107, 109, 123, 124, 125, 127, 128, 129, 130, 131, 132, 133, 134, 137, 138, 144, 152, 153, 154, 155, 156, 157, 159, 160, 167, 168, 170, 171, 172, 173, 175, 176, 177, 178, 179, 181, 191, 192, 193, 194, 195, 197, 209, 210, 222, 224, 225, 227, 228, 229, 231, 234, 236, 246, 247, 253, 255, 256, 259, 262, 263, 264, 267, 268, 269, 270, 273, 274, 277, 278, 279, 282, 285, 288, 297, 299, 306, 309, 310, 312, 318, 320, 321, 322, 324, 326, 328, 329, 334, 335, 336, 341, 343, 345, 353, 354, 355, 359, 444, 462, 481, 523, 552, 565, 568, 569, 570, 572, 582, 591, 593, 645, 665, 666, 667, 669, 677, 691, 693, 703, 705, 718, 720, 721, 723, 724, 726, 737, 740, 741, 742, 744, 760, 765, 777, 779, 781, 782, 784, 798, 799, 803, 805, 826, 835, 837, 855, 856, 858, 860, 867, 868, 869, 872, 873, 874, 875, 876, 877, 878, 884, 887, 888, 889, 890, 891, 893, 896, 897, 899, 900, 910, 923, 930, 933, 940, 943, 944, 945, 946, 947, 951, 969, 971, 973, 976, 977, 980, 981, 982, 983, 984, 987, 988, 989, 990, 992, 993, 994, 995, 997, 998, 999, 1000, 1003, 1005, 1009, 1011, 1014, 1025, 1026, 1027, 1028, 1033, 1040, 1043, 1044, 1046, 1047, 1049, 1050, 1051, 1052, 1054, 1061, 1062, 1063, 1064, 1066, 1068, 1070, 1071, 1072, 1076, 1077, 1079, 1083, 1089, 1092, 1099, 1102, 1104], "summary": {"covered_lines": 288, "num_statements": 423, "percent_covered": 68.08510638297872, "percent_covered_display": "68", "missing_lines": 135, "excluded_lines": 0}, "missing_lines": [230, 232, 314, 315, 316, 330, 331, 332, 337, 338, 346, 349, 350, 351, 356, 357, 361, 362, 364, 365, 367, 368, 371, 372, 375, 377, 378, 379, 380, 383, 387, 389, 390, 391, 392, 395, 398, 399, 402, 405, 406, 408, 409, 410, 412, 418, 419, 421, 422, 423, 425, 426, 427, 429, 435, 442, 446, 448, 449, 450, 453, 454, 455, 457, 459, 460, 464, 466, 467, 469, 476, 479, 494, 495, 496, 497, 499, 509, 511, 512, 521, 536, 538, 540, 550, 566, 573, 607, 608, 610, 611, 612, 613, 614, 616, 626, 627, 634, 643, 678, 679, 688, 757, 806, 807, 809, 821, 822, 824, 879, 880, 881, 907, 908, 948, 949, 1015, 1016, 1017, 1018, 1019, 1020, 1021, 1022, 1029, 1030, 1034, 1035, 1036, 1037, 1038, 1073, 1074, 1081, 1085], "excluded_lines": [], "functions": {"CacheWarmingStats.to_dict": {"executed_lines": [81], "summary": {"covered_lines": 1, "num_statements": 1, "percent_covered": 100.0, "percent_covered_display": "100", "missing_lines": 0, "excluded_lines": 0}, "missing_lines": [], "excluded_lines": []}, "ServiceHealth.to_dict": {"executed_lines": [109], "summary": {"covered_lines": 1, "num_statements": 1, "percent_covered": 100.0, "percent_covered_display": "100", "missing_lines": 0, "excluded_lines": 0}, "missing_lines": [], "excluded_lines": []}, "ErrorBoundary.__init__": {"executed_lines": [152, 153, 154, 155, 156, 157], "summary": {"covered_lines": 6, "num_statements": 6, "percent_covered": 100.0, "percent_covered_display": "100", "missing_lines": 0, "excluded_lines": 0}, "missing_lines": [], "excluded_lines": []}, "ErrorBoundary.protect": {"executed_lines": [167, 168, 170, 171, 172, 173, 175, 176, 177, 178, 179, 181, 191, 192, 193, 194, 195, 197, 209, 210], "summary": {"covered_lines": 20, "num_statements": 20, "percent_covered": 100.0, "percent_covered_display": "100", "missing_lines": 0, "excluded_lines": 0}, "missing_lines": [], "excluded_lines": []}, "ErrorBoundary.get_health_info": {"executed_lines": [224, 225, 227, 228, 229, 231, 234, 236], "summary": {"covered_lines": 8, "num_statements": 10, "percent_covered": 80.0, "percent_covered_display": "80", "missing_lines": 2, "excluded_lines": 0}, "missing_lines": [230, 232], "excluded_lines": []}, "ContentService.__init__": {"executed_lines": [255, 256, 259, 262, 263, 264, 267, 268, 269, 270, 273, 274, 277, 278, 279, 282, 285, 288, 297], "summary": {"covered_lines": 19, "num_statements": 19, "percent_covered": 100.0, "percent_covered_display": "100", "missing_lines": 0, "excluded_lines": 0}, "missing_lines": [], "excluded_lines": []}, "ContentService.start": {"executed_lines": [306, 309, 310], "summary": {"covered_lines": 3, "num_statements": 3, "percent_covered": 100.0, "percent_covered_display": "100", "missing_lines": 0, "excluded_lines": 0}, "missing_lines": [], "excluded_lines": []}, "ContentService._get_http_client": {"executed_lines": [], "summary": {"covered_lines": 0, "num_statements": 3, "percent_covered": 0.0, "percent_covered_display": "0", "missing_lines": 3, "excluded_lines": 0}, "missing_lines": [314, 315, 316], "excluded_lines": []}, "ContentService._get_cache": {"executed_lines": [320, 321, 322], "summary": {"covered_lines": 3, "num_statements": 3, "percent_covered": 100.0, "percent_covered_display": "100", "missing_lines": 0, "excluded_lines": 0}, "missing_lines": [], "excluded_lines": []}, "ContentService._start_cache_warming": {"executed_lines": [326, 328, 329, 334, 335, 336], "summary": {"covered_lines": 6, "num_statements": 11, "percent_covered": 54.54545454545455, "percent_covered_display": "55", "missing_lines": 5, "excluded_lines": 0}, "missing_lines": [330, 331, 332, 337, 338], "excluded_lines": []}, "ContentService._cache_warming_loop": {"executed_lines": [343, 345, 353, 354, 355], "summary": {"covered_lines": 5, "num_statements": 11, "percent_covered": 45.45454545454545, "percent_covered_display": "45", "missing_lines": 6, "excluded_lines": 0}, "missing_lines": [346, 349, 350, 351, 356, 357], "excluded_lines": []}, "ContentService._perform_cache_warming": {"executed_lines": [], "summary": {"covered_lines": 0, "num_statements": 38, "percent_covered": 0.0, "percent_covered_display": "0", "missing_lines": 38, "excluded_lines": 0}, "missing_lines": [361, 362, 364, 365, 367, 368, 371, 372, 375, 377, 378, 379, 380, 383, 387, 389, 390, 391, 392, 395, 398, 399, 402, 405, 406, 408, 412, 418, 419, 421, 422, 423, 425, 426, 427, 429, 435, 442], "excluded_lines": []}, "ContentService._perform_cache_warming.limited_warm": {"executed_lines": [], "summary": {"covered_lines": 0, "num_statements": 2, "percent_covered": 0.0, "percent_covered_display": "0", "missing_lines": 2, "excluded_lines": 0}, "missing_lines": [409, 410], "excluded_lines": []}, "ContentService._should_warm_cache_key": {"executed_lines": [], "summary": {"covered_lines": 0, "num_statements": 10, "percent_covered": 0.0, "percent_covered_display": "0", "missing_lines": 10, "excluded_lines": 0}, "missing_lines": [446, 448, 449, 450, 453, 454, 455, 457, 459, 460], "excluded_lines": []}, "ContentService._warm_single_document": {"executed_lines": [], "summary": {"covered_lines": 0, "num_statements": 6, "percent_covered": 0.0, "percent_covered_display": "0", "missing_lines": 6, "excluded_lines": 0}, "missing_lines": [464, 466, 467, 469, 476, 479], "excluded_lines": []}, "ContentService._fetch_content_with_boundary": {"executed_lines": [], "summary": {"covered_lines": 0, "num_statements": 9, "percent_covered": 0.0, "percent_covered_display": "0", "missing_lines": 9, "excluded_lines": 0}, "missing_lines": [494, 495, 496, 497, 499, 509, 511, 512, 521], "excluded_lines": []}, "ContentService._parse_content_with_boundary": {"executed_lines": [], "summary": {"covered_lines": 0, "num_statements": 4, "percent_covered": 0.0, "percent_covered_display": "0", "missing_lines": 4, "excluded_lines": 0}, "missing_lines": [536, 538, 540, 550], "excluded_lines": []}, "ContentService._cache_get_with_boundary": {"executed_lines": [565, 568, 569, 570, 572, 582, 591], "summary": {"covered_lines": 7, "num_statements": 9, "percent_covered": 77.77777777777777, "percent_covered_display": "78", "missing_lines": 2, "excluded_lines": 0}, "missing_lines": [566, 573], "excluded_lines": []}, "ContentService._cache_set_with_boundary": {"executed_lines": [], "summary": {"covered_lines": 0, "num_statements": 12, "percent_covered": 0.0, "percent_covered_display": "0", "missing_lines": 12, "excluded_lines": 0}, "missing_lines": [607, 608, 610, 611, 612, 613, 614, 616, 626, 627, 634, 643], "excluded_lines": []}, "ContentService.get_document": {"executed_lines": [665, 666, 667, 669, 677, 691, 693, 703, 705, 718, 720, 721, 723, 724, 726, 737, 740, 741, 742, 744, 760, 765, 777, 779, 781, 782, 784, 798, 799, 803, 805, 826, 835, 837, 855, 856, 858], "summary": {"covered_lines": 37, "num_statements": 47, "percent_covered": 78.72340425531915, "percent_covered_display": "79", "missing_lines": 10, "excluded_lines": 0}, "missing_lines": [678, 679, 688, 757, 806, 807, 809, 821, 822, 824], "excluded_lines": []}, "ContentService.get_health_status": {"executed_lines": [867, 868, 869, 872, 873, 874, 875, 876, 877, 878, 884, 887, 888, 889, 890, 891, 893, 896, 897, 899, 900, 910], "summary": {"covered_lines": 22, "num_statements": 27, "percent_covered": 81.48148148148148, "percent_covered_display": "81", "missing_lines": 5, "excluded_lines": 0}, "missing_lines": [879, 880, 881, 907, 908], "excluded_lines": []}, "ContentService.get_service_diagnostics": {"executed_lines": [930, 933, 940, 943, 944, 945, 946, 947, 951], "summary": {"covered_lines": 9, "num_statements": 11, "percent_covered": 81.81818181818181, "percent_covered_display": "82", "missing_lines": 2, "excluded_lines": 0}, "missing_lines": [948, 949], "excluded_lines": []}, "ContentService.get_cache_warming_stats": {"executed_lines": [971], "summary": {"covered_lines": 1, "num_statements": 1, "percent_covered": 100.0, "percent_covered_display": "100", "missing_lines": 0, "excluded_lines": 0}, "missing_lines": [], "excluded_lines": []}, "ContentService.reset_health": {"executed_lines": [976, 977, 980, 981, 982, 983, 984, 987, 988, 989, 990, 992, 993, 994, 995, 997, 998, 999, 1000, 1003, 1005], "summary": {"covered_lines": 21, "num_statements": 21, "percent_covered": 100.0, "percent_covered_display": "100", "missing_lines": 0, "excluded_lines": 0}, "missing_lines": [], "excluded_lines": []}, "ContentService.close": {"executed_lines": [1011, 1014, 1025, 1026, 1027, 1028, 1033, 1040], "summary": {"covered_lines": 8, "num_statements": 23, "percent_covered": 34.78260869565217, "percent_covered_display": "35", "missing_lines": 15, "excluded_lines": 0}, "missing_lines": [1015, 1016, 1017, 1018, 1019, 1020, 1021, 1022, 1029, 1030, 1034, 1035, 1036, 1037, 1038], "excluded_lines": []}, "ContentServiceManager.__new__": {"executed_lines": [1050, 1051, 1052], "summary": {"covered_lines": 3, "num_statements": 3, "percent_covered": 100.0, "percent_covered_display": "100", "missing_lines": 0, "excluded_lines": 0}, "missing_lines": [], "excluded_lines": []}, "ContentServiceManager.get_content_service": {"executed_lines": [1061, 1062, 1063, 1064, 1066], "summary": {"covered_lines": 5, "num_statements": 5, "percent_covered": 100.0, "percent_covered_display": "100", "missing_lines": 0, "excluded_lines": 0}, "missing_lines": [], "excluded_lines": []}, "ContentServiceManager.close_content_service": {"executed_lines": [1070, 1071, 1072, 1076, 1077], "summary": {"covered_lines": 5, "num_statements": 7, "percent_covered": 71.42857142857143, "percent_covered_display": "71", "missing_lines": 2, "excluded_lines": 0}, "missing_lines": [1073, 1074], "excluded_lines": []}, "ContentServiceManager.__aenter__": {"executed_lines": [], "summary": {"covered_lines": 0, "num_statements": 1, "percent_covered": 0.0, "percent_covered_display": "0", "missing_lines": 1, "excluded_lines": 0}, "missing_lines": [1081], "excluded_lines": []}, "ContentServiceManager.__aexit__": {"executed_lines": [], "summary": {"covered_lines": 0, "num_statements": 1, "percent_covered": 0.0, "percent_covered_display": "0", "missing_lines": 1, "excluded_lines": 0}, "missing_lines": [1085], "excluded_lines": []}, "get_content_service": {"executed_lines": [1099], "summary": {"covered_lines": 1, "num_statements": 1, "percent_covered": 100.0, "percent_covered_display": "100", "missing_lines": 0, "excluded_lines": 0}, "missing_lines": [], "excluded_lines": []}, "close_content_service": {"executed_lines": [1104], "summary": {"covered_lines": 1, "num_statements": 1, "percent_covered": 100.0, "percent_covered_display": "100", "missing_lines": 0, "excluded_lines": 0}, "missing_lines": [], "excluded_lines": []}, "": {"executed_lines": [1, 28, 29, 30, 31, 32, 33, 34, 35, 36, 38, 39, 40, 41, 42, 43, 44, 46, 49, 50, 52, 53, 54, 55, 58, 59, 61, 62, 63, 64, 65, 68, 69, 70, 72, 73, 74, 75, 76, 77, 79, 92, 93, 94, 96, 97, 98, 99, 100, 101, 102, 103, 104, 105, 107, 123, 124, 125, 127, 128, 129, 130, 131, 132, 133, 134, 137, 138, 144, 159, 160, 222, 246, 247, 253, 299, 312, 318, 324, 341, 359, 444, 462, 481, 523, 552, 593, 645, 860, 923, 969, 973, 1009, 1043, 1044, 1046, 1047, 1049, 1054, 1068, 1079, 1083, 1089, 1092, 1102], "summary": {"covered_lines": 96, "num_statements": 96, "percent_covered": 100.0, "percent_covered_display": "100", "missing_lines": 0, "excluded_lines": 0}, "missing_lines": [], "excluded_lines": []}}, "classes": {"ServiceStatus": {"executed_lines": [], "summary": {"covered_lines": 0, "num_statements": 0, "percent_covered": 100.0, "percent_covered_display": "100", "missing_lines": 0, "excluded_lines": 0}, "missing_lines": [], "excluded_lines": []}, "OperationResult": {"executed_lines": [], "summary": {"covered_lines": 0, "num_statements": 0, "percent_covered": 100.0, "percent_covered_display": "100", "missing_lines": 0, "excluded_lines": 0}, "missing_lines": [], "excluded_lines": []}, "CacheWarmingStats": {"executed_lines": [81], "summary": {"covered_lines": 1, "num_statements": 1, "percent_covered": 100.0, "percent_covered_display": "100", "missing_lines": 0, "excluded_lines": 0}, "missing_lines": [], "excluded_lines": []}, "ServiceHealth": {"executed_lines": [109], "summary": {"covered_lines": 1, "num_statements": 1, "percent_covered": 100.0, "percent_covered_display": "100", "missing_lines": 0, "excluded_lines": 0}, "missing_lines": [], "excluded_lines": []}, "OperationContext": {"executed_lines": [], "summary": {"covered_lines": 0, "num_statements": 0, "percent_covered": 100.0, "percent_covered_display": "100", "missing_lines": 0, "excluded_lines": 0}, "missing_lines": [], "excluded_lines": []}, "ErrorBoundary": {"executed_lines": [152, 153, 154, 155, 156, 157, 167, 168, 170, 171, 172, 173, 175, 176, 177, 178, 179, 181, 191, 192, 193, 194, 195, 197, 209, 210, 224, 225, 227, 228, 229, 231, 234, 236], "summary": {"covered_lines": 34, "num_statements": 36, "percent_covered": 94.44444444444444, "percent_covered_display": "94", "missing_lines": 2, "excluded_lines": 0}, "missing_lines": [230, 232], "excluded_lines": []}, "ContentService": {"executed_lines": [255, 256, 259, 262, 263, 264, 267, 268, 269, 270, 273, 274, 277, 278, 279, 282, 285, 288, 297, 306, 309, 310, 320, 321, 322, 326, 328, 329, 334, 335, 336, 343, 345, 353, 354, 355, 565, 568, 569, 570, 572, 582, 591, 665, 666, 667, 669, 677, 691, 693, 703, 705, 718, 720, 721, 723, 724, 726, 737, 740, 741, 742, 744, 760, 765, 777, 779, 781, 782, 784, 798, 799, 803, 805, 826, 835, 837, 855, 856, 858, 867, 868, 869, 872, 873, 874, 875, 876, 877, 878, 884, 887, 888, 889, 890, 891, 893, 896, 897, 899, 900, 910, 930, 933, 940, 943, 944, 945, 946, 947, 951, 971, 976, 977, 980, 981, 982, 983, 984, 987, 988, 989, 990, 992, 993, 994, 995, 997, 998, 999, 1000, 1003, 1005, 1011, 1014, 1025, 1026, 1027, 1028, 1033, 1040], "summary": {"covered_lines": 141, "num_statements": 270, "percent_covered": 52.22222222222222, "percent_covered_display": "52", "missing_lines": 129, "excluded_lines": 0}, "missing_lines": [314, 315, 316, 330, 331, 332, 337, 338, 346, 349, 350, 351, 356, 357, 361, 362, 364, 365, 367, 368, 371, 372, 375, 377, 378, 379, 380, 383, 387, 389, 390, 391, 392, 395, 398, 399, 402, 405, 406, 408, 409, 410, 412, 418, 419, 421, 422, 423, 425, 426, 427, 429, 435, 442, 446, 448, 449, 450, 453, 454, 455, 457, 459, 460, 464, 466, 467, 469, 476, 479, 494, 495, 496, 497, 499, 509, 511, 512, 521, 536, 538, 540, 550, 566, 573, 607, 608, 610, 611, 612, 613, 614, 616, 626, 627, 634, 643, 678, 679, 688, 757, 806, 807, 809, 821, 822, 824, 879, 880, 881, 907, 908, 948, 949, 1015, 1016, 1017, 1018, 1019, 1020, 1021, 1022, 1029, 1030, 1034, 1035, 1036, 1037, 1038], "excluded_lines": []}, "ContentServiceManager": {"executed_lines": [1050, 1051, 1052, 1061, 1062, 1063, 1064, 1066, 1070, 1071, 1072, 1076, 1077], "summary": {"covered_lines": 13, "num_statements": 17, "percent_covered": 76.47058823529412, "percent_covered_display": "76", "missing_lines": 4, "excluded_lines": 0}, "missing_lines": [1073, 1074, 1081, 1085], "excluded_lines": []}, "": {"executed_lines": [1, 28, 29, 30, 31, 32, 33, 34, 35, 36, 38, 39, 40, 41, 42, 43, 44, 46, 49, 50, 52, 53, 54, 55, 58, 59, 61, 62, 63, 64, 65, 68, 69, 70, 72, 73, 74, 75, 76, 77, 79, 92, 93, 94, 96, 97, 98, 99, 100, 101, 102, 103, 104, 105, 107, 123, 124, 125, 127, 128, 129, 130, 131, 132, 133, 134, 137, 138, 144, 159, 160, 222, 246, 247, 253, 299, 312, 318, 324, 341, 359, 444, 462, 481, 523, 552, 593, 645, 860, 923, 969, 973, 1009, 1043, 1044, 1046, 1047, 1049, 1054, 1068, 1079, 1083, 1089, 1092, 1099, 1102, 1104], "summary": {"covered_lines": 98, "num_statements": 98, "percent_covered": 100.0, "percent_covered_display": "100", "missing_lines": 0, "excluded_lines": 0}, "missing_lines": [], "excluded_lines": []}}}, "src/finos_mcp/frameworks/__init__.py": {"executed_lines": [1, 14, 23], "summary": {"covered_lines": 2, "num_statements": 2, "percent_covered": 100.0, "percent_covered_display": "100", "missing_lines": 0, "excluded_lines": 0}, "missing_lines": [], "excluded_lines": [], "functions": {""
[...]
1507, 1508, 1512], "summary": {"covered_lines": 27, "num_statements": 36, "percent_covered": 75.0, "percent_covered_display": "75", "missing_lines": 9, "excluded_lines": 0}, "missing_lines": [1444, 1487, 1488, 1489, 1492, 1493, 1501, 1502, 1504], "excluded_lines": []}, "_handle_advanced_search_frameworks": {"executed_lines": [1519, 1521, 1524, 1538, 1546, 1555, 1558, 1560, 1561, 1562, 1564, 1565, 1566, 1567, 1570, 1573, 1583, 1584, 1588, 1590, 1592, 1594, 1599, 1609, 1610, 1611, 1612, 1613, 1614, 1617, 1621, 1622, 1623, 1624, 1627, 1637, 1638, 1642, 1643, 1645, 1648, 1669, 1670, 1674], "summary": {"covered_lines": 44, "num_statements": 67, "percent_covered": 65.67164179104478, "percent_covered_display": "66", "missing_lines": 23, "excluded_lines": 0}, "missing_lines": [1539, 1540, 1543, 1544, 1547, 1548, 1551, 1552, 1585, 1589, 1591, 1593, 1595, 1600, 1618, 1649, 1650, 1651, 1654, 1655, 1663, 1664, 1666], "excluded_lines": []}, "_handle_export_framework_data": {"executed_lines": [1679, 1682, 1693, 1702, 1705, 1721, 1722, 1730, 1733, 1745, 1746, 1747, 1748, 1750, 1761], "summary": {"covered_lines": 15, "num_statements": 17, "percent_covered": 88.23529411764706, "percent_covered_display": "88", "missing_lines": 2, "excluded_lines": 0}, "missing_lines": [1724, 1734], "excluded_lines": []}, "_handle_bulk_export_frameworks": {"executed_lines": [1768], "summary": {"covered_lines": 1, "num_statements": 31, "percent_covered": 3.225806451612903, "percent_covered_display": "3", "missing_lines": 30, "excluded_lines": 0}, "missing_lines": [1770, 1778, 1779, 1780, 1783, 1784, 1785, 1790, 1798, 1806, 1807, 1809, 1810, 1812, 1823, 1824, 1832, 1845, 1846, 1855, 1856, 1857, 1858, 1862, 1865, 1866, 1877, 1878, 1879, 1881], "excluded_lines": []}, "": {"executed_lines": [1, 8, 9, 10, 12, 13, 15, 16, 17, 18, 28, 30, 33, 34, 35, 36, 39, 62, 69, 76, 86, 101, 119, 126, 150, 151, 153, 156, 160, 163, 166, 169, 170, 173, 175, 176, 177, 181, 182, 183, 187, 188, 189, 194, 195, 197, 200, 203, 204, 206, 209, 212, 215, 216, 218, 222, 227, 228, 230, 231, 234, 235, 238, 239, 241, 242, 243, 249, 250, 252, 253, 256, 261, 262, 264, 267, 270, 275, 276, 279, 284, 287, 292, 295, 299, 300, 301, 305, 308, 311, 316, 319, 324, 329, 330, 333, 336, 339, 342, 345, 348, 353, 354, 357, 358, 361, 362, 366, 367, 368, 400, 401, 402, 410, 411, 412, 416, 417, 418, 423, 424, 427, 432, 435, 442, 499, 519, 545, 565, 594, 621, 649, 678, 748, 822, 869, 887, 932, 962, 997, 1068, 1144, 1199, 1245, 1329, 1426, 1515, 1677, 1764], "summary": {"covered_lines": 137, "num_statements": 137, "percent_covered": 100.0, "percent_covered_display": "100", "missing_lines": 0, "excluded_lines": 0}, "missing_lines": [], "excluded_lines": []}}, "classes": {"SearchFrameworksInput": {"executed_lines": [179], "summary": {"covered_lines": 1, "num_statements": 3, "percent_covered": 33.333333333333336, "percent_covered_display": "33", "missing_lines": 2, "excluded_lines": 0}, "missing_lines": [185, 191], "excluded_lines": []}, "ListFrameworksInput": {"executed_lines": [], "summary": {"covered_lines": 0, "num_statements": 0, "percent_covered": 100.0, "percent_covered_display": "100", "missing_lines": 0, "excluded_lines": 0}, "missing_lines": [], "excluded_lines": []}, "GetFrameworkDetailsInput": {"executed_lines": [], "summary": {"covered_lines": 0, "num_statements": 0, "percent_covered": 100.0, "percent_covered_display": "100", "missing_lines": 0, "excluded_lines": 0}, "missing_lines": [], "excluded_lines": []}, "GetComplianceAnalysisInput": {"executed_lines": [], "summary": {"covered_lines": 0, "num_statements": 0, "percent_covered": 100.0, "percent_covered_display": "100", "missing_lines": 0, "excluded_lines": 0}, "missing_lines": [], "excluded_lines": []}, "SearchFrameworkReferencesInput": {"executed_lines": [], "summary": {"covered_lines": 0, "num_statements": 0, "percent_covered": 100.0, "percent_covered_display": "100", "missing_lines": 0, "excluded_lines": 0}, "missing_lines": [], "excluded_lines": []}, "GetRelatedControlsInput": {"executed_lines": [], "summary": {"covered_lines": 0, "num_statements": 0, "percent_covered": 100.0, "percent_covered_display": "100", "missing_lines": 0, "excluded_lines": 0}, "missing_lines": [], "excluded_lines": []}, "GetFrameworkCorrelationsInput": {"executed_lines": [], "summary": {"covered_lines": 0, "num_statements": 0, "percent_covered": 100.0, "percent_covered_display": "100", "missing_lines": 0, "excluded_lines": 0}, "missing_lines": [], "excluded_lines": []}, "FindComplianceGapsInput": {"executed_lines": [], "summary": {"covered_lines": 0, "num_statements": 0, "percent_covered": 100.0, "percent_covered_display": "100", "missing_lines": 0, "excluded_lines": 0}, "missing_lines": [], "excluded_lines": []}, "AdvancedSearchInput": {"executed_lines": [303], "summary": {"covered_lines": 1, "num_statements": 1, "percent_covered": 100.0, "percent_covered_display": "100", "missing_lines": 0, "excluded_lines": 0}, "missing_lines": [], "excluded_lines": []}, "ExportFrameworkDataInput": {"executed_lines": [370, 371, 374, 389, 390, 391, 394, 395, 398, 404, 405, 408], "summary": {"covered_lines": 12, "num_statements": 15, "percent_covered": 80.0, "percent_covered_display": "80", "missing_lines": 3, "excluded_lines": 0}, "missing_lines": [396, 414, 420], "excluded_lines": []}, "BulkExportInput": {"executed_lines": [], "summary": {"covered_lines": 0, "num_statements": 0, "percent_covered": 100.0, "percent_covered_display": "100", "missing_lines": 0, "excluded_lines": 0}, "missing_lines": [], "excluded_lines": []}, "": {"executed_lines": [1, 8, 9, 10, 12, 13, 15, 16, 17, 18, 28, 30, 33, 34, 35, 36, 39, 43, 44, 45, 47, 48, 49, 50, 51, 53, 54, 55, 57, 58, 59, 62, 64, 66, 69, 76, 86, 89, 90, 96, 97, 98, 101, 103, 107, 108, 109, 112, 116, 119, 122, 123, 126, 128, 132, 140, 141, 142, 144, 150, 151, 153, 156, 160, 163, 166, 169, 170, 173, 175, 176, 177, 181, 182, 183, 187, 188, 189, 194, 195, 197, 200, 203, 204, 206, 209, 212, 215, 216, 218, 222, 227, 228, 230, 231, 234, 235, 238, 239, 241, 242, 243, 249, 250, 252, 253, 256, 261, 262, 264, 267, 270, 275, 276, 279, 284, 287, 292, 295, 299, 300, 301, 305, 308, 311, 316, 319, 324, 329, 330, 333, 336, 339, 342, 345, 348, 353, 354, 357, 358, 361, 362, 366, 367, 368, 400, 401, 402, 410, 411, 412, 416, 417, 418, 423, 424, 427, 432, 435, 442, 499, 519, 545, 565, 594, 621, 649, 678, 748, 822, 869, 887, 899, 900, 902, 903, 904, 905, 906, 907, 908, 909, 910, 911, 912, 913, 914, 915, 916, 917, 918, 919, 920, 921, 922, 923, 927, 928, 929, 932, 935, 938, 950, 951, 952, 957, 959, 962, 964, 966, 967, 968, 971, 973, 974, 975, 976, 977, 979, 980, 981, 982, 986, 987, 989, 990, 992, 994, 997, 999, 1001, 1002, 1003, 1006, 1013, 1016, 1028, 1029, 1032, 1033, 1034, 1035, 1036, 1037, 1038, 1039, 1042, 1043, 1044, 1045, 1046, 1054, 1055, 1056, 1057, 1058, 1060, 1061, 1065, 1068, 1072, 1074, 1075, 1076, 1080, 1083, 1093, 1099, 1100, 1101, 1102, 1103, 1105, 1116, 1117, 1118, 1119, 1120, 1123, 1126, 1127, 1129, 1130, 1131, 1135, 1136, 1139, 1141, 1144, 1148, 1199, 1201, 1245, 1249, 1329, 1331, 1426, 1435, 1438, 1439, 1443, 1446, 1449, 1450, 1451, 1452, 1453, 1454, 1457, 1458, 1461, 1462, 1463, 1464, 1467, 1477, 1478, 1480, 1481, 1483, 1486, 1507, 1508, 1512, 1515, 1519, 1521, 1524, 1538, 1546, 1555, 1558, 1560, 1561, 1562, 1564, 1565, 1566, 1567, 1570, 1573, 1583, 1584, 1588, 1590, 1592, 1594, 1599, 1609, 1610, 1611, 1612, 1613, 1614, 1617, 1621, 1622, 1623, 1624, 1627, 1637, 1638, 1642, 1643, 1645, 1648, 1669, 1670, 1674, 1677, 1679, 1682, 1693, 1702, 1705, 1721, 1722, 1730, 1733, 1745, 1746, 1747, 1748, 1750, 1761, 1764, 1768], "summary": {"covered_lines": 375, "num_statements": 544, "percent_covered": 68.93382352941177, "percent_covered_display": "69", "missing_lines": 169, "excluded_lines": 0}, "missing_lines": [65, 71, 72, 73, 78, 79, 80, 104, 129, 925, 953, 954, 969, 970, 1004, 1005, 1007, 1077, 1078, 1132, 1151, 1159, 1162, 1163, 1165, 1166, 1168, 1170, 1171, 1180, 1181, 1183, 1184, 1186, 1187, 1189, 1191, 1192, 1196, 1204, 1207, 1211, 1213, 1214, 1216, 1218, 1219, 1222, 1228, 1237, 1238, 1240, 1242, 1251, 1253, 1254, 1255, 1258, 1262, 1266, 1267, 1277, 1278, 1279, 1290, 1293, 1294, 1295, 1299, 1301, 1302, 1304, 1308, 1309, 1310, 1314, 1316, 1326, 1334, 1335, 1336, 1342, 1345, 1349, 1351, 1362, 1363, 1364, 1372, 1374, 1385, 1386, 1389, 1392, 1396, 1397, 1398, 1399, 1408, 1409, 1410, 1411, 1420, 1421, 1423, 1444, 1487, 1488, 1489, 1492, 1493, 1501, 1502, 1504, 1539, 1540, 1543, 1544, 1547, 1548, 1551, 1552, 1585, 1589, 1591, 1593, 1595, 1600, 1618, 1649, 1650, 1651, 1654, 1655, 1663, 1664, 1666, 1724, 1734, 1770, 1778, 1779, 1780, 1783, 1784, 1785, 1790, 1798, 1806, 1807, 1809, 1810, 1812, 1823, 1824, 1832, 1845, 1846, 1855, 1856, 1857, 1858, 1862, 1865, 1866, 1877, 1878, 1879, 1881], "excluded_lines": []}}}, "src/finos_mcp/tools/listing.py": {"executed_lines": [1, 6, 7, 9, 10, 12, 13, 14, 16, 19, 20, 23, 24, 28, 42, 53, 54, 56, 57, 58, 59, 68, 69, 70, 71, 73, 78, 80, 91, 94, 107, 113, 115, 116, 117, 118, 120, 122, 123, 124, 125], "summary": {"covered_lines": 38, "num_statements": 40, "percent_covered": 95.0, "percent_covered_display": "95", "missing_lines": 2, "excluded_lines": 0}, "missing_lines": [75, 127], "excluded_lines": [], "functions": {"_list_documents": {"executed_lines": [53, 54, 56, 57, 58, 59, 68, 69, 70, 71, 73, 78, 80, 91], "summary": {"covered_lines": 14, "num_statements": 15, "percent_covered": 93.33333333333333, "percent_covered_display": "93", "missing_lines": 1, "excluded_lines": 0}, "missing_lines": [75], "excluded_lines": []}, "handle_listing_tools": {"executed_lines": [107, 113, 115, 116, 117, 118, 120, 122, 123, 124, 125], "summary": {"covered_lines": 11, "num_statements": 12, "percent_covered": 91.66666666666667, "percent_covered_display": "92", "missing_lines": 1, "excluded_lines": 0}, "missing_lines": [127], "excluded_lines": []}, "": {"executed_lines": [1, 6, 7, 9, 10, 12, 13, 14, 16, 19, 20, 23, 24, 28, 42, 94], "summary": {"covered_lines": 13, "num_statements": 13, "percent_covered": 100.0, "percent_covered_display": "100", "missing_lines": 0, "excluded_lines": 0}, "missing_lines": [], "excluded_lines": []}}, "classes": {"ListAllMitigationsRequest": {"executed_lines": [], "summary": {"covered_lines": 0, "num_statements": 0, "percent_covered": 100.0, "percent_covered_display": "100", "missing_lines": 0, "excluded_lines": 0}, "missing_lines": [], "excluded_lines": []}, "ListAllRisksRequest": {"executed_lines": [], "summary": {"covered_lines": 0, "num_statements": 0, "percent_covered": 100.0, "percent_covered_display": "100", "missing_lines": 0, "excluded_lines": 0}, "missing_lines": [], "excluded_lines": []}, "": {"executed_lines": [1, 6, 7, 9, 10, 12, 13, 14, 16, 19, 20, 23, 24, 28, 42, 53, 54, 56, 57, 58, 59, 68, 69, 70, 71, 73, 78, 80, 91, 94, 107, 113, 115, 116, 117, 118, 120, 122, 123, 124, 125], "summary": {"covered_lines": 38, "num_statements": 40, "percent_covered": 95.0, "percent_covered_display": "95", "missing_lines": 2, "excluded_lines": 0}, "missing_lines": [75, 127], "excluded_lines": []}}}, "src/finos_mcp/tools/search.py": {"executed_lines": [1, 7, 8, 9, 10, 12, 13, 14, 16, 17, 18, 22, 23, 28, 30, 32, 35, 38, 58, 79, 80, 82, 84, 85, 86, 87, 89, 91, 92, 93, 95, 98, 99, 104, 106, 108, 110, 111, 113, 118, 120, 134, 154, 157, 159, 162, 164, 165, 168, 170, 171, 174, 175, 177, 180, 185, 186, 188, 189, 195, 237, 252, 253, 255, 257, 258, 259, 264, 273, 274, 278, 279, 281, 282, 290, 291, 292, 293, 295, 297, 309, 312, 325, 331, 332, 334, 337, 339, 347, 348, 354, 356, 365, 366, 368, 371, 373, 381, 382, 385, 387, 400], "summary": {"covered_lines": 98, "num_statements": 115, "percent_covered": 85.21739130434783, "percent_covered_display": "85", "missing_lines": 17, "excluded_lines": 0}, "missing_lines": [24, 25, 31, 136, 145, 150, 260, 261, 275, 357, 358, 363, 388, 389, 394, 397, 402], "excluded_lines": [], "functions": {"ValidationError.__init__": {"executed_lines": [], "summary": {"covered_lines": 0, "num_statements": 2, "percent_covered": 0.0, "percent_covered_display": "0", "missing_lines": 2, "excluded_lines": 0}, "missing_lines": [24, 25], "excluded_lines": []}, "validate_search_request": {"executed_lines": [30, 32], "summary": {"covered_lines": 2, "num_statements": 3, "percent_covered": 66.66666666666667, "percent_covered_display": "67", "missing_lines": 1, "excluded_lines": 0}, "missing_lines": [31], "excluded_lines": []}, "DiscoveryCacheManager.__new__": {"executed_lines": [85, 86, 87], "summary": {"covered_lines": 3, "num_statements": 3, "percent_covered": 100.0, "percent_covered_display": "100", "missing_lines": 0, "excluded_lines": 0}, "missing_lines": [], "excluded_lines": []}, "DiscoveryCacheManager.__init__": {"executed_lines": [91, 92, 93], "summary": {"covered_lines": 3, "num_statements": 3, "percent_covered": 100.0, "percent_covered_display": "100", "missing_lines": 0, "excluded_lines": 0}, "missing_lines": [], "excluded_lines": []}, "DiscoveryCacheManager.get_file_lists": {"executed_lines": [98, 99, 104, 106, 108, 110, 111, 113, 118, 120, 134], "summary": {"covered_lines": 11, "num_statements": 14, "percent_covered": 78.57142857142857, "percent_covered_display": "79", "missing_lines": 3, "excluded_lines": 0}, "missing_lines": [136, 145, 150], "excluded_lines": []}, "get_file_lists": {"executed_lines": [159], "summary": {"covered_lines": 1, "num_statements": 1, "percent_covered": 100.0, "percent_covered_display": "100", "missing_lines": 0, "excluded_lines": 0}, "missing_lines": [], "excluded_lines": []}, "get_mitigation_files": {"executed_lines": [164, 165], "summary": {"covered_lines": 2, "num_statements": 2, "percent_covered": 100.0, "percent_covered_display": "100", "missing_lines": 0, "excluded_lines": 0}, "missing_lines": [], "excluded_lines": []}, "get_risk_files": {"executed_lines": [170, 171], "summary": {"covered_lines": 2, "num_statements": 2, "percent_covered": 100.0, "percent_covered_display": "100", "missing_lines": 0, "excluded_lines": 0}, "missing_lines": [], "excluded_lines": []}, "_search_documents": {"executed_lines": [252, 253, 255, 257, 258, 259, 264, 273, 274, 278, 279, 281, 282, 290, 291, 292, 293, 295, 297, 309], "summary": {"covered_lines": 20, "num_statements": 23, "percent_covered": 86.95652173913044, "percent_covered_display": "87", "missing_lines": 3, "excluded_lines": 0}, "missing_lines": [260, 261, 275], "excluded_lines": []}, "handle_search_tools": {"executed_lines": [325, 331, 332, 334, 337, 339, 347, 348, 354, 356, 365, 366, 368, 371, 373, 381, 382, 385, 387], "summary": {"covered_lines": 19, "num_statements": 26, "percent_covered": 73.07692307692308, "percent_covered_display": "73", "missing_lines": 7, "excluded_lines": 0}, "missing_lines": [357, 358, 363, 388, 389, 394, 397], "excluded_lines": []}, "_get_search_suggestions": {"executed_lines": [], "summary": {"covered_lines": 0, "num_statements": 1, "percent_covered": 0.0, "percent_covered_display": "0", "missing_lines": 1, "excluded_lines": 0}, "missing_lines": [402], "excluded_lines": []}, "": {"executed_lines": [1, 7, 8, 9, 10, 12, 13, 14, 16, 17, 18, 22, 23, 28, 35, 38, 58, 79, 80, 82, 84, 89, 95, 154, 157, 162, 168, 174, 175, 177, 180, 185, 186, 188, 189, 195, 237, 312, 400], "summary": {"covered_lines": 35, "num_statements": 35, "percent_covered": 100.0, "percent_covered_display": "100", "missing_lines": 0, "excluded_lines": 0}, "missing_lines": [], "excluded_lines": []}}, "classes": {"ValidationError": {"executed_lines": [], "summary": {"covered_lines": 0, "num_statements": 2, "percent_covered": 0.0, "percent_covered_display": "0", "missing_lines": 2, "excluded_lines": 0}, "missing_lines": [24, 25], "excluded_lines": []}, "DiscoveryCacheManager": {"executed_lines": [85, 86, 87, 91, 92, 93, 98, 99, 104, 106, 108, 110, 111, 113, 118, 120, 134], "summary": {"covered_lines": 17, "num_statements": 20, "percent_covered": 85.0, "percent_covered_display": "85", "missing_lines": 3, "excluded_lines": 0}, "missing_lines": [136, 145, 150], "excluded_lines": []}, "SearchMitigationsRequest": {"executed_lines": [], "summary": {"covered_lines": 0, "num_statements": 0, "percent_covered": 100.0, "percent_covered_display": "100", "missing_lines": 0, "excluded_lines": 0}, "missing_lines": [], "excluded_lines": []}, "SearchRisksRequest": {"executed_lines": [], "summary": {"covered_lines": 0, "num_statements": 0, "percent_covered": 100.0, "percent_covered_display": "100", "missing_lines": 0, "excluded_lines": 0}, "missing_lines": [], "excluded_lines": []}, "": {"executed_lines": [1, 7, 8, 9, 10, 12, 13, 14, 16, 17, 18, 22, 23, 28, 30, 32, 35, 38, 58, 79, 80, 82, 84, 89, 95, 154, 157, 159, 162, 164, 165, 168, 170, 171, 174, 175, 177, 180, 185, 186, 188, 189, 195, 237, 252, 253, 255, 257, 258, 259, 264, 273, 274, 278, 279, 281, 282, 290, 291, 292, 293, 295, 297, 309, 312, 325, 331, 332, 334, 337, 339, 347, 348, 354, 356, 365, 366, 368, 371, 373, 381, 382, 385, 387, 400], "summary": {"covered_lines": 81, "num_statements": 93, "percent_covered": 87.09677419354838, "percent_covered_display": "87", "missing_lines": 12, "excluded_lines": 0}, "missing_lines": [31, 260, 261, 275, 357, 358, 363, 388, 389, 394, 397, 402], "excluded_lines": []}}}, "src/finos_mcp/tools/system.py": {"executed_lines": [1, 6, 7, 9, 10, 12, 13, 15, 18, 19, 22, 23, 26, 27, 30, 31, 35, 59, 72, 78, 80, 82, 85, 86, 88, 96, 98, 100, 103, 104, 106, 115, 117, 119, 122, 124, 136, 138, 140, 143, 145, 151, 159], "summary": {"covered_lines": 38, "num_statements": 39, "percent_covered": 97.43589743589743, "percent_covered_display": "97", "missing_lines": 1, "excluded_lines": 0}, "missing_lines": [162], "excluded_lines": [], "functions": {"handle_system_tools": {"executed_lines": [72, 78, 80, 82, 85, 86, 88, 96, 98, 100, 103, 104, 106, 115, 117, 119, 122, 124, 136, 138, 140, 143, 145, 151, 159], "summary": {"covered_lines": 25, "num_statements": 26, "percent_covered": 96.15384615384616, "percent_covered_display": "96", "missing_lines": 1, "excluded_lines": 0}, "missing_lines": [162], "excluded_lines": []}, "": {"executed_lines": [1, 6, 7, 9, 10, 12, 13, 15, 18, 19, 22, 23, 26, 27, 30, 31, 35, 59], "summary": {"covered_lines": 13, "num_statements": 13, "percent_covered": 100.0, "percent_covered_display": "100", "missing_lines": 0, "excluded_lines": 0}, "missing_lines": [], "excluded_lines": []}}, "classes": {"GetCacheStatsRequest": {"executed_lines": [], "summary": {"covered_lines": 0, "num_statements": 0, "percent_covered": 100.0, "percent_covered_display": "100", "missing_lines": 0, "excluded_lines": 0}, "missing_lines": [], "excluded_lines": []}, "GetServiceHealthRequest": {"executed_lines": [], "summary": {"covered_lines": 0, "num_statements": 0, "percent_covered": 100.0, "percent_covered_display": "100", "missing_lines": 0, "excluded_lines": 0}, "missing_lines": [], "excluded_lines": []}, "GetServiceMetricsRequest": {"executed_lines": [], "summary": {"covered_lines": 0, "num_statements": 0, "percent_covered": 100.0, "percent_covered_display": "100", "missing_lines": 0, "excluded_lines": 0}, "missing_lines": [], "excluded_lines": []}, "ResetServiceHealthRequest": {"executed_lines": [], "summary": {"covered_lines": 0, "num_statements": 0, "percent_covered": 100.0, "percent_covered_display": "100", "missing_lines": 0, "excluded_lines": 0}, "missing_lines": [], "excluded_lines": []}, "": {"executed_lines": [1, 6, 7, 9, 10, 12, 13, 15, 18, 19, 22, 23, 26, 27, 30, 31, 35, 59, 72, 78, 80, 82, 85, 86, 88, 96, 98, 100, 103, 104, 106, 115, 117, 119, 122, 124, 136, 138, 140, 143, 145, 151, 159], "summary": {"covered_lines": 38, "num_statements": 39, "percent_covered": 97.43589743589743, "percent_covered_display": "97", "missing_lines": 1, "excluded_lines": 0}, "missing_lines": [162], "excluded_lines": []}}}}, "totals": {"covered_lines": 5265, "num_statements": 7166, "percent_covered": 73.47195087915155, "percent_covered_display": "73", "missing_lines": 1901, "excluded_lines": 0}}
