{"meta": {"format": 3, "version": "7.10.6", "timestamp": "2025-09-16T08:48:40.070214", "branch_coverage": false, "show_contexts": false}, "files": {"src/finos_mcp/__init__.py": {"executed_lines": [1, 15, 16, 19, 20, 21, 22, 25, 34, 37, 39, 42], "summary": {"covered_lines": 11, "num_statements": 14, "percent_covered": 78.57142857142857, "percent_covered_display": "79", "missing_lines": 3, "excluded_lines": 0}, "missing_lines": [17, 18, 44], "excluded_lines": [], "functions": {"get_version": {"executed_lines": [39], "summary": {"covered_lines": 1, "num_statements": 1, "percent_covered": 100.0, "percent_covered_display": "100", "missing_lines": 0, "excluded_lines": 0}, "missing_lines": [], "excluded_lines": []}, "get_package_info": {"executed_lines": [], "summary": {"covered_lines": 0, "num_statements": 1, "percent_covered": 0.0, "percent_covered_display": "0", "missing_lines": 1, "excluded_lines": 0}, "missing_lines": [44], "excluded_lines": []}, "": {"executed_lines": [1, 15, 16, 19, 20, 21, 22, 25, 34, 37, 42], "summary": {"covered_lines": 10, "num_statements": 12, "percent_covered": 83.33333333333333, "percent_covered_display": "83", "missing_lines": 2, "excluded_lines": 0}, "missing_lines": [17, 18], "excluded_lines": []}}, "classes": {"": {"executed_lines": [1, 15, 16, 19, 20, 21, 22, 25, 34, 37, 39, 42], "summary": {"covered_lines": 11, "num_statements": 14, "percent_covered": 78.57142857142857, "percent_covered_display": "79", "missing_lines": 3, "excluded_lines": 0}, "missing_lines": [17, 18, 44], "excluded_lines": []}}}, "src/finos_mcp/_version.py": {"executed_lines": [4, 13, 14, 21, 22, 24, 25, 26, 27, 28, 29, 31, 32, 34], "summary": {"covered_lines": 14, "num_statements": 18, "percent_covered": 77.77777777777777, "percent_covered_display": "78", "missing_lines": 4, "excluded_lines": 0}, "missing_lines": [15, 16, 18, 19], "excluded_lines": [], "functions": {"": {"executed_lines": [4, 13, 14, 21, 22, 24, 25, 26, 27, 28, 29, 31, 32, 34], "summary": {"covered_lines": 14, "num_statements": 18, "percent_covered": 77.77777777777777, "percent_covered_display": "78", "missing_lines": 4, "excluded_lines": 0}, "missing_lines": [15, 16, 18, 19], "excluded_lines": []}}, "classes": {"": {"executed_lines": [4, 13, 14, 21, 22, 24, 25, 26, 27, 28, 29, 31, 32, 34], "summary": {"covered_lines": 14, "num_statements": 18, "percent_covered": 77.77777777777777, "percent_covered_display": "78", "missing_lines": 4, "excluded_lines": 0}, "missing_lines": [15, 16, 18, 19], "excluded_lines": []}}}, "src/finos_mcp/config.py": {"executed_lines": [1, 22, 23, 24, 25, 26, 28, 29, 30, 32, 33, 38, 39, 46, 52, 60, 66, 71, 78, 85, 93, 99, 104, 110, 116, 123, 129, 136, 143, 148, 155, 156, 157, 159, 160, 161, 162, 164, 165, 166, 168, 169, 238, 239, 240, 242, 245, 246, 247, 248, 251, 252, 255, 263, 264, 269, 270, 280, 282, 284, 289, 291, 292, 293, 295, 296, 298, 301, 302, 305, 314, 317, 318, 319, 321, 322, 323, 324, 325, 327, 329, 330, 331, 335, 336, 338, 340, 343, 345, 346, 348, 350, 351, 353, 355, 356, 358, 368, 371, 372, 374, 376, 378, 385, 388, 389, 390, 396, 399, 403, 406, 409, 414, 417, 424, 425, 427, 428, 430, 431, 432, 433, 435, 448, 449, 450, 451, 452, 453, 454, 456, 460, 463, 476, 479, 492, 493, 494, 495, 496, 497, 498, 501, 505, 509, 511, 513, 515, 516, 520, 524], "summary": {"covered_lines": 148, "num_statements": 199, "percent_covered": 74.37185929648241, "percent_covered_display": "74", "missing_lines": 51, "excluded_lines": 0}, "missing_lines": [34, 35, 172, 183, 185, 186, 189, 190, 192, 194, 195, 198, 199, 201, 203, 204, 207, 208, 211, 212, 214, 216, 217, 220, 221, 225, 226, 229, 236, 271, 277, 287, 320, 339, 341, 391, 392, 393, 397, 400, 404, 407, 410, 415, 418, 421, 502, 503, 525, 526, 527], "excluded_lines": [], "functions": {"Settings.validate_log_level": {"executed_lines": [159, 160, 161, 162], "summary": {"covered_lines": 4, "num_statements": 4, "percent_covered": 100.0, "percent_covered_display": "100", "missing_lines": 0, "excluded_lines": 0}, "missing_lines": [], "excluded_lines": []}, "Settings.validate_github_token": {"executed_lines": [168, 169], "summary": {"covered_lines": 2, "num_statements": 29, "percent_covered": 6.896551724137931, "percent_covered_display": "7", "missing_lines": 27, "excluded_lines": 0}, "missing_lines": [172, 183, 185, 186, 189, 190, 192, 194, 195, 198, 199, 201, 203, 204, 207, 208, 211, 212, 214, 216, 217, 220, 221, 225, 226, 229, 236], "excluded_lines": []}, "Settings.validate_base_url": {"executed_lines": [242, 245, 246, 247, 248, 251, 252, 255, 263, 264, 269, 270, 280, 282, 284, 289], "summary": {"covered_lines": 16, "num_statements": 19, "percent_covered": 84.21052631578948, "percent_covered_display": "84", "missing_lines": 3, "excluded_lines": 0}, "missing_lines": [271, 277, 287], "excluded_lines": []}, "Settings.validate_config_file": {"executed_lines": [295, 296, 298, 301, 302, 305, 314, 317, 318, 319, 321, 322, 323, 324, 325, 327, 329, 330, 331, 335, 336, 338, 340, 343], "summary": {"covered_lines": 24, "num_statements": 27, "percent_covered": 88.88888888888889, "percent_covered_display": "89", "missing_lines": 3, "excluded_lines": 0}, "missing_lines": [320, 339, 341], "excluded_lines": []}, "Settings.mitigations_url": {"executed_lines": [348], "summary": {"covered_lines": 1, "num_statements": 1, "percent_covered": 100.0, "percent_covered_display": "100", "missing_lines": 0, "excluded_lines": 0}, "missing_lines": [], "excluded_lines": []}, "Settings.risks_url": {"executed_lines": [353], "summary": {"covered_lines": 1, "num_statements": 1, "percent_covered": 100.0, "percent_covered_display": "100", "missing_lines": 0, "excluded_lines": 0}, "missing_lines": [], "excluded_lines": []}, "Settings.logging_config": {"executed_lines": [358], "summary": {"covered_lines": 1, "num_statements": 1, "percent_covered": 100.0, "percent_covered_display": "100", "missing_lines": 0, "excluded_lines": 0}, "missing_lines": [], "excluded_lines": []}, "Settings.configure_logging": {"executed_lines": [371, 372, 374, 376], "summary": {"covered_lines": 4, "num_statements": 4, "percent_covered": 100.0, "percent_covered_display": "100", "missing_lines": 0, "excluded_lines": 0}, "missing_lines": [], "excluded_lines": []}, "Settings.validate_startup": {"executed_lines": [385, 388, 389, 390, 396, 399, 403, 406, 409, 414, 417], "summary": {"covered_lines": 11, "num_statements": 22, "percent_covered": 50.0, "percent_covered_display": "50", "missing_lines": 11, "excluded_lines": 0}, "missing_lines": [391, 392, 393, 397, 400, 404, 407, 410, 415, 418, 421], "excluded_lines": []}, "SettingsManager.__new__": {"executed_lines": [431, 432, 433], "summary": {"covered_lines": 3, "num_statements": 3, "percent_covered": 100.0, "percent_covered_display": "100", "missing_lines": 0, "excluded_lines": 0}, "missing_lines": [], "excluded_lines": []}, "SettingsManager.get_settings": {"executed_lines": [448, 449, 450, 451, 452, 453, 454, 456], "summary": {"covered_lines": 8, "num_statements": 8, "percent_covered": 100.0, "percent_covered_display": "100", "missing_lines": 0, "excluded_lines": 0}, "missing_lines": [], "excluded_lines": []}, "get_settings": {"executed_lines": [476], "summary": {"covered_lines": 1, "num_statements": 1, "percent_covered": 100.0, "percent_covered_display": "100", "missing_lines": 0, "excluded_lines": 0}, "missing_lines": [], "excluded_lines": []}, "validate_settings_on_startup": {"executed_lines": [492, 493, 494, 495, 496, 497, 498, 501, 505, 509, 511, 513, 515, 516, 520, 524], "summary": {"covered_lines": 16, "num_statements": 21, "percent_covered": 76.19047619047619, "percent_covered_display": "76", "missing_lines": 5, "excluded_lines": 0}, "missing_lines": [502, 503, 525, 526, 527], "excluded_lines": []}, "": {"executed_lines": [1, 22, 23, 24, 25, 26, 28, 29, 30, 32, 33, 38, 39, 46, 52, 60, 66, 71, 78, 85, 93, 99, 104, 110, 116, 123, 129, 136, 143, 148, 155, 156, 157, 164, 165, 166, 238, 239, 240, 291, 292, 293, 345, 346, 350, 351, 355, 356, 368, 378, 424, 425, 427, 428, 430, 435, 460, 463, 479], "summary": {"covered_lines": 56, "num_statements": 58, "percent_covered": 96.55172413793103, "percent_covered_display": "97", "missing_lines": 2, "excluded_lines": 0}, "missing_lines": [34, 35], "excluded_lines": []}}, "classes": {"Settings": {"executed_lines": [159, 160, 161, 162, 168, 169, 242, 245, 246, 247, 248, 251, 252, 255, 263, 264, 269, 270, 280, 282, 284, 289, 295, 296, 298, 301, 302, 305, 314, 317, 318, 319, 321, 322, 323, 324, 325, 327, 329, 330, 331, 335, 336, 338, 340, 343, 348, 353, 358, 371, 372, 374, 376, 385, 388, 389, 390, 396, 399, 403, 406, 409, 414, 417], "summary": {"covered_lines": 64, "num_statements": 108, "percent_covered": 59.25925925925926, "percent_covered_display": "59", "missing_lines": 44, "excluded_lines": 0}, "missing_lines": [172, 183, 185, 186, 189, 190, 192, 194, 195, 198, 199, 201, 203, 204, 207, 208, 211, 212, 214, 216, 217, 220, 221, 225, 226, 229, 236, 271, 277, 287, 320, 339, 341, 391, 392, 393, 397, 400, 404, 407, 410, 415, 418, 421], "excluded_lines": []}, "SettingsManager": {"executed_lines": [431, 432, 433, 448, 449, 450, 451, 452, 453, 454, 456], "summary": {"covered_lines": 11, "num_statements": 11, "percent_covered": 100.0, "percent_covered_display": "100", "missing_lines": 0, "excluded_lines": 0}, "missing_lines": [], "excluded_lines": []}, "": {"executed_lines": [1, 22, 23, 24, 25, 26, 28, 29, 30, 32, 33, 38, 39, 46, 52, 60, 66, 71, 78, 85, 93, 99, 104, 110, 116, 123, 129, 136, 143, 148, 155, 156, 157, 164, 165, 166, 238, 239, 240, 291, 292, 293, 345, 346, 350, 351, 355, 356, 368, 378, 424, 425, 427, 428, 430, 435, 460, 463, 476, 479, 492, 493, 494, 495, 496, 497, 498, 501, 505, 509, 511, 513, 515, 516, 520, 524], "summary": {"covered_lines": 73, "num_statements": 80, "percent_covered": 91.25, "percent_covered_display": "91", "missing_lines": 7, "excluded_lines": 0}, "missing_lines": [34, 35, 502, 503, 525, 526, 527], "excluded_lines": []}}}, "src/finos_mcp/content/__init__.py": {"executed_lines": [1, 10, 12, 15, 16], "summary": {"covered_lines": 4, "num_statements": 6, "percent_covered": 66.66666666666667, "percent_covered_display": "67", "missing_lines": 2, "excluded_lines": 0}, "missing_lines": [17, 18], "excluded_lines": [], "functions": {"": {"executed_lines": [1, 10, 12, 15, 16], "summary": {"covered_lines": 4, "num_statements": 6, "percent_covered": 66.66666666666667, "percent_covered_display": "67", "missing_lines": 2, "excluded_lines": 0}, "missing_lines": [17, 18], "excluded_lines": []}}, "classes": {"": {"executed_lines": [1, 10, 12, 15, 16], "summary": {"covered_lines": 4, "num_statements": 6, "percent_covered": 66.66666666666667, "percent_covered_display": "67", "missing_lines": 2, "excluded_lines": 0}, "missing_lines": [17, 18], "excluded_lines": []}}}, "src/finos_mcp/content/cache.py": {"executed_lines": [1, 25, 26, 27, 28, 29, 30, 31, 32, 33, 34, 36, 37, 39, 41, 42, 45, 46, 48, 49, 50, 51, 52, 53, 54, 57, 58, 59, 71, 72, 73, 74, 75, 76, 78, 80, 81, 83, 86, 88, 90, 93, 94, 96, 98, 101, 103, 105, 108, 111, 114, 115, 116, 118, 119, 120, 121, 122, 123, 124, 125, 126, 127, 128, 130, 132, 133, 135, 137, 138, 153, 154, 156, 157, 161, 162, 166, 167, 171, 172, 176, 177, 181, 182, 186, 187, 191, 192, 197, 198, 210, 229, 230, 231, 232, 235, 236, 239, 242, 243, 244, 246, 248, 249, 251, 253, 255, 256, 257, 259, 260, 261, 262, 275, 276, 277, 281, 288, 291, 293, 296, 297, 299, 300, 306, 309, 321, 323, 324, 326, 328, 329, 334, 359, 363, 364, 365, 366, 367, 368, 369, 370, 371, 372, 373, 374, 375, 376, 379, 380, 384, 386, 390, 391, 393, 395, 397, 399, 401, 403, 404, 406, 407, 408, 411, 412, 413, 414, 415, 416, 419, 420, 422, 423, 425, 427, 430, 431, 434, 435, 436, 439, 441, 443, 453, 454, 455, 458, 459, 462, 464, 466, 468, 469, 470, 471, 472, 473, 475, 477, 478, 479, 481, 483, 485, 486, 487, 488, 491, 492, 493, 494, 496, 498, 500, 501, 503, 505, 507, 510, 512, 526, 528, 529, 531, 532, 533, 534, 537, 538, 539, 541, 542, 544, 546, 548, 550, 551, 552, 553, 555, 567, 569, 570, 571, 572, 573, 574, 576, 577, 580, 581, 583, 584, 586, 587, 588, 589, 591, 598, 599, 602, 603, 605, 613, 619, 621, 623, 624, 625, 626, 630, 633, 640, 643, 645], "summary": {"covered_lines": 269, "num_statements": 309, "percent_covered": 87.05501618122977, "percent_covered_display": "87", "missing_lines": 40, "excluded_lines": 0}, "missing_lines": [84, 91, 99, 106, 109, 159, 164, 169, 174, 179, 184, 189, 194, 266, 273, 278, 279, 289, 311, 318, 319, 330, 332, 336, 337, 338, 339, 340, 341, 342, 343, 344, 345, 346, 347, 348, 355, 356, 357, 387], "excluded_lines": [], "functions": {"CacheEntry.is_expired": {"executed_lines": [80, 81, 83, 86], "summary": {"covered_lines": 4, "num_statements": 5, "percent_covered": 80.0, "percent_covered_display": "80", "missing_lines": 1, "excluded_lines": 0}, "missing_lines": [84], "excluded_lines": []}, "CacheEntry.touch": {"executed_lines": [90, 93, 94], "summary": {"covered_lines": 3, "num_statements": 4, "percent_covered": 75.0, "percent_covered_display": "75", "missing_lines": 1, "excluded_lines": 0}, "missing_lines": [91], "excluded_lines": []}, "CacheEntry.age_seconds": {"executed_lines": [98, 101], "summary": {"covered_lines": 2, "num_statements": 3, "percent_covered": 66.66666666666667, "percent_covered_display": "67", "missing_lines": 1, "excluded_lines": 0}, "missing_lines": [99], "excluded_lines": []}, "CacheEntry.time_to_expiry": {"executed_lines": [105, 108, 111], "summary": {"covered_lines": 3, "num_statements": 5, "percent_covered": 60.0, "percent_covered_display": "60", "missing_lines": 2, "excluded_lines": 0}, "missing_lines": [106, 109], "excluded_lines": []}, "CacheStats.update_hit_rate": {"executed_lines": [132, 133], "summary": {"covered_lines": 2, "num_statements": 2, "percent_covered": 100.0, "percent_covered_display": "100", "missing_lines": 0, "excluded_lines": 0}, "missing_lines": [], "excluded_lines": []}, "CacheStats.to_dict": {"executed_lines": [137, 138], "summary": {"covered_lines": 2, "num_statements": 2, "percent_covered": 100.0, "percent_covered_display": "100", "missing_lines": 0, "excluded_lines": 0}, "missing_lines": [], "excluded_lines": []}, "CacheInterface.get": {"executed_lines": [], "summary": {"covered_lines": 0, "num_statements": 1, "percent_covered": 0.0, "percent_covered_display": "0", "missing_lines": 1, "excluded_lines": 0}, "missing_lines": [159], "excluded_lines": []}, "CacheInterface.set": {"executed_lines": [], "summary": {"covered_lines": 0, "num_statements": 1, "percent_covered": 0.0, "percent_covered_display": "0", "missing_lines": 1, "excluded_lines": 0}, "missing_lines": [164], "excluded_lines": []}, "CacheInterface.delete": {"executed_lines": [], "summary": {"covered_lines": 0, "num_statements": 1, "percent_covered": 0.0, "percent_covered_display": "0", "missing_lines": 1, "excluded_lines": 0}, "missing_lines": [169], "excluded_lines": []}, "CacheInterface.clear": {"executed_lines": [], "summary": {"covered_lines": 0, "num_statements": 1, "percent_covered": 0.0, "percent_covered_display": "0", "missing_lines": 1, "excluded_lines": 0}, "missing_lines": [174], "excluded_lines": []}, "CacheInterface.exists": {"executed_lines": [], "summary": {"covered_lines": 0, "num_statements": 1, "percent_covered": 0.0, "percent_covered_display": "0", "missing_lines": 1, "excluded_lines": 0}, "missing_lines": [179], "excluded_lines": []}, "CacheInterface.size": {"executed_lines": [], "summary": {"covered_lines": 0, "num_statements": 1, "percent_covered": 0.0, "percent_covered_display": "0", "missing_lines": 1, "excluded_lines": 0}, "missing_lines": [184], "excluded_lines": []}, "CacheInterface.get_stats": {"executed_lines": [], "summary": {"covered_lines": 0, "num_statements": 1, "percent_covered": 0.0, "percent_covered_display": "0", "missing_lines": 1, "excluded_lines": 0}, "missing_lines": [189], "excluded_lines": []}, "CacheInterface.cleanup_expired": {"executed_lines": [], "summary": {"covered_lines": 0, "num_statements": 1, "percent_covered": 0.0, "percent_covered_display": "0", "missing_lines": 1, "excluded_lines": 0}, "missing_lines": [194], "excluded_lines": []}, "TTLCache.__init__": {"executed_lines": [229, 230, 231, 232, 235, 236, 239, 242, 243, 244], "summary": {"covered_lines": 10, "num_statements": 10, "percent_covered": 100.0, "percent_covered_display": "100", "missing_lines": 0, "excluded_lines": 0}, "missing_lines": [], "excluded_lines": []}, "TTLCache._start_cleanup_task": {"executed_lines": [248, 249], "summary": {"covered_lines": 2, "num_statements": 2, "percent_covered": 100.0, "percent_covered_display": "100", "missing_lines": 0, "excluded_lines": 0}, "missing_lines": [], "excluded_lines": []}, "TTLCache._background_cleanup": {"executed_lines": [253, 255, 256, 257, 259, 260, 261, 262, 275, 276, 277], "summary": {"covered_lines": 11, "num_statements": 15, "percent_covered": 73.33333333333333, "percent_covered_display": "73", "missing_lines": 4, "excluded_lines": 0}, "missing_lines": [266, 273, 278, 279], "excluded_lines": []}, "TTLCache._compress_value": {"executed_lines": [288, 291, 293, 296, 297, 299, 300, 306, 309], "summary": {"covered_lines": 9, "num_statements": 13, "percent_covered": 69.23076923076923, "percent_covered_display": "69", "missing_lines": 4, "excluded_lines": 0}, "missing_lines": [289, 311, 318, 319], "excluded_lines": []}, "TTLCache._decompress_value": {"executed_lines": [323, 324, 326, 328, 329], "summary": {"covered_lines": 5, "num_statements": 7, "percent_covered": 71.42857142857143, "percent_covered_display": "71", "missing_lines": 2, "excluded_lines": 0}, "missing_lines": [330, 332], "excluded_lines": []}, "TTLCache._estimate_uncompressed_size": {"executed_lines": [], "summary": {"covered_lines": 0, "num_statements": 16, "percent_covered": 0.0, "percent_covered_display": "0", "missing_lines": 16, "excluded_lines": 0}, "missing_lines": [336, 337, 338, 339, 340, 341, 342, 343, 344, 345, 346, 347, 348, 355, 356, 357], "excluded_lines": []}, "TTLCache._record_operation": {"executed_lines": [363, 364, 365, 366, 367, 368, 369, 370, 371, 372, 373, 374, 375, 376, 379, 380], "summary": {"covered_lines": 16, "num_statements": 16, "percent_covered": 100.0, "percent_covered_display": "100", "missing_lines": 0, "excluded_lines": 0}, "missing_lines": [], "excluded_lines": []}, "TTLCache._evict_lru": {"executed_lines": [386, 390, 391, 393], "summary": {"covered_lines": 4, "num_statements": 5, "percent_covered": 80.0, "percent_covered_display": "80", "missing_lines": 1, "excluded_lines": 0}, "missing_lines": [387], "excluded_lines": []}, "TTLCache._move_to_end": {"executed_lines": [397], "summary": {"covered_lines": 1, "num_statements": 1, "percent_covered": 100.0, "percent_covered_display": "100", "missing_lines": 0, "excluded_lines": 0}, "missing_lines": [], "excluded_lines": []}, "TTLCache.get": {"executed_lines": [401, 403, 404, 406, 407, 408, 411, 412, 413, 414, 415, 416, 419, 420, 422, 423], "summary": {"covered_lines": 16, "num_statements": 16, "percent_covered": 100.0, "percent_covered_display": "100", "missing_lines": 0, "excluded_lines": 0}, "missing_lines": [], "excluded_lines": []}, "TTLCache.set": {"executed_lines": [427, 430, 431, 434, 435, 436, 439, 441, 443, 453, 454, 455, 458, 459, 462, 464], "summary": {"covered_lines": 16, "num_statements": 16, "percent_covered": 100.0, "percent_covered_display": "100", "missing_lines": 0, "excluded_lines": 0}, "missing_lines": [], "excluded_lines": []}, "TTLCache.delete": {"executed_lines": [468, 469, 470, 471, 472, 473], "summary": {"covered_lines": 6, "num_statements": 6, "percent_covered": 100.0, "percent_covered_display": "100", "missing_lines": 0, "excluded_lines": 0}, "missing_lines": [], "excluded_lines": []}, "TTLCache.clear": {"executed_lines": [477, 478, 479], "summary": {"covered_lines": 3, "num_statements": 3, "percent_covered": 100.0, "percent_covered_display": "100", "missing_lines": 0, "excluded_lines": 0}, "missing_lines": [], "excluded_lines": []}, "TTLCache.exists": {"executed_lines": [483, 485, 486, 487, 488, 491, 492, 493, 494, 496], "summary": {"covered_lines": 10, "num_statements": 10, "percent_covered": 100.0, "percent_covered_display": "100", "missing_lines": 0, "excluded_lines": 0}, "missing_lines": [], "excluded_lines": []}, "TTLCache.size": {"executed_lines": [500, 501], "summary": {"covered_lines": 2, "num_statements": 2, "percent_covered": 100.0, "percent_covered_display": "100", "missing_lines": 0, "excluded_lines": 0}, "missing_lines": [], "excluded_lines": []}, "TTLCache.get_stats": {"executed_lines": [505, 507, 510, 512], "summary": {"covered_lines": 4, "num_statements": 4, "percent_covered": 100.0, "percent_covered_display": "100", "missing_lines": 0, "excluded_lines": 0}, "missing_lines": [], "excluded_lines": []}, "TTLCache.cleanup_expired": {"executed_lines": [528, 529, 531, 532, 533, 534, 537, 538, 539, 541, 542, 544], "summary": {"covered_lines": 12, "num_statements": 12, "percent_covered": 100.0, "percent_covered_display": "100", "missing_lines": 0, "excluded_lines": 0}, "missing_lines": [], "excluded_lines": []}, "TTLCache.get_entry_info": {"executed_lines": [548, 550, 551, 552, 553, 555], "summary": {"covered_lines": 6, "num_statements": 6, "percent_covered": 100.0, "percent_covered_display": "100", "missing_lines": 0, "excluded_lines": 0}, "missing_lines": [], "excluded_lines": []}, "TTLCache.close": {"executed_lines": [569, 570, 571, 572, 573, 574, 576, 577], "summary": {"covered_lines": 8, "num_statements": 8, "percent_covered": 100.0, "percent_covered_display": "100", "missing_lines": 0, "excluded_lines": 0}, "missing_lines": [], "excluded_lines": []}, "CacheManager.__new__": {"executed_lines": [587, 588, 589], "summary": {"covered_lines": 3, "num_statements": 3, "percent_covered": 100.0, "percent_covered_display": "100", "missing_lines": 0, "excluded_lines": 0}, "missing_lines": [], "excluded_lines": []}, "CacheManager.get_cache": {"executed_lines": [598, 599, 602, 603, 605, 613, 619], "summary": {"covered_lines": 7, "num_statements": 7, "percent_covered": 100.0, "percent_covered_display": "100", "missing_lines": 0, "excluded_lines": 0}, "missing_lines": [], "excluded_lines": []}, "CacheManager.close_cache": {"executed_lines": [623, 624, 625, 626], "summary": {"covered_lines": 4, "num_statements": 4, "percent_covered": 100.0, "percent_covered_display": "100", "missing_lines": 0, "excluded_lines": 0}, "missing_lines": [], "excluded_lines": []}, "get_cache": {"executed_lines": [640], "summary": {"covered_lines": 1, "num_statements": 1, "percent_covered": 100.0, "percent_covered_display": "100", "missing_lines": 0, "excluded_lines": 0}, "missing_lines": [], "excluded_lines": []}, "close_cache": {"executed_lines": [645], "summary": {"covered_lines": 1, "num_statements": 1, "percent_covered": 100.0, "percent_covered_display": "100", "missing_lines": 0, "excluded_lines": 0}, "missing_lines": [], "excluded_lines": []}, "": {"executed_lines": [1, 25, 26, 27, 28, 29, 30, 31, 32, 33, 34, 36, 37, 39, 41, 42, 45, 46, 48, 49, 50, 51, 52, 53, 54, 57, 58, 59, 71, 72, 73, 74, 75, 76, 78, 88, 96, 103, 114, 115, 116, 118, 119, 120, 121, 122, 123, 124, 125, 126, 127, 128, 130, 135, 153, 154, 156, 157, 161, 162, 166, 167, 171, 172, 176, 177, 181, 182, 186, 187, 191, 192, 197, 198, 210, 246, 251, 281, 321, 334, 359, 384, 395, 399, 425, 466, 475, 481, 498, 503, 526, 546, 567, 580, 581, 583, 584, 586, 591, 621, 630, 633, 643], "summary": {"covered_lines": 96, "num_statements": 96, "percent_covered": 100.0, "percent_covered_display": "100", "missing_lines": 0, "excluded_lines": 0}, "missing_lines": [], "excluded_lines": []}}, "classes": {"CacheOperation": {"executed_lines": [], "summary": {"covered_lines": 0, "num_statements": 0, "percent_covered": 100.0, "percent_covered_display": "100", "missing_lines": 0, "excluded_lines": 0}, "missing_lines": [], "excluded_lines": []}, "CacheEntry": {"executed_lines": [80, 81, 83, 86, 90, 93, 94, 98, 101, 105, 108, 111], "summary": {"covered_lines": 12, "num_statements": 17, "percent_covered": 70.58823529411765, "percent_covered_display": "71", "missing_lines": 5, "excluded_lines": 0}, "missing_lines": [84, 91, 99, 106, 109], "excluded_lines": []}, "CacheStats": {"executed_lines": [132, 133, 137, 138], "summary": {"covered_lines": 4, "num_statements": 4, "percent_covered": 100.0, "percent_covered_display": "100", "missing_lines": 0, "excluded_lines": 0}, "missing_lines": [], "excluded_lines": []}, "CacheInterface": {"executed_lines": [], "summary": {"covered_lines": 0, "num_statements": 8, "percent_covered": 0.0, "percent_covered_display": "0", "missing_lines": 8, "excluded_lines": 0}, "missing_lines": [159, 164, 169, 174, 179, 184, 189, 194], "excluded_lines": []}, "TTLCache": {"executed_lines": [229, 230, 231, 232, 235, 236, 239, 242, 243, 244, 248, 249, 253, 255, 256, 257, 259, 260, 261, 262, 275, 276, 277, 288, 291, 293, 296, 297, 299, 300, 306, 309, 323, 324, 326, 328, 329, 363, 364, 365, 366, 367, 368, 369, 370, 371, 372, 373, 374, 375, 376, 379, 380, 386, 390, 391, 393, 397, 401, 403, 404, 406, 407, 408, 411, 412, 413, 414, 415, 416, 419, 420, 422, 423, 427, 430, 431, 434, 435, 436, 439, 441, 443, 453, 454, 455, 458, 459, 462, 464, 468, 469, 470, 471, 472, 473, 477, 478, 479, 483, 485, 486, 487, 488, 491, 492, 493, 494, 496, 500, 501, 505, 507, 510, 512, 528, 529, 531, 532, 533, 534, 537, 538, 539, 541, 542, 544, 548, 550, 551, 552, 553, 555, 569, 570, 571, 572, 573, 574, 576, 577], "summary": {"covered_lines": 141, "num_statements": 168, "percent_covered": 83.92857142857143, "percent_covered_display": "84", "missing_lines": 27, "excluded_lines": 0}, "missing_lines": [266, 273, 278, 279, 289, 311, 318, 319, 330, 332, 336, 337, 338, 339, 340, 341, 342, 343, 344, 345, 346, 347, 348, 355, 356, 357, 387], "excluded_lines": []}, "CacheManager": {"executed_lines": [587, 588, 589, 598, 599, 602, 603, 605, 613, 619, 623, 624, 625, 626], "summary": {"covered_lines": 14, "num_statements": 14, "percent_covered": 100.0, "percent_covered_display": "100", "missing_lines": 0, "excluded_lines": 0}, "missing_lines": [], "excluded_lines": []}, "": {"executed_lines": [1, 25, 26, 27, 28, 29, 30, 31, 32, 33, 34, 36, 37, 39, 41, 42, 45, 46, 48, 49, 50, 51, 52, 53, 54, 57, 58, 59, 71, 72, 73, 74, 75, 76, 78, 88, 96, 103, 114, 115, 116, 118, 119, 120, 121, 122, 123, 124, 125, 126, 127, 128, 130, 135, 153, 154, 156, 157, 161, 162, 166, 167, 171, 172, 176, 177, 181, 182, 186, 187, 191, 192, 197, 198, 210, 246, 251, 281, 321, 334, 359, 384, 395, 399, 425, 466, 475, 481, 498, 503, 526, 546, 567, 580, 581, 583, 584, 586, 591, 621, 630, 633, 640, 643, 645], "summary": {"covered_lines": 98, "num_statements": 98, "percent_covered": 100.0, "percent_covered_display": "100", "missing_lines": 0, "excluded_lines": 0}, "missing_lines": [], "excluded_lines": []}}}, "src/finos_mcp/content/discovery.py": {"executed_lines": [1, 7, 8, 9, 10, 11, 12, 14, 16, 17, 18, 19, 21, 24, 44, 65, 66, 67, 69, 70, 71, 72, 73, 74, 77, 78, 79, 81, 82, 83, 84, 85, 88, 89, 91, 92, 93, 94, 97, 98, 99, 100, 103, 105, 107, 109, 110, 127, 128, 130, 131, 140, 158, 161, 164, 168, 169, 171, 172, 174, 179, 185, 190, 191, 194, 195, 199, 208, 246, 250, 252, 254, 259, 264, 269, 271, 272, 273, 274, 285, 286, 288, 290, 292, 293, 296, 297, 300, 301, 302, 326, 328, 330, 332, 367, 368, 373, 412, 413, 415, 416, 418, 419, 420, 421, 423, 425, 426, 427, 431, 434, 436, 439, 441, 442, 444, 445, 448, 449, 450, 454], "summary": {"covered_lines": 116, "num_statements": 155, "percent_covered": 74.83870967741936, "percent_covered_display": "75", "missing_lines": 39, "excluded_lines": 0}, "missing_lines": [111, 124, 142, 150, 156, 165, 166, 180, 183, 186, 187, 217, 226, 227, 228, 229, 230, 240, 244, 260, 261, 294, 305, 308, 312, 320, 321, 323, 324, 370, 371, 375, 386, 397, 405, 456, 466, 467, 468], "excluded_lines": [], "functions": {"GitHubDiscoveryService.__init__": {"executed_lines": [92, 93, 94, 97, 98, 99, 100, 103], "summary": {"covered_lines": 8, "num_statements": 8, "percent_covered": 100.0, "percent_covered_display": "100", "missing_lines": 0, "excluded_lines": 0}, "missing_lines": [], "excluded_lines": []}, "GitHubDiscoveryService.discover_content": {"executed_lines": [107, 109, 110, 127, 128, 130, 131, 140], "summary": {"covered_lines": 8, "num_statements": 13, "percent_covered": 61.53846153846154, "percent_covered_display": "62", "missing_lines": 5, "excluded_lines": 0}, "missing_lines": [111, 124, 142, 150, 156], "excluded_lines": []}, "GitHubDiscoveryService._fetch_from_github": {"executed_lines": [161, 164, 168, 169, 171, 172, 174, 179, 185, 190, 191, 194, 195, 199, 208], "summary": {"covered_lines": 15, "num_statements": 29, "percent_covered": 51.724137931034484, "percent_covered_display": "52", "missing_lines": 14, "excluded_lines": 0}, "missing_lines": [165, 166, 180, 183, 186, 187, 217, 226, 227, 228, 229, 230, 240, 244], "excluded_lines": []}, "GitHubDiscoveryService._fetch_directory": {"executed_lines": [250, 252, 254, 259, 264, 269, 271, 272, 273, 274, 285, 286], "summary": {"covered_lines": 12, "num_statements": 14, "percent_covered": 85.71428571428571, "percent_covered_display": "86", "missing_lines": 2, "excluded_lines": 0}, "missing_lines": [260, 261], "excluded_lines": []}, "GitHubDiscoveryService._load_from_cache": {"executed_lines": [290, 292, 293, 296, 297, 300, 301, 302], "summary": {"covered_lines": 8, "num_statements": 16, "percent_covered": 50.0, "percent_covered_display": "50", "missing_lines": 8, "excluded_lines": 0}, "missing_lines": [294, 305, 308, 312, 320, 321, 323, 324], "excluded_lines": []}, "GitHubDiscoveryService._save_to_cache": {"executed_lines": [328, 330, 332, 367, 368], "summary": {"covered_lines": 5, "num_statements": 7, "percent_covered": 71.42857142857143, "percent_covered_display": "71", "missing_lines": 2, "excluded_lines": 0}, "missing_lines": [370, 371], "excluded_lines": []}, "GitHubDiscoveryService._create_static_fallback": {"executed_lines": [], "summary": {"covered_lines": 0, "num_statements": 4, "percent_covered": 0.0, "percent_covered_display": "0", "missing_lines": 4, "excluded_lines": 0}, "missing_lines": [375, 386, 397, 405], "excluded_lines": []}, "DiscoveryServiceManager.__new__": {"executed_lines": [419, 420, 421], "summary": {"covered_lines": 3, "num_statements": 3, "percent_covered": 100.0, "percent_covered_display": "100", "missing_lines": 0, "excluded_lines": 0}, "missing_lines": [], "excluded_lines": []}, "DiscoveryServiceManager.get_discovery_service": {"executed_lines": [425, 426, 427], "summary": {"covered_lines": 3, "num_statements": 3, "percent_covered": 100.0, "percent_covered_display": "100", "missing_lines": 0, "excluded_lines": 0}, "missing_lines": [], "excluded_lines": []}, "get_discovery_service": {"executed_lines": [436], "summary": {"covered_lines": 1, "num_statements": 1, "percent_covered": 100.0, "percent_covered_display": "100", "missing_lines": 0, "excluded_lines": 0}, "missing_lines": [], "excluded_lines": []}, "discover_content": {"executed_lines": [441, 442, 444, 445, 448, 449, 450, 454], "summary": {"covered_lines": 8, "num_statements": 12, "percent_covered": 66.66666666666667, "percent_covered_display": "67", "missing_lines": 4, "excluded_lines": 0}, "missing_lines": [456, 466, 467, 468], "excluded_lines": []}, "": {"executed_lines": [1, 7, 8, 9, 10, 11, 12, 14, 16, 17, 18, 19, 21, 24, 44, 65, 66, 67, 69, 70, 71, 72, 73, 74, 77, 78, 79, 81, 82, 83, 84, 85, 88, 89, 91, 105, 158, 246, 288, 326, 373, 412, 413, 415, 416, 418, 423, 431, 434, 439], "summary": {"covered_lines": 45, "num_statements": 45, "percent_covered": 100.0, "percent_covered_display": "100", "missing_lines": 0, "excluded_lines": 0}, "missing_lines": [], "excluded_lines": []}}, "classes": {"GitHubFileInfo": {"executed_lines": [], "summary": {"covered_lines": 0, "num_statements": 0, "percent_covered": 100.0, "percent_covered_display": "100", "missing_lines": 0, "excluded_lines": 0}, "missing_lines": [], "excluded_lines": []}, "DiscoveryResult": {"executed_lines": [], "summary": {"covered_lines": 0, "num_statements": 0, "percent_covered": 100.0, "percent_covered_display": "100", "missing_lines": 0, "excluded_lines": 0}, "missing_lines": [], "excluded_lines": []}, "GitHubDiscoveryService": {"executed_lines": [92, 93, 94, 97, 98, 99, 100, 103, 107, 109, 110, 127, 128, 130, 131, 140, 161, 164, 168, 169, 171, 172, 174, 179, 185, 190, 191, 194, 195, 199, 208, 250, 252, 254, 259, 264, 269, 271, 272, 273, 274, 285, 286, 290, 292, 293, 296, 297, 300, 301, 302, 328, 330, 332, 367, 368], "summary": {"covered_lines": 56, "num_statements": 91, "percent_covered": 61.53846153846154, "percent_covered_display": "62", "missing_lines": 35, "excluded_lines": 0}, "missing_lines": [111, 124, 142, 150, 156, 165, 166, 180, 183, 186, 187, 217, 226, 227, 228, 229, 230, 240, 244, 260, 261, 294, 305, 308, 312, 320, 321, 323, 324, 370, 371, 375, 386, 397, 405], "excluded_lines": []}, "DiscoveryServiceManager": {"executed_lines": [419, 420, 421, 425, 426, 427], "summary": {"covered_lines": 6, "num_statements": 6, "percent_covered": 100.0, "percent_covered_display": "100", "missing_lines": 0, "excluded_lines": 0}, "missing_lines": [], "excluded_lines": []}, "": {"executed_lines": [1, 7, 8, 9, 10, 11, 12, 14, 16, 17, 18, 19, 21, 24, 44, 65, 66, 67, 69, 70, 71, 72, 73, 74, 77, 78, 79, 81, 82, 83, 84, 85, 88, 89, 91, 105, 158, 246, 288, 326, 373, 412, 413, 415, 416, 418, 423, 431, 434, 436, 439, 441, 442, 444, 445, 448, 449, 450, 454], "summary": {"covered_lines": 54, "num_statements": 58, "percent_covered": 93.10344827586206, "percent_covered_display": "93", "missing_lines": 4, "excluded_lines": 0}, "missing_lines": [456, 466, 467, 468], "excluded_lines": []}}}, "src/finos_mcp/content/fetch.py": {"executed_lines": [1, 25, 26, 27, 28, 29, 30, 31, 33, 34, 43, 44, 47, 48, 50, 51, 52, 55, 56, 59, 60, 66, 88, 103, 108, 117, 118, 119, 121, 122, 123, 124, 125, 126, 127, 130, 131, 142, 193, 203, 219, 292, 301, 397, 424, 449, 468, 483, 498, 526, 569, 598, 613, 617, 622, 623, 625, 626, 628, 629, 630, 631, 633, 648, 656, 659, 672], "summary": {"covered_lines": 60, "num_statements": 190, "percent_covered": 31.57894736842105, "percent_covered_display": "32", "missing_lines": 130, "excluded_lines": 0}, "missing_lines": [80, 81, 82, 84, 85, 86, 90, 91, 93, 95, 96, 97, 98, 101, 105, 106, 110, 111, 113, 114, 144, 145, 148, 151, 154, 155, 156, 157, 158, 159, 162, 170, 171, 179, 180, 182, 195, 196, 198, 199, 201, 205, 206, 207, 210, 211, 214, 215, 221, 224, 227, 230, 233, 235, 238, 239, 242, 243, 244, 245, 253, 257, 260, 261, 262, 263, 271, 273, 274, 276, 288, 290, 305, 308, 309, 314, 317, 318, 323, 325, 326, 329, 332, 333, 348, 350, 352, 362, 363, 366, 367, 387, 389, 393, 420, 445, 464, 465, 466, 479, 480, 481, 494, 495, 496, 508, 510, 536, 538, 539, 540, 542, 549, 559, 561, 571, 601, 602, 603, 611, 615, 619, 643, 644, 646, 650, 651, 652, 669, 674], "excluded_lines": [], "functions": {"CircuitBreaker.__init__": {"executed_lines": [], "summary": {"covered_lines": 0, "num_statements": 6, "percent_covered": 0.0, "percent_covered_display": "0", "missing_lines": 6, "excluded_lines": 0}, "missing_lines": [80, 81, 82, 84, 85, 86], "excluded_lines": []}, "CircuitBreaker.can_execute": {"executed_lines": [], "summary": {"covered_lines": 0, "num_statements": 8, "percent_covered": 0.0, "percent_covered_display": "0", "missing_lines": 8, "excluded_lines": 0}, "missing_lines": [90, 91, 93, 95, 96, 97, 98, 101], "excluded_lines": []}, "CircuitBreaker.on_success": {"executed_lines": [], "summary": {"covered_lines": 0, "num_statements": 2, "percent_covered": 0.0, "percent_covered_display": "0", "missing_lines": 2, "excluded_lines": 0}, "missing_lines": [105, 106], "excluded_lines": []}, "CircuitBreaker.on_failure": {"executed_lines": [], "summary": {"covered_lines": 0, "num_statements": 4, "percent_covered": 0.0, "percent_covered_display": "0", "missing_lines": 4, "excluded_lines": 0}, "missing_lines": [110, 111, 113, 114], "excluded_lines": []}, "HTTPClient.__init__": {"executed_lines": [], "summary": {"covered_lines": 0, "num_statements": 16, "percent_covered": 0.0, "percent_covered_display": "0", "missing_lines": 16, "excluded_lines": 0}, "missing_lines": [144, 145, 148, 151, 154, 155, 156, 157, 158, 159, 162, 170, 171, 179, 180, 182], "excluded_lines": []}, "HTTPClient._get_circuit_breaker": {"executed_lines": [], "summary": {"covered_lines": 0, "num_statements": 5, "percent_covered": 0.0, "percent_covered_display": "0", "missing_lines": 5, "excluded_lines": 0}, "missing_lines": [195, 196, 198, 199, 201], "excluded_lines": []}, "HTTPClient._update_pool_stats": {"executed_lines": [], "summary": {"covered_lines": 0, "num_statements": 7, "percent_covered": 0.0, "percent_covered_display": "0", "missing_lines": 7, "excluded_lines": 0}, "missing_lines": [205, 206, 207, 210, 211, 214, 215], "excluded_lines": []}, "HTTPClient._adjust_connection_pool": {"executed_lines": [], "summary": {"covered_lines": 0, "num_statements": 24, "percent_covered": 0.0, "percent_covered_display": "0", "missing_lines": 24, "excluded_lines": 0}, "missing_lines": [221, 224, 227, 230, 233, 235, 238, 239, 242, 243, 244, 245, 253, 257, 260, 261, 262, 263, 271, 273, 274, 276, 288, 290], "excluded_lines": []}, "HTTPClient._make_request": {"executed_lines": [], "summary": {"covered_lines": 0, "num_statements": 22, "percent_covered": 0.0, "percent_covered_display": "0", "missing_lines": 22, "excluded_lines": 0}, "missing_lines": [305, 308, 309, 314, 317, 318, 323, 325, 326, 329, 332, 333, 348, 350, 352, 362, 363, 366, 367, 387, 389, 393], "excluded_lines": []}, "HTTPClient.get": {"executed_lines": [], "summary": {"covered_lines": 0, "num_statements": 1, "percent_covered": 0.0, "percent_covered_display": "0", "missing_lines": 1, "excluded_lines": 0}, "missing_lines": [420], "excluded_lines": []}, "HTTPClient.post": {"executed_lines": [], "summary": {"covered_lines": 0, "num_statements": 1, "percent_covered": 0.0, "percent_covered_display": "0", "missing_lines": 1, "excluded_lines": 0}, "missing_lines": [445], "excluded_lines": []}, "HTTPClient.fetch_text": {"executed_lines": [], "summary": {"covered_lines": 0, "num_statements": 3, "percent_covered": 0.0, "percent_covered_display": "0", "missing_lines": 3, "excluded_lines": 0}, "missing_lines": [464, 465, 466], "excluded_lines": []}, "HTTPClient.fetch_json": {"executed_lines": [], "summary": {"covered_lines": 0, "num_statements": 3, "percent_covered": 0.0, "percent_covered_display": "0", "missing_lines": 3, "excluded_lines": 0}, "missing_lines": [479, 480, 481], "excluded_lines": []}, "HTTPClient.fetch_bytes": {"executed_lines": [], "summary": {"covered_lines": 0, "num_statements": 3, "percent_covered": 0.0, "percent_covered_display": "0", "missing_lines": 3, "excluded_lines": 0}, "missing_lines": [494, 495, 496], "excluded_lines": []}, "HTTPClient.get_circuit_breaker_status": {"executed_lines": [], "summary": {"covered_lines": 0, "num_statements": 2, "percent_covered": 0.0, "percent_covered_display": "0", "missing_lines": 2, "excluded_lines": 0}, "missing_lines": [508, 510], "excluded_lines": []}, "HTTPClient.health_check": {"executed_lines": [], "summary": {"covered_lines": 0, "num_statements": 8, "percent_covered": 0.0, "percent_covered_display": "0", "missing_lines": 8, "excluded_lines": 0}, "missing_lines": [536, 538, 539, 540, 542, 549, 559, 561], "excluded_lines": []}, "HTTPClient.get_pool_stats": {"executed_lines": [], "summary": {"covered_lines": 0, "num_statements": 1, "percent_covered": 0.0, "percent_covered_display": "0", "missing_lines": 1, "excluded_lines": 0}, "missing_lines": [571], "excluded_lines": []}, "HTTPClient.close": {"executed_lines": [], "summary": {"covered_lines": 0, "num_statements": 4, "percent_covered": 0.0, "percent_covered_display": "0", "missing_lines": 4, "excluded_lines": 0}, "missing_lines": [601, 602, 603, 611], "excluded_lines": []}, "HTTPClient.__aenter__": {"executed_lines": [], "summary": {"covered_lines": 0, "num_statements": 1, "percent_covered": 0.0, "percent_covered_display": "0", "missing_lines": 1, "excluded_lines": 0}, "missing_lines": [615], "excluded_lines": []}, "HTTPClient.__aexit__": {"executed_lines": [], "summary": {"covered_lines": 0, "num_statements": 1, "percent_covered": 0.0, "percent_covered_display": "0", "missing_lines": 1, "excluded_lines": 0}, "missing_lines": [619], "excluded_lines": []}, "HTTPClientManager.__new__": {"executed_lines": [629, 630, 631], "summary": {"covered_lines": 3, "num_statements": 3, "percent_covered": 100.0, "percent_covered_display": "100", "missing_lines": 0, "excluded_lines": 0}, "missing_lines": [], "excluded_lines": []}, "HTTPClientManager.get_http_client": {"executed_lines": [], "summary": {"covered_lines": 0, "num_statements": 3, "percent_covered": 0.0, "percent_covered_display": "0", "missing_lines": 3, "excluded_lines": 0}, "missing_lines": [643, 644, 646], "excluded_lines": []}, "HTTPClientManager.close_http_client": {"executed_lines": [], "summary": {"covered_lines": 0, "num_statements": 3, "percent_covered": 0.0, "percent_covered_display": "0", "missing_lines": 3, "excluded_lines": 0}, "missing_lines": [650, 651, 652], "excluded_lines": []}, "get_http_client": {"executed_lines": [], "summary": {"covered_lines": 0, "num_statements": 1, "percent_covered": 0.0, "percent_covered_display": "0", "missing_lines": 1, "excluded_lines": 0}, "missing_lines": [669], "excluded_lines": []}, "close_http_client": {"executed_lines": [], "summary": {"covered_lines": 0, "num_statements": 1, "percent_covered": 0.0, "percent_covered_display": "0", "missing_lines": 1, "excluded_lines": 0}, "missing_lines": [674], "excluded_lines": []}, "": {"executed_lines": [1, 25, 26, 27, 28, 29, 30, 31, 33, 34, 43, 44, 47, 48, 50, 51, 52, 55, 56, 59, 60, 66, 88, 103, 108, 117, 118, 119, 121, 122, 123, 124, 125, 126, 127, 130, 131, 142, 193, 203, 219, 292, 301, 397, 424, 449, 468, 483, 498, 526, 569, 598, 613, 617, 622, 623, 625, 626, 628, 633, 648, 656, 659, 672], "summary": {"covered_lines": 57, "num_statements": 57, "percent_covered": 100.0, "percent_covered_display": "100", "missing_lines": 0, "excluded_lines": 0}, "missing_lines": [], "excluded_lines": []}}, "classes": {"CircuitBreakerState": {"executed_lines": [], "summary": {"covered_lines": 0, "num_statements": 0, "percent_covered": 100.0, "percent_covered_display": "100", "missing_lines": 0, "excluded_lines": 0}, "missing_lines": [], "excluded_lines": []}, "CircuitBreakerError": {"executed_lines": [], "summary": {"covered_lines": 0, "num_statements": 0, "percent_covered": 100.0, "percent_covered_display": "100", "missing_lines": 0, "excluded_lines": 0}, "missing_lines": [], "excluded_lines": []}, "CircuitBreaker": {"executed_lines": [], "summary": {"covered_lines": 0, "num_statements": 20, "percent_covered": 0.0, "percent_covered_display": "0", "missing_lines": 20, "excluded_lines": 0}, "missing_lines": [80, 81, 82, 84, 85, 86, 90, 91, 93, 95, 96, 97, 98, 101, 105, 106, 110, 111, 113, 114], "excluded_lines": []}, "ConnectionPoolStats": {"executed_lines": [], "summary": {"covered_lines": 0, "num_statements": 0, "percent_covered": 100.0, "percent_covered_display": "100", "missing_lines": 0, "excluded_lines": 0}, "missing_lines": [], "excluded_lines": []}, "HTTPClient": {"executed_lines": [], "summary": {"covered_lines": 0, "num_statements": 102, "percent_covered": 0.0, "percent_covered_display": "0", "missing_lines": 102, "excluded_lines": 0}, "missing_lines": [144, 145, 148, 151, 154, 155, 156, 157, 158, 159, 162, 170, 171, 179, 180, 182, 195, 196, 198, 199, 201, 205, 206, 207, 210, 211, 214, 215, 221, 224, 227, 230, 233, 235, 238, 239, 242, 243, 244, 245, 253, 257, 260, 261, 262, 263, 271, 273, 274, 276, 288, 290, 305, 308, 309, 314, 317, 318, 323, 325, 326, 329, 332, 333, 348, 350, 352, 362, 363, 366, 367, 387, 389, 393, 420, 445, 464, 465, 466, 479, 480, 481, 494, 495, 496, 508, 510, 536, 538, 539, 540, 542, 549, 559, 561, 571, 601, 602, 603, 611, 615, 619], "excluded_lines": []}, "HTTPClientManager": {"executed_lines": [629, 630, 631], "summary": {"covered_lines": 3, "num_statements": 9, "percent_covered": 33.333333333333336, "percent_covered_display": "33", "missing_lines": 6, "excluded_lines": 0}, "missing_lines": [643, 644, 646, 650, 651, 652], "excluded_lines": []}, "": {"executed_lines": [1, 25, 26, 27, 28, 29, 30, 31, 33, 34, 43, 44, 47, 48, 50, 51, 52, 55, 56, 59, 60, 66, 88, 103, 108, 117, 118, 119, 121, 122, 123, 124, 125, 126, 127, 130, 131, 142, 193, 203, 219, 292, 301, 397, 424, 449, 468, 483, 498, 526, 569, 598, 613, 617, 622, 623, 625, 626, 628, 633, 648, 656, 659, 672], "summary": {"covered_lines": 57, "num_statements": 59, "percent_covered": 96.61016949152543, "percent_covered_display": "97", "missing_lines": 2, "excluded_lines": 0}, "missing_lines": [669, 674], "excluded_lines": []}}}, "src/finos_mcp/content/parse.py": {"executed_lines": [1, 8, 9, 10, 11, 13, 15, 17, 20, 30, 31, 34, 35, 46, 55, 59, 61, 69, 80, 81, 83, 85, 86, 87, 88, 91, 92, 93, 94, 102, 107, 109, 120, 123, 126, 128, 130, 140, 141, 142, 143, 144, 147, 149, 162, 163, 165, 167, 169, 173, 177, 179, 180, 181, 184, 185, 186, 188, 189, 190, 192, 198, 201, 202, 203, 204, 205, 218, 229, 232, 237, 245, 248, 250, 252, 262, 265, 266, 267, 268, 269, 270, 271, 274, 280, 281, 282, 283, 285, 288, 292, 294, 304, 305, 308, 311, 314, 316, 317, 318, 321, 323, 326, 358, 360, 363, 364, 366, 367, 369, 370, 371, 372, 374, 376, 377, 378, 382, 385, 401, 402, 405, 412, 413, 416, 418, 419], "summary": {"covered_lines": 123, "num_statements": 148, "percent_covered": 83.10810810810811, "percent_covered_display": "83", "missing_lines": 25, "excluded_lines": 0}, "missing_lines": [95, 96, 99, 103, 104, 105, 106, 170, 171, 174, 175, 206, 207, 210, 211, 277, 284, 286, 289, 290, 328, 336, 338, 343, 356], "excluded_lines": [], "functions": {"FrontmatterParser.__init__": {"executed_lines": [61], "summary": {"covered_lines": 1, "num_statements": 1, "percent_covered": 100.0, "percent_covered_display": "100", "missing_lines": 0, "excluded_lines": 0}, "missing_lines": [], "excluded_lines": []}, "FrontmatterParser.detect_and_remove_bom": {"executed_lines": [80, 81, 83, 85, 86, 87, 88, 91, 92, 93, 94, 102, 107], "summary": {"covered_lines": 13, "num_statements": 20, "percent_covered": 65.0, "percent_covered_display": "65", "missing_lines": 7, "excluded_lines": 0}, "missing_lines": [95, 96, 99, 103, 104, 105, 106], "excluded_lines": []}, "FrontmatterParser.normalize_content": {"executed_lines": [120, 123, 126, 128], "summary": {"covered_lines": 4, "num_statements": 4, "percent_covered": 100.0, "percent_covered_display": "100", "missing_lines": 0, "excluded_lines": 0}, "missing_lines": [], "excluded_lines": []}, "FrontmatterParser.extract_frontmatter_content": {"executed_lines": [140, 141, 142, 143, 144, 147], "summary": {"covered_lines": 6, "num_statements": 6, "percent_covered": 100.0, "percent_covered_display": "100", "missing_lines": 0, "excluded_lines": 0}, "missing_lines": [], "excluded_lines": []}, "FrontmatterParser.parse_yaml_safely": {"executed_lines": [162, 163, 165, 167, 169, 173, 177, 179, 180, 181, 184, 185, 186, 188, 189, 190, 192, 198, 201, 202, 203, 204, 205], "summary": {"covered_lines": 23, "num_statements": 31, "percent_covered": 74.19354838709677, "percent_covered_display": "74", "missing_lines": 8, "excluded_lines": 0}, "missing_lines": [170, 171, 174, 175, 206, 207, 210, 211], "excluded_lines": []}, "FrontmatterParser._attempt_yaml_recovery": {"executed_lines": [229, 232, 237, 245, 248, 250], "summary": {"covered_lines": 6, "num_statements": 6, "percent_covered": 100.0, "percent_covered_display": "100", "missing_lines": 0, "excluded_lines": 0}, "missing_lines": [], "excluded_lines": []}, "FrontmatterParser._manual_yaml_extraction": {"executed_lines": [262, 265, 266, 267, 268, 269, 270, 271, 274, 280, 281, 282, 283, 285, 288, 292], "summary": {"covered_lines": 16, "num_statements": 21, "percent_covered": 76.19047619047619, "percent_covered_display": "76", "missing_lines": 5, "excluded_lines": 0}, "missing_lines": [277, 284, 286, 289, 290], "excluded_lines": []}, "FrontmatterParser.parse": {"executed_lines": [304, 305, 308, 311, 314, 316, 317, 318, 321, 323, 326], "summary": {"covered_lines": 11, "num_statements": 16, "percent_covered": 68.75, "percent_covered_display": "69", "missing_lines": 5, "excluded_lines": 0}, "missing_lines": [328, 336, 338, 343, 356], "excluded_lines": []}, "FrontmatterParser.get_stats": {"executed_lines": [360], "summary": {"covered_lines": 1, "num_statements": 1, "percent_covered": 100.0, "percent_covered_display": "100", "missing_lines": 0, "excluded_lines": 0}, "missing_lines": [], "excluded_lines": []}, "FrontmatterParserManager.__new__": {"executed_lines": [370, 371, 372], "summary": {"covered_lines": 3, "num_statements": 3, "percent_covered": 100.0, "percent_covered_display": "100", "missing_lines": 0, "excluded_lines": 0}, "missing_lines": [], "excluded_lines": []}, "FrontmatterParserManager.get_parser": {"executed_lines": [376, 377, 378], "summary": {"covered_lines": 3, "num_statements": 3, "percent_covered": 100.0, "percent_covered_display": "100", "missing_lines": 0, "excluded_lines": 0}, "missing_lines": [], "excluded_lines": []}, "parse_frontmatter": {"executed_lines": [401, 402], "summary": {"covered_lines": 2, "num_statements": 2, "percent_covered": 100.0, "percent_covered_display": "100", "missing_lines": 0, "excluded_lines": 0}, "missing_lines": [], "excluded_lines": []}, "get_parser_stats": {"executed_lines": [412, 413], "summary": {"covered_lines": 2, "num_statements": 2, "percent_covered": 100.0, "percent_covered_display": "100", "missing_lines": 0, "excluded_lines": 0}, "missing_lines": [], "excluded_lines": []}, "reset_parser_stats": {"executed_lines": [418, 419], "summary": {"covered_lines": 2, "num_statements": 2, "percent_covered": 100.0, "percent_covered_display": "100", "missing_lines": 0, "excluded_lines": 0}, "missing_lines": [], "excluded_lines": []}, "": {"executed_lines": [1, 8, 9, 10, 11, 13, 15, 17, 20, 30, 31, 34, 35, 46, 55, 59, 69, 109, 130, 149, 218, 252, 294, 358, 363, 364, 366, 367, 369, 374, 382, 385, 405, 416], "summary": {"covered_lines": 30, "num_statements": 30, "percent_covered": 100.0, "percent_covered_display": "100", "missing_lines": 0, "excluded_lines": 0}, "missing_lines": [], "excluded_lines": []}}, "classes": {"FrontmatterParseError": {"executed_lines": [], "summary": {"covered_lines": 0, "num_statements": 0, "percent_covered": 100.0, "percent_covered_display": "100", "missing_lines": 0, "excluded_lines": 0}, "missing_lines": [], "excluded_lines": []}, "FrontmatterParser": {"executed_lines": [61, 80, 81, 83, 85, 86, 87, 88, 91, 92, 93, 94, 102, 107, 120, 123, 126, 128, 140, 141, 142, 143, 144, 147, 162, 163, 165, 167, 169, 173, 177, 179, 180, 181, 184, 185, 186, 188, 189, 190, 192, 198, 201, 202, 203, 204, 205, 229, 232, 237, 245, 248, 250, 262, 265, 266, 267, 268, 269, 270, 271, 274, 280, 281, 282, 283, 285, 288, 292, 304, 305, 308, 311, 314, 316, 317, 318, 321, 323, 326, 360], "summary": {"covered_lines": 81, "num_statements": 106, "percent_covered": 76.41509433962264, "percent_covered_display": "76", "missing_lines": 25, "excluded_lines": 0}, "missing_lines": [95, 96, 99, 103, 104, 105, 106, 170, 171, 174, 175, 206, 207, 210, 211, 277, 284, 286, 289, 290, 328, 336, 338, 343, 356], "excluded_lines": []}, "FrontmatterParserManager": {"executed_lines": [370, 371, 372, 376, 377, 378], "summary": {"covered_lines": 6, "num_statements": 6, "percent_covered": 100.0, "percent_covered_display": "100", "missing_lines": 0, "excluded_lines": 0}, "missing_lines": [], "excluded_lines": []}, "": {"executed_lines": [1, 8, 9, 10, 11, 13, 15, 17, 20, 30, 31, 34, 35, 46, 55, 59, 69, 109, 130, 149, 218, 252, 294, 358, 363, 364, 366, 367, 369, 374, 382, 385, 401, 402, 405, 412, 413, 416, 418, 419], "summary": {"covered_lines": 36, "num_statements": 36, "percent_covered": 100.0, "percent_covered_display": "100", "missing_lines": 0, "excluded_lines": 0}, "missing_lines": [], "excluded_lines": []}}}, "src/finos_mcp/content/service.py": {"executed_lines": [1, 28, 29, 30, 31, 32, 33, 34, 35, 36, 38, 39, 40, 41, 42, 43, 44, 46, 49, 50, 52, 53, 54, 55, 58, 59, 61, 62, 63, 64, 65, 68, 69, 70, 72, 73, 74, 75, 76, 77, 79, 81, 92, 93, 94, 96, 97, 98, 99, 100, 101, 102, 103, 104, 105, 107, 109, 123, 124, 125, 127, 128, 129, 130, 131, 132, 133, 134, 137, 138, 144, 152, 153, 154, 155, 156, 157, 159, 160, 167, 168, 170, 171, 172, 173, 175, 176, 177, 178, 179, 181, 191, 192, 193, 194, 195, 197, 209, 210, 222, 224, 225, 227, 228, 229, 231, 234, 236, 246, 247, 253, 255, 256, 259, 262, 263, 264, 267, 268, 269, 270, 273, 274, 277, 278, 279, 282, 285, 288, 298, 299, 301, 303, 309, 311, 312, 313, 315, 317, 318, 319, 321, 323, 325, 333, 334, 335, 339, 424, 442, 461, 503, 532, 545, 548, 549, 550, 552, 562, 571, 573, 625, 645, 646, 647, 649, 657, 671, 673, 683, 685, 698, 700, 701, 703, 704, 706, 717, 720, 721, 722, 724, 740, 745, 757, 759, 761, 762, 764, 778, 779, 783, 785, 806, 815, 817, 835, 836, 838, 840, 847, 848, 849, 852, 853, 854, 855, 856, 857, 858, 859, 864, 867, 868, 869, 870, 871, 873, 876, 877, 879, 880, 890, 903, 910, 913, 920, 923, 924, 925, 926, 927, 931, 949, 951, 953, 956, 957, 960, 961, 962, 963, 964, 967, 968, 969, 970, 972, 973, 974, 975, 977, 978, 979, 980, 983, 985, 989, 991, 994, 1003, 1007, 1010, 1013, 1014, 1016, 1017, 1019, 1020, 1021, 1022, 1024, 1031, 1032, 1033, 1035, 1037, 1039, 1040, 1041, 1042, 1046, 1049, 1056, 1059, 1061], "summary": {"covered_lines": 277, "num_statements": 395, "percent_covered": 70.12658227848101, "percent_covered_display": "70", "missing_lines": 118, "excluded_lines": 0}, "missing_lines": [230, 232, 305, 306, 307, 326, 329, 330, 331, 336, 337, 341, 342, 344, 345, 347, 348, 351, 352, 355, 357, 358, 359, 360, 363, 367, 369, 370, 371, 372, 375, 378, 379, 382, 385, 386, 388, 389, 390, 392, 398, 399, 401, 402, 403, 405, 406, 407, 409, 415, 422, 426, 428, 429, 430, 433, 434, 435, 437, 439, 440, 444, 446, 447, 449, 456, 459, 474, 475, 476, 477, 479, 489, 491, 492, 501, 516, 518, 520, 530, 546, 553, 587, 588, 590, 591, 592, 593, 594, 596, 606, 607, 614, 623, 658, 659, 668, 737, 786, 787, 789, 801, 802, 804, 860, 861, 887, 888, 928, 929, 995, 996, 997, 998, 999, 1000, 1004, 1008], "excluded_lines": [], "functions": {"CacheWarmingStats.to_dict": {"executed_lines": [81], "summary": {"covered_lines": 1, "num_statements": 1, "percent_covered": 100.0, "percent_covered_display": "100", "missing_lines": 0, "excluded_lines": 0}, "missing_lines": [], "excluded_lines": []}, "ServiceHealth.to_dict": {"executed_lines": [109], "summary": {"covered_lines": 1, "num_statements": 1, "percent_covered": 100.0, "percent_covered_display": "100", "missing_lines": 0, "excluded_lines": 0}, "missing_lines": [], "excluded_lines": []}, "ErrorBoundary.__init__": {"executed_lines": [152, 153, 154, 155, 156, 157], "summary": {"covered_lines": 6, "num_statements": 6, "percent_covered": 100.0, "percent_covered_display": "100", "missing_lines": 0, "excluded_lines": 0}, "missing_lines": [], "excluded_lines": []}, "ErrorBoundary.protect": {"executed_lines": [167, 168, 170, 171, 172, 173, 175, 176, 177, 178, 179, 181, 191, 192, 193, 194, 195, 197, 209, 210], "summary": {"covered_lines": 20, "num_statements": 20, "percent_covered": 100.0, "percent_covered_display": "100", "missing_lines": 0, "excluded_lines": 0}, "missing_lines": [], "excluded_lines": []}, "ErrorBoundary.get_health_info": {"executed_lines": [224, 225, 227, 228, 229, 231, 234, 236], "summary": {"covered_lines": 8, "num_statements": 10, "percent_covered": 80.0, "percent_covered_display": "80", "missing_lines": 2, "excluded_lines": 0}, "missing_lines": [230, 232], "excluded_lines": []}, "ContentService.__init__": {"executed_lines": [255, 256, 259, 262, 263, 264, 267, 268, 269, 270, 273, 274, 277, 278, 279, 282, 285, 288, 298, 299, 301], "summary": {"covered_lines": 21, "num_statements": 21, "percent_covered": 100.0, "percent_covered_display": "100", "missing_lines": 0, "excluded_lines": 0}, "missing_lines": [], "excluded_lines": []}, "ContentService._get_http_client": {"executed_lines": [], "summary": {"covered_lines": 0, "num_statements": 3, "percent_covered": 0.0, "percent_covered_display": "0", "missing_lines": 3, "excluded_lines": 0}, "missing_lines": [305, 306, 307], "excluded_lines": []}, "ContentService._get_cache": {"executed_lines": [311, 312, 313], "summary": {"covered_lines": 3, "num_statements": 3, "percent_covered": 100.0, "percent_covered_display": "100", "missing_lines": 0, "excluded_lines": 0}, "missing_lines": [], "excluded_lines": []}, "ContentService._start_cache_warming": {"executed_lines": [317, 318, 319], "summary": {"covered_lines": 3, "num_statements": 3, "percent_covered": 100.0, "percent_covered_display": "100", "missing_lines": 0, "excluded_lines": 0}, "missing_lines": [], "excluded_lines": []}, "ContentService._cache_warming_loop": {"executed_lines": [323, 325, 333, 334, 335], "summary": {"covered_lines": 5, "num_statements": 11, "percent_covered": 45.45454545454545, "percent_covered_display": "45", "missing_lines": 6, "excluded_lines": 0}, "missing_lines": [326, 329, 330, 331, 336, 337], "excluded_lines": []}, "ContentService._perform_cache_warming": {"executed_lines": [], "summary": {"covered_lines": 0, "num_statements": 38, "percent_covered": 0.0, "percent_covered_display": "0", "missing_lines": 38, "excluded_lines": 0}, "missing_lines": [341, 342, 344, 345, 347, 348, 351, 352, 355, 357, 358, 359, 360, 363, 367, 369, 370, 371, 372, 375, 378, 379, 382, 385, 386, 388, 392, 398, 399, 401, 402, 403, 405, 406, 407, 409, 415, 422], "excluded_lines": []}, "ContentService._perform_cache_warming.limited_warm": {"executed_lines": [], "summary": {"covered_lines": 0, "num_statements": 2, "percent_covered": 0.0, "percent_covered_display": "0", "missing_lines": 2, "excluded_lines": 0}, "missing_lines": [389, 390], "excluded_lines": []}, "ContentService._should_warm_cache_key": {"executed_lines": [], "summary": {"covered_lines": 0, "num_statements": 10, "percent_covered": 0.0, "percent_covered_display": "0", "missing_lines": 10, "excluded_lines": 0}, "missing_lines": [426, 428, 429, 430, 433, 434, 435, 437, 439, 440], "excluded_lines": []}, "ContentService._warm_single_document": {"executed_lines": [], "summary": {"covered_lines": 0, "num_statements": 6, "percent_covered": 0.0, "percent_covered_display": "0", "missing_lines": 6, "excluded_lines": 0}, "missing_lines": [444, 446, 447, 449, 456, 459], "excluded_lines": []}, "ContentService._fetch_content_with_boundary": {"executed_lines": [], "summary": {"covered_lines": 0, "num_statements": 9, "percent_covered": 0.0, "percent_covered_display": "0", "missing_lines": 9, "excluded_lines": 0}, "missing_lines": [474, 475, 476, 477, 479, 489, 491, 492, 501], "excluded_lines": []}, "ContentService._parse_content_with_boundary": {"executed_lines": [], "summary": {"covered_lines": 0, "num_statements": 4, "percent_covered": 0.0, "percent_covered_display": "0", "missing_lines": 4, "excluded_lines": 0}, "missing_lines": [516, 518, 520, 530], "excluded_lines": []}, "ContentService._cache_get_with_boundary": {"executed_lines": [545, 548, 549, 550, 552, 562, 571], "summary": {"covered_lines": 7, "num_statements": 9, "percent_covered": 77.77777777777777, "percent_covered_display": "78", "missing_lines": 2, "excluded_lines": 0}, "missing_lines": [546, 553], "excluded_lines": []}, "ContentService._cache_set_with_boundary": {"executed_lines": [], "summary": {"covered_lines": 0, "num_statements": 12, "percent_covered": 0.0, "percent_covered_display": "0", "missing_lines": 12, "excluded_lines": 0}, "missing_lines": [587, 588, 590, 591, 592, 593, 594, 596, 606, 607, 614, 623], "excluded_lines": []}, "ContentService.get_document": {"executed_lines": [645, 646, 647, 649, 657, 671, 673, 683, 685, 698, 700, 701, 703, 704, 706, 717, 720, 721, 722, 724, 740, 745, 757, 759, 761, 762, 764, 778, 779, 783, 785, 806, 815, 817, 835, 836, 838], "summary": {"covered_lines": 37, "num_statements": 47, "percent_covered": 78.72340425531915, "percent_covered_display": "79", "missing_lines": 10, "excluded_lines": 0}, "missing_lines": [658, 659, 668, 737, 786, 787, 789, 801, 802, 804], "excluded_lines": []}, "ContentService.get_health_status": {"executed_lines": [847, 848, 849, 852, 853, 854, 855, 856, 857, 858, 859, 864, 867, 868, 869, 870, 871, 873, 876, 877, 879, 880, 890], "summary": {"covered_lines": 23, "num_statements": 27, "percent_covered": 85.18518518518519, "percent_covered_display": "85", "missing_lines": 4, "excluded_lines": 0}, "missing_lines": [860, 861, 887, 888], "excluded_lines": []}, "ContentService.get_service_diagnostics": {"executed_lines": [910, 913, 920, 923, 924, 925, 926, 927, 931], "summary": {"covered_lines": 9, "num_statements": 11, "percent_covered": 81.81818181818181, "percent_covered_display": "82", "missing_lines": 2, "excluded_lines": 0}, "missing_lines": [928, 929], "excluded_lines": []}, "ContentService.get_cache_warming_stats": {"executed_lines": [951], "summary": {"covered_lines": 1, "num_statements": 1, "percent_covered": 100.0, "percent_covered_display": "100", "missing_lines": 0, "excluded_lines": 0}, "missing_lines": [], "excluded_lines": []}, "ContentService.reset_health": {"executed_lines": [956, 957, 960, 961, 962, 963, 964, 967, 968, 969, 970, 972, 973, 974, 975, 977, 978, 979, 980, 983, 985], "summary": {"covered_lines": 21, "num_statements": 21, "percent_covered": 100.0, "percent_covered_display": "100", "missing_lines": 0, "excluded_lines": 0}, "missing_lines": [], "excluded_lines": []}, "ContentService.close": {"executed_lines": [991, 994, 1003, 1007, 1010], "summary": {"covered_lines": 5, "num_statements": 13, "percent_covered": 38.46153846153846, "percent_covered_display": "38", "missing_lines": 8, "excluded_lines": 0}, "missing_lines": [995, 996, 997, 998, 999, 1000, 1004, 1008], "excluded_lines": []}, "ContentServiceManager.__new__": {"executed_lines": [1020, 1021, 1022], "summary": {"covered_lines": 3, "num_statements": 3, "percent_covered": 100.0, "percent_covered_display": "100", "missing_lines": 0, "excluded_lines": 0}, "missing_lines": [], "excluded_lines": []}, "ContentServiceManager.get_content_service": {"executed_lines": [1031, 1032, 1033, 1035], "summary": {"covered_lines": 4, "num_statements": 4, "percent_covered": 100.0, "percent_covered_display": "100", "missing_lines": 0, "excluded_lines": 0}, "missing_lines": [], "excluded_lines": []}, "ContentServiceManager.close_content_service": {"executed_lines": [1039, 1040, 1041, 1042], "summary": {"covered_lines": 4, "num_statements": 4, "percent_covered": 100.0, "percent_covered_display": "100", "missing_lines": 0, "excluded_lines": 0}, "missing_lines": [], "excluded_lines": []}, "get_content_service": {"executed_lines": [1056], "summary": {"covered_lines": 1, "num_statements": 1, "percent_covered": 100.0, "percent_covered_display": "100", "missing_lines": 0, "excluded_lines": 0}, "missing_lines": [], "excluded_lines": []}, "close_content_service": {"executed_lines": [1061], "summary": {"covered_lines": 1, "num_statements": 1, "percent_covered": 100.0, "percent_covered_display": "100", "missing_lines": 0, "excluded_lines": 0}, "missing_lines": [], "excluded_lines": []}, "": {"executed_lines": [1, 28, 29, 30, 31, 32, 33, 34, 35, 36, 38, 39, 40, 41, 42, 43, 44, 46, 49, 50, 52, 53, 54, 55, 58, 59, 61, 62, 63, 64, 65, 68, 69, 70, 72, 73, 74, 75, 76, 77, 79, 92, 93, 94, 96, 97, 98, 99, 100, 101, 102, 103, 104, 105, 107, 123, 124, 125, 127, 128, 129, 130, 131, 132, 133, 134, 137, 138, 144, 159, 160, 222, 246, 247, 253, 303, 309, 315, 321, 339, 424, 442, 461, 503, 532, 573, 625, 840, 903, 949, 953, 989, 1013, 1014, 1016, 1017, 1019, 1024, 1037, 1046, 1049, 1059], "summary": {"covered_lines": 93, "num_statements": 93, "percent_covered": 100.0, "percent_covered_display": "100", "missing_lines": 0, "excluded_lines": 0}, "missing_lines": [], "excluded_lines": []}}, "classes": {"ServiceStatus": {"executed_lines": [], "summary": {"covered_lines": 0, "num_statements": 0, "percent_covered": 100.0, "percent_covered_display": "100", "missing_lines": 0, "excluded_lines": 0}, "missing_lines": [], "excluded_lines": []}, "OperationResult": {"executed_lines": [], "summary": {"covered_lines": 0, "num_statements": 0, "percent_covered": 100.0, "percent_covered_display": "100", "missing_lines": 0, "excluded_lines": 0}, "missing_lines": [], "excluded_lines": []}, "CacheWarmingStats": {"executed_lines": [81], "summary": {"covered_lines": 1, "num_statements": 1, "percent_covered": 100.0, "percent_covered_display": "100", "missing_lines": 0, "excluded_lines": 0}, "missing_lines": [], "excluded_lines": []}, "ServiceHealth": {"executed_lines": [109], "summary": {"covered_lines": 1, "num_statements": 1, "percent_covered": 100.0, "percent_covered_display": "100", "missing_lines": 0, "excluded_lines": 0}, "missing_lines": [], "excluded_lines": []}, "OperationContext": {"executed_lines": [], "summary": {"covered_lines": 0, "num_statements": 0, "percent_covered": 100.0, "percent_covered_display": "100", "missing_lines": 0, "excluded_lines": 0}, "missing_lines": [], "excluded_lines": []}, "ErrorBoundary": {"executed_lines": [152, 153, 154, 155, 156, 157, 167, 168, 170, 171, 172, 173, 175, 176, 177, 178, 179, 181, 191, 192, 193, 194, 195, 197, 209, 210, 224, 225, 227, 228, 229, 231, 234, 236], "summary": {"covered_lines": 34, "num_statements": 36, "percent_covered": 94.44444444444444, "percent_covered_display": "94", "missing_lines": 2, "excluded_lines": 0}, "missing_lines": [230, 232], "excluded_lines": []}, "ContentService": {"executed_lines": [255, 256, 259, 262, 263, 264, 267, 268, 269, 270, 273, 274, 277, 278, 279, 282, 285, 288, 298, 299, 301, 311, 312, 313, 317, 318, 319, 323, 325, 333, 334, 335, 545, 548, 549, 550, 552, 562, 571, 645, 646, 647, 649, 657, 671, 673, 683, 685, 698, 700, 701, 703, 704, 706, 717, 720, 721, 722, 724, 740, 745, 757, 759, 761, 762, 764, 778, 779, 783, 785, 806, 815, 817, 835, 836, 838, 847, 848, 849, 852, 853, 854, 855, 856, 857, 858, 859, 864, 867, 868, 869, 870, 871, 873, 876, 877, 879, 880, 890, 910, 913, 920, 923, 924, 925, 926, 927, 931, 951, 956, 957, 960, 961, 962, 963, 964, 967, 968, 969, 970, 972, 973, 974, 975, 977, 978, 979, 980, 983, 985, 991, 994, 1003, 1007, 1010], "summary": {"covered_lines": 135, "num_statements": 251, "percent_covered": 53.78486055776892, "percent_covered_display": "54", "missing_lines": 116, "excluded_lines": 0}, "missing_lines": [305, 306, 307, 326, 329, 330, 331, 336, 337, 341, 342, 344, 345, 347, 348, 351, 352, 355, 357, 358, 359, 360, 363, 367, 369, 370, 371, 372, 375, 378, 379, 382, 385, 386, 388, 389, 390, 392, 398, 399, 401, 402, 403, 405, 406, 407, 409, 415, 422, 426, 428, 429, 430, 433, 434, 435, 437, 439, 440, 444, 446, 447, 449, 456, 459, 474, 475, 476, 477, 479, 489, 491, 492, 501, 516, 518, 520, 530, 546, 553, 587, 588, 590, 591, 592, 593, 594, 596, 606, 607, 614, 623, 658, 659, 668, 737, 786, 787, 789, 801, 802, 804, 860, 861, 887, 888, 928, 929, 995, 996, 997, 998, 999, 1000, 1004, 1008], "excluded_lines": []}, "ContentServiceManager": {"executed_lines": [1020, 1021, 1022, 1031, 1032, 1033, 1035, 1039, 1040, 1041, 1042], "summary": {"covered_lines": 11, "num_statements": 11, "percent_covered": 100.0, "percent_covered_display": "100", "missing_lines": 0, "excluded_lines": 0}, "missing_lines": [], "excluded_lines": []}, "": {"executed_lines": [1, 28, 29, 30, 31, 32, 33, 34, 35, 36, 38, 39, 40, 41, 42, 43, 44, 46, 49, 50, 52, 53, 54, 55, 58, 59, 61, 62, 63, 64, 65, 68, 69, 70, 72, 73, 74, 75, 76, 77, 79, 92, 93, 94, 96, 97, 98, 99, 100, 101, 102, 103, 104, 105, 107, 123, 124, 125, 127, 128, 129, 130, 131, 132, 133, 134, 137, 138, 144, 159, 160, 222, 246, 247, 253, 303, 309, 315, 321, 339, 424, 442, 461, 503, 532, 573, 625, 840, 903, 949, 953, 989, 1013, 1014, 1016, 1017, 1019, 1024, 1037, 1046, 1049, 1056, 1059, 1061], "summary": {"covered_lines": 95, "num_statements": 95, "percent_covered": 100.0, "percent_covered_display": "100", "missing_lines": 0, "excluded_lines": 0}, "missing_lines": [], "excluded_lines": []}}}, "src/finos_mcp/health/__init__.py": {"executed_lines": [1, 7, 9], "summary": {"covered_lines": 2, "num_statements": 2, "percent_covered": 100.0, "percent_covered_display": "100", "missing_lines": 0, "excluded_lines": 0}, "missing_lines": [], "excluded_lines": [], "functions": {"": {"executed_lines": [1, 7, 9], "summary": {"covered_lines": 2, "num_statements": 2, "percent_covered": 100.0, "percent_covered_display": "100", "missing_lines": 0, "excluded_lines": 0}, "missing_lines": [], "excluded_lines": []}}, "classes": {"": {"executed_lines": [1, 7, 9], "summary": {"covered_lines": 2, "num_statements": 2, "percent_covered": 100.0, "percent_covered_display": "100", "missing_lines": 0, "excluded_lines": 0}, "missing_lines": [], "excluded_lines": []}}}, "src/finos_mcp/health/monitor.py": {"executed_lines": [1, 21, 22, 23, 24, 27, 28, 30, 31, 32, 35, 36, 37, 39, 40, 41, 42, 43, 45, 46, 48, 50, 52, 53, 55, 58, 59, 60, 62, 63, 64, 65, 66, 68, 93, 94, 96, 98, 99, 102, 104, 106, 113, 114, 120, 121, 125, 126, 130, 134, 141, 142, 145, 146, 148, 149, 151, 154, 155, 156, 157, 162, 164, 166, 167, 170, 173, 176, 177, 178, 179, 185, 186, 188, 190, 194, 247, 286, 288, 290, 291, 292, 293, 296, 299, 300, 302, 303, 305, 306, 307, 308, 310, 312, 313, 314, 318, 321, 323], "summary": {"covered_lines": 93, "num_statements": 126, "percent_covered": 73.80952380952381, "percent_covered_display": "74", "missing_lines": 33, "excluded_lines": 0}, "missing_lines": [49, 70, 123, 128, 135, 171, 172, 174, 175, 180, 181, 192, 196, 197, 204, 206, 207, 208, 213, 214, 215, 216, 221, 223, 224, 225, 228, 229, 232, 234, 240, 249, 251], "excluded_lines": [], "functions": {"ServiceMetrics.success_rate": {"executed_lines": [48, 50], "summary": {"covered_lines": 2, "num_statements": 3, "percent_covered": 66.66666666666667, "percent_covered_display": "67", "missing_lines": 1, "excluded_lines": 0}, "missing_lines": [49], "excluded_lines": []}, "ServiceMetrics.failure_rate": {"executed_lines": [55], "summary": {"covered_lines": 1, "num_statements": 1, "percent_covered": 100.0, "percent_covered_display": "100", "missing_lines": 0, "excluded_lines": 0}, "missing_lines": [], "excluded_lines": []}, "ServiceHealth.to_dict": {"executed_lines": [], "summary": {"covered_lines": 0, "num_statements": 1, "percent_covered": 0.0, "percent_covered_display": "0", "missing_lines": 1, "excluded_lines": 0}, "missing_lines": [70], "excluded_lines": []}, "HealthMonitor.__init__": {"executed_lines": [98, 99, 102], "summary": {"covered_lines": 3, "num_statements": 3, "percent_covered": 100.0, "percent_covered_display": "100", "missing_lines": 0, "excluded_lines": 0}, "missing_lines": [], "excluded_lines": []}, "HealthMonitor._initialize_services": {"executed_lines": [106, 113, 114], "summary": {"covered_lines": 3, "num_statements": 3, "percent_covered": 100.0, "percent_covered_display": "100", "missing_lines": 0, "excluded_lines": 0}, "missing_lines": [], "excluded_lines": []}, "HealthMonitor.uptime": {"executed_lines": [], "summary": {"covered_lines": 0, "num_statements": 1, "percent_covered": 0.0, "percent_covered_display": "0", "missing_lines": 1, "excluded_lines": 0}, "missing_lines": [123], "excluded_lines": []}, "HealthMonitor.uptime_seconds": {"executed_lines": [], "summary": {"covered_lines": 0, "num_statements": 1, "percent_covered": 0.0, "percent_covered_display": "0", "missing_lines": 1, "excluded_lines": 0}, "missing_lines": [128], "excluded_lines": []}, "HealthMonitor.record_request": {"executed_lines": [134, 141, 142, 145, 146, 148, 149, 151, 154, 155, 156, 157, 162], "summary": {"covered_lines": 13, "num_statements": 14, "percent_covered": 92.85714285714286, "percent_covered_display": "93", "missing_lines": 1, "excluded_lines": 0}, "missing_lines": [135], "excluded_lines": []}, "HealthMonitor._update_health_status": {"executed_lines": [166, 167, 170, 173, 176, 177, 178, 179, 185, 186, 188], "summary": {"covered_lines": 11, "num_statements": 17, "percent_covered": 64.70588235294117, "percent_covered_display": "65", "missing_lines": 6, "excluded_lines": 0}, "missing_lines": [171, 172, 174, 175, 180, 181], "excluded_lines": []}, "HealthMonitor.get_service_health": {"executed_lines": [], "summary": {"covered_lines": 0, "num_statements": 1, "percent_covered": 0.0, "percent_covered_display": "0", "missing_lines": 1, "excluded_lines": 0}, "missing_lines": [192], "excluded_lines": []}, "HealthMonitor.get_overall_health": {"executed_lines": [], "summary": {"covered_lines": 0, "num_statements": 19, "percent_covered": 0.0, "percent_covered_display": "0", "missing_lines": 19, "excluded_lines": 0}, "missing_lines": [196, 197, 204, 206, 207, 208, 213, 214, 215, 216, 221, 223, 224, 225, 228, 229, 232, 234, 240], "excluded_lines": []}, "HealthMonitor.get_health_summary": {"executed_lines": [], "summary": {"covered_lines": 0, "num_statements": 2, "percent_covered": 0.0, "percent_covered_display": "0", "missing_lines": 2, "excluded_lines": 0}, "missing_lines": [249, 251], "excluded_lines": []}, "HealthMonitor.reset_health": {"executed_lines": [288, 290, 291, 292, 293, 296], "summary": {"covered_lines": 6, "num_statements": 6, "percent_covered": 100.0, "percent_covered_display": "100", "missing_lines": 0, "excluded_lines": 0}, "missing_lines": [], "excluded_lines": []}, "HealthMonitorManager.__new__": {"executed_lines": [306, 307, 308], "summary": {"covered_lines": 3, "num_statements": 3, "percent_covered": 100.0, "percent_covered_display": "100", "missing_lines": 0, "excluded_lines": 0}, "missing_lines": [], "excluded_lines": []}, "HealthMonitorManager.get_health_monitor": {"executed_lines": [312, 313, 314], "summary": {"covered_lines": 3, "num_statements": 3, "percent_covered": 100.0, "percent_covered_display": "100", "missing_lines": 0, "excluded_lines": 0}, "missing_lines": [], "excluded_lines": []}, "get_health_monitor": {"executed_lines": [323], "summary": {"covered_lines": 1, "num_statements": 1, "percent_covered": 100.0, "percent_covered_display": "100", "missing_lines": 0, "excluded_lines": 0}, "missing_lines": [], "excluded_lines": []}, "": {"executed_lines": [1, 21, 22, 23, 24, 27, 28, 30, 31, 32, 35, 36, 37, 39, 40, 41, 42, 43, 45, 46, 52, 53, 58, 59, 60, 62, 63, 64, 65, 66, 68, 93, 94, 96, 104, 120, 121, 125, 126, 130, 164, 190, 194, 247, 286, 299, 300, 302, 303, 305, 310, 318, 321], "summary": {"covered_lines": 47, "num_statements": 47, "percent_covered": 100.0, "percent_covered_display": "100", "missing_lines": 0, "excluded_lines": 0}, "missing_lines": [], "excluded_lines": []}}, "classes": {"HealthStatus": {"executed_lines": [], "summary": {"covered_lines": 0, "num_statements": 0, "percent_covered": 100.0, "percent_covered_display": "100", "missing_lines": 0, "excluded_lines": 0}, "missing_lines": [], "excluded_lines": []}, "ServiceMetrics": {"executed_lines": [48, 50, 55], "summary": {"covered_lines": 3, "num_statements": 4, "percent_covered": 75.0, "percent_covered_display": "75", "missing_lines": 1, "excluded_lines": 0}, "missing_lines": [49], "excluded_lines": []}, "ServiceHealth": {"executed_lines": [], "summary": {"covered_lines": 0, "num_statements": 1, "percent_covered": 0.0, "percent_covered_display": "0", "missing_lines": 1, "excluded_lines": 0}, "missing_lines": [70], "excluded_lines": []}, "HealthMonitor": {"executed_lines": [98, 99, 102, 106, 113, 114, 134, 141, 142, 145, 146, 148, 149, 151, 154, 155, 156, 157, 162, 166, 167, 170, 173, 176, 177, 178, 179, 185, 186, 188, 288, 290, 291, 292, 293, 296], "summary": {"covered_lines": 36, "num_statements": 67, "percent_covered": 53.73134328358209, "percent_covered_display": "54", "missing_lines": 31, "excluded_lines": 0}, "missing_lines": [123, 128, 135, 171, 172, 174, 175, 180, 181, 192, 196, 197, 204, 206, 207, 208, 213, 214, 215, 216, 221, 223, 224, 225, 228, 229, 232, 234, 240, 249, 251], "excluded_lines": []}, "HealthMonitorManager": {"executed_lines": [306, 307, 308, 312, 313, 314], "summary": {"covered_lines": 6, "num_statements": 6, "percent_covered": 100.0, "percent_covered_display": "100", "missing_lines": 0, "excluded_lines": 0}, "missing_lines": [], "excluded_lines": []}, "": {"executed_lines": [1, 21, 22, 23, 24, 27, 28, 30, 31, 32, 35, 36, 37, 39, 40, 41, 42, 43, 45, 46, 52, 53, 58, 59, 60, 62, 63, 64, 65, 66, 68, 93, 94, 96, 104, 120, 121, 125, 126, 130, 164, 190, 194, 247, 286, 299, 300, 302, 303, 305, 310, 318, 321, 323], "summary": {"covered_lines": 48, "num_statements": 48, "percent_covered": 100.0, "percent_covered_display": "100", "missing_lines": 0, "excluded_lines": 0}, "missing_lines": [], "excluded_lines": []}}}, "src/finos_mcp/internal/__init__.py": {"executed_lines": [0], "summary": {"covered_lines": 0, "num_statements": 0, "percent_covered": 100.0, "percent_covered_display": "100", "missing_lines": 0, "excluded_lines": 0}, "missing_lines": [], "excluded_lines": [], "functions": {"": {"executed_lines": [], "summary": {"covered_lines": 0, "num_statements": 0, "percent_covered": 100.0, "percent_covered_display": "100", "missing_lines": 0, "excluded_lines": 0}, "missing_lines": [], "excluded_lines": []}}, "classes": {"": {"executed_lines": [], "summary": {"covered_lines": 0, "num_statements": 0, "percent_covered": 100.0, "percent_covered_display": "100", "missing_lines": 0, "excluded_lines": 0}, "missing_lines": [], "excluded_lines": []}}}, "src/finos_mcp/internal/advanced_mcp_capabilities.py": {"executed_lines": [1, 6, 7, 8, 9, 10, 11, 12, 13, 15, 18, 19, 20, 22, 23, 24, 25, 26, 27, 28, 30, 32, 33, 35, 37, 38, 40, 42, 44, 49, 50, 51, 53, 54, 55, 58, 59, 61, 63, 65, 69, 70, 71, 73, 75, 76, 78, 80, 82, 84, 87, 88, 90, 92, 93, 95, 97, 98, 100, 106, 107, 108, 110, 112, 114, 120, 121, 123, 124, 126, 129, 130, 131, 134, 137, 138, 140, 146, 147, 149, 157, 158, 159, 160, 161, 162, 163, 165, 168, 169, 170, 171, 172, 174, 176, 178, 180, 182, 184, 186, 187, 188, 189, 191, 193, 194, 195, 198, 199, 201, 203, 205, 210, 214, 219, 220, 222, 224, 225, 227, 229, 230, 232, 233, 235, 241, 245, 247, 248, 249, 251, 259, 261, 263, 264, 265, 267, 268, 269, 270, 271, 272, 273, 274, 277, 279, 281, 290, 299, 300, 302, 304, 305, 306, 308, 313, 316, 319, 320, 321, 322, 326, 329, 330, 332, 334, 338, 339, 344, 348, 349, 352, 353, 355, 358, 359, 361, 372, 377], "summary": {"covered_lines": 169, "num_statements": 212, "percent_covered": 79.71698113207547, "percent_covered_display": "80", "missing_lines": 43, "excluded_lines": 0}, "missing_lines": [46, 116, 117, 118, 125, 127, 142, 143, 207, 208, 212, 216, 237, 238, 239, 243, 255, 256, 257, 283, 284, 285, 286, 287, 288, 292, 293, 294, 295, 296, 342, 350, 363, 364, 365, 367, 368, 369, 370, 374, 375, 379, 380], "excluded_lines": [], "functions": {"Tenant.can_add_resource": {"executed_lines": [32, 33], "summary": {"covered_lines": 2, "num_statements": 2, "percent_covered": 100.0, "percent_covered_display": "100", "missing_lines": 0, "excluded_lines": 0}, "missing_lines": [], "excluded_lines": []}, "Tenant.can_add_tool": {"executed_lines": [37, 38], "summary": {"covered_lines": 2, "num_statements": 2, "percent_covered": 100.0, "percent_covered_display": "100", "missing_lines": 0, "excluded_lines": 0}, "missing_lines": [], "excluded_lines": []}, "Tenant.deactivate": {"executed_lines": [42], "summary": {"covered_lines": 1, "num_statements": 1, "percent_covered": 100.0, "percent_covered_display": "100", "missing_lines": 0, "excluded_lines": 0}, "missing_lines": [], "excluded_lines": []}, "Tenant.activate": {"executed_lines": [], "summary": {"covered_lines": 0, "num_statements": 1, "percent_covered": 0.0, "percent_covered_display": "0", "missing_lines": 1, "excluded_lines": 
[...]
2, "excluded_lines": 0}, "missing_lines": [272, 276], "excluded_lines": []}, "RateLimiter.get_remaining_requests": {"executed_lines": [], "summary": {"covered_lines": 0, "num_statements": 5, "percent_covered": 0.0, "percent_covered_display": "0", "missing_lines": 5, "excluded_lines": 0}, "missing_lines": [284, 285, 288, 289, 291], "excluded_lines": []}, "RateLimiter.reset_client": {"executed_lines": [], "summary": {"covered_lines": 0, "num_statements": 2, "percent_covered": 0.0, "percent_covered_display": "0", "missing_lines": 2, "excluded_lines": 0}, "missing_lines": [295, 296], "excluded_lines": []}, "handle_list_resources": {"executed_lines": [312, 325, 327, 329, 330, 333, 334, 336, 350, 351, 353, 356, 363, 376, 377, 379, 382, 389, 401, 411], "summary": {"covered_lines": 20, "num_statements": 38, "percent_covered": 52.63157894736842, "percent_covered_display": "53", "missing_lines": 18, "excluded_lines": 0}, "missing_lines": [313, 321, 337, 342, 343, 346, 347, 361, 371, 372, 373, 387, 397, 398, 399, 413, 414, 415], "excluded_lines": []}, "handle_read_resource": {"executed_lines": [421, 424, 438, 440, 442, 452, 453, 455, 460, 461, 468, 473], "summary": {"covered_lines": 12, "num_statements": 24, "percent_covered": 50.0, "percent_covered_display": "50", "missing_lines": 12, "excluded_lines": 0}, "missing_lines": [425, 434, 456, 457, 462, 466, 475, 476, 477, 478, 479, 480], "excluded_lines": []}, "handle_list_tools": {"executed_lines": [486], "summary": {"covered_lines": 1, "num_statements": 1, "percent_covered": 100.0, "percent_covered_display": "100", "missing_lines": 0, "excluded_lines": 0}, "missing_lines": [], "excluded_lines": []}, "handle_call_tool": {"executed_lines": [495, 498, 500, 502, 518, 522, 526, 528, 538, 541, 542, 546, 554, 555, 563, 572, 574, 576, 577, 584, 594], "summary": {"covered_lines": 21, "num_statements": 32, "percent_covered": 65.625, "percent_covered_display": "66", "missing_lines": 11, "excluded_lines": 0}, "missing_lines": [503, 513, 519, 523, 547, 551, 596, 598, 599, 604, 614], "excluded_lines": []}, "log_health_status": {"executed_lines": [619, 620, 623, 624, 639], "summary": {"covered_lines": 5, "num_statements": 5, "percent_covered": 100.0, "percent_covered_display": "100", "missing_lines": 0, "excluded_lines": 0}, "missing_lines": [], "excluded_lines": []}, "main_async": {"executed_lines": [], "summary": {"covered_lines": 0, "num_statements": 3, "percent_covered": 0.0, "percent_covered_display": "0", "missing_lines": 3, "excluded_lines": 0}, "missing_lines": [645, 647, 648], "excluded_lines": []}, "main": {"executed_lines": [], "summary": {"covered_lines": 0, "num_statements": 1, "percent_covered": 0.0, "percent_covered_display": "0", "missing_lines": 1, "excluded_lines": 0}, "missing_lines": [664], "excluded_lines": []}, "": {"executed_lines": [2, 24, 25, 26, 27, 28, 30, 31, 32, 33, 41, 43, 44, 45, 46, 47, 48, 49, 50, 53, 56, 57, 59, 62, 63, 65, 66, 68, 73, 81, 84, 94, 95, 97, 103, 209, 244, 245, 247, 258, 282, 293, 300, 303, 308, 309, 418, 419, 483, 484, 489, 490, 617, 642, 662, 667], "summary": {"covered_lines": 52, "num_statements": 53, "percent_covered": 98.11320754716981, "percent_covered_display": "98", "missing_lines": 1, "excluded_lines": 0}, "missing_lines": [668], "excluded_lines": []}}, "classes": {"ContentServiceInstanceManager": {"executed_lines": [69, 70, 71, 75, 76, 77], "summary": {"covered_lines": 6, "num_statements": 6, "percent_covered": 100.0, "percent_covered_display": "100", "missing_lines": 0, "excluded_lines": 0}, "missing_lines": [], "excluded_lines": []}, "SecurityValidationError": {"executed_lines": [], "summary": {"covered_lines": 0, "num_statements": 3, "percent_covered": 0.0, "percent_covered_display": "0", "missing_lines": 3, "excluded_lines": 0}, "missing_lines": [98, 99, 100], "excluded_lines": []}, "RateLimiter": {"executed_lines": [254, 255, 256, 267, 268, 271, 275, 279, 280], "summary": {"covered_lines": 9, "num_statements": 18, "percent_covered": 50.0, "percent_covered_display": "50", "missing_lines": 9, "excluded_lines": 0}, "missing_lines": [272, 276, 284, 285, 288, 289, 291, 295, 296], "excluded_lines": []}, "": {"executed_lines": [2, 24, 25, 26, 27, 28, 30, 31, 32, 33, 41, 43, 44, 45, 46, 47, 48, 49, 50, 53, 56, 57, 59, 62, 63, 65, 66, 68, 73, 81, 84, 86, 94, 95, 97, 103, 115, 119, 123, 129, 132, 136, 140, 155, 156, 157, 163, 164, 165, 166, 167, 168, 175, 178, 180, 183, 189, 206, 209, 225, 226, 228, 230, 232, 236, 244, 245, 247, 258, 282, 293, 300, 303, 308, 309, 312, 325, 327, 329, 330, 333, 334, 336, 350, 351, 353, 356, 363, 376, 377, 379, 382, 389, 401, 411, 418, 419, 421, 424, 438, 440, 442, 452, 453, 455, 460, 461, 468, 473, 483, 484, 486, 489, 490, 495, 498, 500, 502, 518, 522, 526, 528, 538, 541, 542, 546, 554, 555, 563, 572, 574, 576, 577, 584, 594, 617, 619, 620, 623, 624, 639, 642, 662, 667], "summary": {"covered_lines": 140, "num_statements": 199, "percent_covered": 70.35175879396985, "percent_covered_display": "70", "missing_lines": 59, "excluded_lines": 0}, "missing_lines": [116, 120, 124, 133, 137, 158, 170, 176, 184, 197, 201, 202, 233, 313, 321, 337, 342, 343, 346, 347, 361, 371, 372, 373, 387, 397, 398, 399, 413, 414, 415, 425, 434, 456, 457, 462, 466, 475, 476, 477, 478, 479, 480, 503, 513, 519, 523, 547, 551, 596, 598, 599, 604, 614, 645, 647, 648, 664, 668], "excluded_lines": []}}}, "src/finos_mcp/tools/__init__.py": {"executed_lines": [1, 15, 16, 18, 20, 21, 22, 23, 26, 34, 54, 56, 59, 73, 74, 76, 77, 80], "summary": {"covered_lines": 17, "num_statements": 17, "percent_covered": 100.0, "percent_covered_display": "100", "missing_lines": 0, "excluded_lines": 0}, "missing_lines": [], "excluded_lines": [], "functions": {"get_all_tools": {"executed_lines": [56], "summary": {"covered_lines": 1, "num_statements": 1, "percent_covered": 100.0, "percent_covered_display": "100", "missing_lines": 0, "excluded_lines": 0}, "missing_lines": [], "excluded_lines": []}, "handle_tool_call": {"executed_lines": [73, 74, 76, 77], "summary": {"covered_lines": 4, "num_statements": 4, "percent_covered": 100.0, "percent_covered_display": "100", "missing_lines": 0, "excluded_lines": 0}, "missing_lines": [], "excluded_lines": []}, "": {"executed_lines": [1, 15, 16, 18, 20, 21, 22, 23, 26, 34, 54, 59, 80], "summary": {"covered_lines": 12, "num_statements": 12, "percent_covered": 100.0, "percent_covered_display": "100", "missing_lines": 0, "excluded_lines": 0}, "missing_lines": [], "excluded_lines": []}}, "classes": {"": {"executed_lines": [1, 15, 16, 18, 20, 21, 22, 23, 26, 34, 54, 56, 59, 73, 74, 76, 77, 80], "summary": {"covered_lines": 17, "num_statements": 17, "percent_covered": 100.0, "percent_covered_display": "100", "missing_lines": 0, "excluded_lines": 0}, "missing_lines": [], "excluded_lines": []}}}, "src/finos_mcp/tools/details.py": {"executed_lines": [1, 6, 8, 9, 11, 12, 13, 14, 16, 19, 20, 22, 27, 28, 30, 34, 66, 78, 82, 83, 84, 86, 89, 103, 105, 106, 107, 108, 110, 111, 113, 125, 137, 140, 153, 159, 160, 162, 165, 167, 172, 173, 176, 178, 186, 187, 189, 192, 194, 198, 199, 200, 202], "summary": {"covered_lines": 50, "num_statements": 61, "percent_covered": 81.9672131147541, "percent_covered_display": "82", "missing_lines": 11, "excluded_lines": 0}, "missing_lines": [79, 114, 115, 123, 179, 180, 184, 203, 204, 208, 211], "excluded_lines": [], "functions": {"_find_file_by_id": {"executed_lines": [78, 82, 83, 84, 86], "summary": {"covered_lines": 5, "num_statements": 6, "percent_covered": 83.33333333333333, "percent_covered_display": "83", "missing_lines": 1, "excluded_lines": 0}, "missing_lines": [79], "excluded_lines": []}, "_get_document_details": {"executed_lines": [103, 105, 106, 107, 108, 110, 111, 113, 125, 137], "summary": {"covered_lines": 10, "num_statements": 13, "percent_covered": 76.92307692307692, "percent_covered_display": "77", "missing_lines": 3, "excluded_lines": 0}, "missing_lines": [114, 115, 123], "excluded_lines": []}, "handle_details_tools": {"executed_lines": [153, 159, 160, 162, 165, 167, 172, 173, 176, 178, 186, 187, 189, 192, 194, 198, 199, 200, 202], "summary": {"covered_lines": 19, "num_statements": 26, "percent_covered": 73.07692307692308, "percent_covered_display": "73", "missing_lines": 7, "excluded_lines": 0}, "missing_lines": [179, 180, 184, 203, 204, 208, 211], "excluded_lines": []}, "": {"executed_lines": [1, 6, 8, 9, 11, 12, 13, 14, 16, 19, 20, 22, 27, 28, 30, 34, 66, 89, 140], "summary": {"covered_lines": 16, "num_statements": 16, "percent_covered": 100.0, "percent_covered_display": "100", "missing_lines": 0, "excluded_lines": 0}, "missing_lines": [], "excluded_lines": []}}, "classes": {"GetMitigationDetailsRequest": {"executed_lines": [], "summary": {"covered_lines": 0, "num_statements": 0, "percent_covered": 100.0, "percent_covered_display": "100", "missing_lines": 0, "excluded_lines": 0}, "missing_lines": [], "excluded_lines": []}, "GetRiskDetailsRequest": {"executed_lines": [], "summary": {"covered_lines": 0, "num_statements": 0, "percent_covered": 100.0, "percent_covered_display": "100", "missing_lines": 0, "excluded_lines": 0}, "missing_lines": [], "excluded_lines": []}, "": {"executed_lines": [1, 6, 8, 9, 11, 12, 13, 14, 16, 19, 20, 22, 27, 28, 30, 34, 66, 78, 82, 83, 84, 86, 89, 103, 105, 106, 107, 108, 110, 111, 113, 125, 137, 140, 153, 159, 160, 162, 165, 167, 172, 173, 176, 178, 186, 187, 189, 192, 194, 198, 199, 200, 202], "summary": {"covered_lines": 50, "num_statements": 61, "percent_covered": 81.9672131147541, "percent_covered_display": "82", "missing_lines": 11, "excluded_lines": 0}, "missing_lines": [79, 114, 115, 123, 179, 180, 184, 203, 204, 208, 211], "excluded_lines": []}}}, "src/finos_mcp/tools/listing.py": {"executed_lines": [1, 6, 7, 9, 10, 12, 13, 14, 16, 19, 20, 23, 24, 28, 42, 53, 54, 56, 57, 58, 59, 68, 69, 70, 71, 73, 78, 80, 91, 94, 107, 113, 115, 116, 117, 118, 120, 122, 123, 124, 125], "summary": {"covered_lines": 38, "num_statements": 40, "percent_covered": 95.0, "percent_covered_display": "95", "missing_lines": 2, "excluded_lines": 0}, "missing_lines": [75, 127], "excluded_lines": [], "functions": {"_list_documents": {"executed_lines": [53, 54, 56, 57, 58, 59, 68, 69, 70, 71, 73, 78, 80, 91], "summary": {"covered_lines": 14, "num_statements": 15, "percent_covered": 93.33333333333333, "percent_covered_display": "93", "missing_lines": 1, "excluded_lines": 0}, "missing_lines": [75], "excluded_lines": []}, "handle_listing_tools": {"executed_lines": [107, 113, 115, 116, 117, 118, 120, 122, 123, 124, 125], "summary": {"covered_lines": 11, "num_statements": 12, "percent_covered": 91.66666666666667, "percent_covered_display": "92", "missing_lines": 1, "excluded_lines": 0}, "missing_lines": [127], "excluded_lines": []}, "": {"executed_lines": [1, 6, 7, 9, 10, 12, 13, 14, 16, 19, 20, 23, 24, 28, 42, 94], "summary": {"covered_lines": 13, "num_statements": 13, "percent_covered": 100.0, "percent_covered_display": "100", "missing_lines": 0, "excluded_lines": 0}, "missing_lines": [], "excluded_lines": []}}, "classes": {"ListAllMitigationsRequest": {"executed_lines": [], "summary": {"covered_lines": 0, "num_statements": 0, "percent_covered": 100.0, "percent_covered_display": "100", "missing_lines": 0, "excluded_lines": 0}, "missing_lines": [], "excluded_lines": []}, "ListAllRisksRequest": {"executed_lines": [], "summary": {"covered_lines": 0, "num_statements": 0, "percent_covered": 100.0, "percent_covered_display": "100", "missing_lines": 0, "excluded_lines": 0}, "missing_lines": [], "excluded_lines": []}, "": {"executed_lines": [1, 6, 7, 9, 10, 12, 13, 14, 16, 19, 20, 23, 24, 28, 42, 53, 54, 56, 57, 58, 59, 68, 69, 70, 71, 73, 78, 80, 91, 94, 107, 113, 115, 116, 117, 118, 120, 122, 123, 124, 125], "summary": {"covered_lines": 38, "num_statements": 40, "percent_covered": 95.0, "percent_covered_display": "95", "missing_lines": 2, "excluded_lines": 0}, "missing_lines": [75, 127], "excluded_lines": []}}}, "src/finos_mcp/tools/search.py": {"executed_lines": [1, 7, 8, 9, 10, 12, 13, 14, 16, 17, 18, 19, 21, 24, 44, 65, 66, 68, 70, 71, 72, 73, 75, 77, 78, 79, 81, 84, 85, 90, 92, 94, 96, 97, 99, 104, 106, 120, 140, 143, 145, 148, 150, 151, 154, 156, 157, 160, 161, 163, 166, 171, 172, 174, 175, 181, 223, 238, 239, 241, 243, 244, 245, 250, 259, 260, 264, 265, 267, 268, 276, 277, 278, 279, 281, 283, 295, 298, 311, 317, 318, 320, 323, 325, 333, 334, 340, 342, 351, 352, 354, 357, 361, 369, 370, 373, 375, 388], "summary": {"covered_lines": 94, "num_statements": 108, "percent_covered": 87.03703703703704, "percent_covered_display": "87", "missing_lines": 14, "excluded_lines": 0}, "missing_lines": [122, 131, 136, 246, 247, 261, 343, 344, 349, 376, 377, 382, 385, 390], "excluded_lines": [], "functions": {"DiscoveryCacheManager.__new__": {"executed_lines": [71, 72, 73], "summary": {"covered_lines": 3, "num_statements": 3, "percent_covered": 100.0, "percent_covered_display": "100", "missing_lines": 0, "excluded_lines": 0}, "missing_lines": [], "excluded_lines": []}, "DiscoveryCacheManager.__init__": {"executed_lines": [77, 78, 79], "summary": {"covered_lines": 3, "num_statements": 3, "percent_covered": 100.0, "percent_covered_display": "100", "missing_lines": 0, "excluded_lines": 0}, "missing_lines": [], "excluded_lines": []}, "DiscoveryCacheManager.get_file_lists": {"executed_lines": [84, 85, 90, 92, 94, 96, 97, 99, 104, 106, 120], "summary": {"covered_lines": 11, "num_statements": 14, "percent_covered": 78.57142857142857, "percent_covered_display": "79", "missing_lines": 3, "excluded_lines": 0}, "missing_lines": [122, 131, 136], "excluded_lines": []}, "get_file_lists": {"executed_lines": [145], "summary": {"covered_lines": 1, "num_statements": 1, "percent_covered": 100.0, "percent_covered_display": "100", "missing_lines": 0, "excluded_lines": 0}, "missing_lines": [], "excluded_lines": []}, "get_mitigation_files": {"executed_lines": [150, 151], "summary": {"covered_lines": 2, "num_statements": 2, "percent_covered": 100.0, "percent_covered_display": "100", "missing_lines": 0, "excluded_lines": 0}, "missing_lines": [], "excluded_lines": []}, "get_risk_files": {"executed_lines": [156, 157], "summary": {"covered_lines": 2, "num_statements": 2, "percent_covered": 100.0, "percent_covered_display": "100", "missing_lines": 0, "excluded_lines": 0}, "missing_lines": [], "excluded_lines": []}, "_search_documents": {"executed_lines": [238, 239, 241, 243, 244, 245, 250, 259, 260, 264, 265, 267, 268, 276, 277, 278, 279, 281, 283, 295], "summary": {"covered_lines": 20, "num_statements": 23, "percent_covered": 86.95652173913044, "percent_covered_display": "87", "missing_lines": 3, "excluded_lines": 0}, "missing_lines": [246, 247, 261], "excluded_lines": []}, "handle_search_tools": {"executed_lines": [311, 317, 318, 320, 323, 325, 333, 334, 340, 342, 351, 352, 354, 357, 361, 369, 370, 373, 375], "summary": {"covered_lines": 19, "num_statements": 26, "percent_covered": 73.07692307692308, "percent_covered_display": "73", "missing_lines": 7, "excluded_lines": 0}, "missing_lines": [343, 344, 349, 376, 377, 382, 385], "excluded_lines": []}, "_get_search_suggestions": {"executed_lines": [], "summary": {"covered_lines": 0, "num_statements": 1, "percent_covered": 0.0, "percent_covered_display": "0", "missing_lines": 1, "excluded_lines": 0}, "missing_lines": [390], "excluded_lines": []}, "": {"executed_lines": [1, 7, 8, 9, 10, 12, 13, 14, 16, 17, 18, 19, 21, 24, 44, 65, 66, 68, 70, 75, 81, 140, 143, 148, 154, 160, 161, 163, 166, 171, 172, 174, 175, 181, 223, 298, 388], "summary": {"covered_lines": 33, "num_statements": 33, "percent_covered": 100.0, "percent_covered_display": "100", "missing_lines": 0, "excluded_lines": 0}, "missing_lines": [], "excluded_lines": []}}, "classes": {"DiscoveryCacheManager": {"executed_lines": [71, 72, 73, 77, 78, 79, 84, 85, 90, 92, 94, 96, 97, 99, 104, 106, 120], "summary": {"covered_lines": 17, "num_statements": 20, "percent_covered": 85.0, "percent_covered_display": "85", "missing_lines": 3, "excluded_lines": 0}, "missing_lines": [122, 131, 136], "excluded_lines": []}, "SearchMitigationsRequest": {"executed_lines": [], "summary": {"covered_lines": 0, "num_statements": 0, "percent_covered": 100.0, "percent_covered_display": "100", "missing_lines": 0, "excluded_lines": 0}, "missing_lines": [], "excluded_lines": []}, "SearchRisksRequest": {"executed_lines": [], "summary": {"covered_lines": 0, "num_statements": 0, "percent_covered": 100.0, "percent_covered_display": "100", "missing_lines": 0, "excluded_lines": 0}, "missing_lines": [], "excluded_lines": []}, "": {"executed_lines": [1, 7, 8, 9, 10, 12, 13, 14, 16, 17, 18, 19, 21, 24, 44, 65, 66, 68, 70, 75, 81, 140, 143, 145, 148, 150, 151, 154, 156, 157, 160, 161, 163, 166, 171, 172, 174, 175, 181, 223, 238, 239, 241, 243, 244, 245, 250, 259, 260, 264, 265, 267, 268, 276, 277, 278, 279, 281, 283, 295, 298, 311, 317, 318, 320, 323, 325, 333, 334, 340, 342, 351, 352, 354, 357, 361, 369, 370, 373, 375, 388], "summary": {"covered_lines": 77, "num_statements": 88, "percent_covered": 87.5, "percent_covered_display": "88", "missing_lines": 11, "excluded_lines": 0}, "missing_lines": [246, 247, 261, 343, 344, 349, 376, 377, 382, 385, 390], "excluded_lines": []}}}, "src/finos_mcp/tools/system.py": {"executed_lines": [1, 6, 7, 9, 10, 12, 13, 15, 18, 19, 22, 23, 26, 27, 30, 31, 35, 59, 72, 78, 80, 82, 85, 86, 88, 96, 98, 100, 103, 104, 106, 115, 117, 119, 122, 124, 136, 138, 140, 143, 145, 151, 159], "summary": {"covered_lines": 38, "num_statements": 39, "percent_covered": 97.43589743589743, "percent_covered_display": "97", "missing_lines": 1, "excluded_lines": 0}, "missing_lines": [162], "excluded_lines": [], "functions": {"handle_system_tools": {"executed_lines": [72, 78, 80, 82, 85, 86, 88, 96, 98, 100, 103, 104, 106, 115, 117, 119, 122, 124, 136, 138, 140, 143, 145, 151, 159], "summary": {"covered_lines": 25, "num_statements": 26, "percent_covered": 96.15384615384616, "percent_covered_display": "96", "missing_lines": 1, "excluded_lines": 0}, "missing_lines": [162], "excluded_lines": []}, "": {"executed_lines": [1, 6, 7, 9, 10, 12, 13, 15, 18, 19, 22, 23, 26, 27, 30, 31, 35, 59], "summary": {"covered_lines": 13, "num_statements": 13, "percent_covered": 100.0, "percent_covered_display": "100", "missing_lines": 0, "excluded_lines": 0}, "missing_lines": [], "excluded_lines": []}}, "classes": {"GetCacheStatsRequest": {"executed_lines": [], "summary": {"covered_lines": 0, "num_statements": 0, "percent_covered": 100.0, "percent_covered_display": "100", "missing_lines": 0, "excluded_lines": 0}, "missing_lines": [], "excluded_lines": []}, "GetServiceHealthRequest": {"executed_lines": [], "summary": {"covered_lines": 0, "num_statements": 0, "percent_covered": 100.0, "percent_covered_display": "100", "missing_lines": 0, "excluded_lines": 0}, "missing_lines": [], "excluded_lines": []}, "GetServiceMetricsRequest": {"executed_lines": [], "summary": {"covered_lines": 0, "num_statements": 0, "percent_covered": 100.0, "percent_covered_display": "100", "missing_lines": 0, "excluded_lines": 0}, "missing_lines": [], "excluded_lines": []}, "ResetServiceHealthRequest": {"executed_lines": [], "summary": {"covered_lines": 0, "num_statements": 0, "percent_covered": 100.0, "percent_covered_display": "100", "missing_lines": 0, "excluded_lines": 0}, "missing_lines": [], "excluded_lines": []}, "": {"executed_lines": [1, 6, 7, 9, 10, 12, 13, 15, 18, 19, 22, 23, 26, 27, 30, 31, 35, 59, 72, 78, 80, 82, 85, 86, 88, 96, 98, 100, 103, 104, 106, 115, 117, 119, 122, 124, 136, 138, 140, 143, 145, 151, 159], "summary": {"covered_lines": 38, "num_statements": 39, "percent_covered": 97.43589743589743, "percent_covered_display": "97", "missing_lines": 1, "excluded_lines": 0}, "missing_lines": [162], "excluded_lines": []}}}}, "totals": {"covered_lines": 3469, "num_statements": 4533, "percent_covered": 76.52768585925436, "percent_covered_display": "77", "missing_lines": 1064, "excluded_lines": 0}}
