<?xml version="1.0" encoding="utf-8"?><testsuites name="pytest tests"><testsuite name="pytest" errors="0" failures="0" skipped="0" tests="222" time="9.586" timestamp="2025-09-14T18:44:06.995735-03:00" hostname="MacBookAir.lan"><testcase classname="tests.unit.test_cache.TestCacheEntry" name="test_cache_entry_creation" time="0.002" /><testcase classname="tests.unit.test_cache.TestCacheEntry" name="test_cache_entry_expiration" time="0.001" /><testcase classname="tests.unit.test_cache.TestCacheEntry" name="test_cache_entry_touch" time="0.001" /><testcase classname="tests.unit.test_cache.TestCacheEntry" name="test_cache_entry_time_methods" time="0.001" /><testcase classname="tests.unit.test_cache.TestCacheStats" name="test_cache_stats_creation" time="0.001" /><testcase classname="tests.unit.test_cache.TestCacheStats" name="test_cache_stats_to_dict" time="0.001" /><testcase classname="tests.unit.test_cache.TestTTLCache" name="test_basic_get_set" time="0.003" /><testcase classname="tests.unit.test_cache.TestTTLCache" name="test_ttl_expiration" time="0.203" /><testcase classname="tests.unit.test_cache.TestTTLCache" name="test_no_ttl" time="0.104" /><testcase classname="tests.unit.test_cache.TestTTLCache" name="test_lru_eviction" time="0.002" /><testcase classname="tests.unit.test_cache.TestTTLCache" name="test_lru_access_order" time="0.002" /><testcase classname="tests.unit.test_cache.TestTTLCache" name="test_update_existing_key" time="0.002" /><testcase classname="tests.unit.test_cache.TestTTLCache" name="test_delete_operations" time="0.002" /><testcase classname="tests.unit.test_cache.TestTTLCache" name="test_exists_operation" time="0.203" /><testcase classname="tests.unit.test_cache.TestTTLCache" name="test_clear_operation" time="0.002" /><testcase classname="tests.unit.test_cache.TestTTLCache" name="test_cleanup_expired" time="0.203" /><testcase classname="tests.unit.test_cache.TestTTLCache" name="test_cache_statistics" time="0.002" /><testcase classname="tests.unit.test_cache.TestTTLCache" name="test_entry_info" time="0.002" /><testcase classname="tests.unit.test_cache.TestTTLCache" name="test_size_estimation" time="0.002" /><testcase classname="tests.unit.test_cache.TestTTLCache" name="test_background_cleanup_disabled" time="0.001" /><testcase classname="tests.unit.test_cache.TestTTLCache" name="test_background_cleanup_enabled" time="0.203" /><testcase classname="tests.unit.test_cache.TestGlobalCacheAPI" name="test_global_cache_access" time="0.002" /><testcase classname="tests.unit.test_cache.TestGlobalCacheAPI" name="test_cache_configuration_from_settings" time="0.003" /><testcase classname="tests.unit.test_cache.TestCachePerformance" name="test_concurrent_access" time="0.002" /><testcase classname="tests.unit.test_cache.TestCachePerformance" name="test_large_values" time="0.006" /><testcase classname="tests.unit.test_config_validation.TestSettingsValidation" name="test_default_settings" time="0.003" /><testcase classname="tests.unit.test_config_validation.TestSettingsValidation" name="test_environment_variable_override" time="0.003" /><testcase classname="tests.unit.test_config_validation.TestSettingsValidation" name="test_log_level_validation_valid" time="0.008" /><testcase classname="tests.unit.test_config_validation.TestSettingsValidation" name="test_log_level_validation_invalid" time="0.003" /><testcase classname="tests.unit.test_config_validation.TestSettingsValidation" name="test_log_level_case_insensitive" time="0.002" /><testcase classname="tests.unit.test_config_validation.TestSettingsValidation" name="test_base_url_validation_valid" time="0.004" /><testcase classname="tests.unit.test_config_validation.TestSettingsValidation" name="test_base_url_validation_invalid" time="0.009" /><testcase classname="tests.unit.test_config_validation.TestSettingsValidation" name="test_base_url_trailing_slash_removal" time="0.002" /><testcase classname="tests.unit.test_config_validation.TestSettingsValidation" name="test_http_timeout_validation" time="0.005" /><testcase classname="tests.unit.test_config_validation.TestSettingsValidation" name="test_cache_max_size_validation" time="0.005" /><testcase classname="tests.unit.test_config_validation.TestSettingsValidation" name="test_config_file_validation_nonexistent" time="0.003" /><testcase classname="tests.unit.test_config_validation.TestSettingsValidation" name="test_config_file_validation_valid" time="0.003" /><testcase classname="tests.unit.test_config_validation.TestSettingsProperties" name="test_mitigations_url" time="0.002" /><testcase classname="tests.unit.test_config_validation.TestSettingsProperties" name="test_risks_url" time="0.002" /><testcase classname="tests.unit.test_config_validation.TestSettingsProperties" name="test_logging_config_normal_mode" time="0.002" /><testcase classname="tests.unit.test_config_validation.TestSettingsProperties" name="test_logging_config_debug_mode" time="0.002" /><testcase classname="tests.unit.test_config_validation.TestStartupValidation" name="test_startup_validation_success" time="0.003" /><testcase classname="tests.unit.test_config_validation.TestStartupValidation" name="test_startup_validation_invalid_config" time="0.002" /><testcase classname="tests.unit.test_config_validation.TestStartupValidation" name="test_get_settings_singleton" time="0.001" /><testcase classname="tests.unit.test_config_validation.TestStartupValidation" name="test_get_settings_reload" time="0.002" /><testcase classname="tests.unit.test_config_validation.TestStartupValidation" name="test_configure_logging_called" time="0.003" /><testcase classname="tests.unit.test_config_validation.TestStartupValidation" name="test_startup_validation_with_custom_values" time="0.003" /><testcase classname="tests.unit.test_config_validation.TestConfigValidationErrorMessages" name="test_helpful_error_message_invalid_log_level" time="0.002" /><testcase classname="tests.unit.test_config_validation.TestConfigValidationErrorMessages" name="test_helpful_error_message_invalid_url" time="0.002" /><testcase classname="tests.unit.test_config_validation.TestConfigValidationErrorMessages" name="test_startup_validation_error_handling" time="0.003" /><testcase classname="tests.unit.test_content_service.TestContentServiceInitialization" name="test_content_service_init" time="0.001" /><testcase classname="tests.unit.test_content_service.TestContentServiceInitialization" name="test_service_status_enum" time="0.001" /><testcase classname="tests.unit.test_content_service.TestContentServiceInitialization" name="test_operation_result_enum" time="0.001" /><testcase classname="tests.unit.test_content_service.TestServiceHealth" name="test_service_health_creation" time="0.001" /><testcase classname="tests.unit.test_content_service.TestServiceHealth" name="test_service_health_to_dict" time="0.001" /><testcase classname="tests.unit.test_content_service.TestOperationContext" name="test_operation_context_creation" time="0.001" /><testcase classname="tests.unit.test_content_service.TestContentServiceOperations" name="test_get_health_status" time="0.002" /><testcase classname="tests.unit.test_content_service.TestContentServiceOperations" name="test_get_health_status_determines_status" time="0.002" /><testcase classname="tests.unit.test_content_service.TestContentServiceOperations" name="test_reset_health" time="0.002" /><testcase classname="tests.unit.test_content_service.TestContentServiceOperations" name="test_get_service_diagnostics" time="0.002" /><testcase classname="tests.unit.test_content_service.TestContentServiceOperations" name="test_cache_statistics_via_diagnostics" time="0.003" /><testcase classname="tests.unit.test_content_service.TestContentServiceOperations" name="test_cache_warming_stats" time="0.002" /><testcase classname="tests.unit.test_content_service.TestGetDocumentFunctionality" name="test_get_document_mitigation_success" time="0.003" /><testcase classname="tests.unit.test_content_service.TestGetDocumentFunctionality" name="test_get_document_risk_success" time="0.003" /><testcase classname="tests.unit.test_content_service.TestGetDocumentFunctionality" name="test_get_document_with_ttl_override" time="0.004" /><testcase classname="tests.unit.test_content_service.TestGetDocumentFunctionality" name="test_get_document_fetch_failure" time="0.007" /><testcase classname="tests.unit.test_content_service.TestGetDocumentFunctionality" name="test_get_document_parse_failure" time="0.003" /><testcase classname="tests.unit.test_content_service.TestErrorBoundaryProtection" name="test_error_boundary_circuit_breaker_error" time="0.002" /><testcase classname="tests.unit.test_content_service.TestErrorBoundaryProtection" name="test_error_boundary_timeout_error" time="0.003" /><testcase classname="tests.unit.test_content_service.TestErrorBoundaryProtection" name="test_error_boundary_generic_exception" time="0.006" /><testcase classname="tests.unit.test_content_service.TestErrorBoundaryProtection" name="test_cache_warming_loop_coverage" time="0.002" /><testcase classname="tests.unit.test_content_service.TestErrorBoundaryProtection" name="test_get_document_cache_hit" time="0.003" /><testcase classname="tests.unit.test_content_service.TestErrorBoundaryProtection" name="test_service_manager_patterns" time="0.002" /><testcase classname="tests.unit.test_content_service.TestErrorBoundaryProtection" name="test_operation_context_usage" time="0.002" /><testcase classname="tests.unit.test_content_service.TestContentServiceManager" name="test_content_service_manager_singleton_pattern" time="0.001" /><testcase classname="tests.unit.test_content_service.TestContentServiceManager" name="test_get_content_service_function" time="0.002" /><testcase classname="tests.unit.test_content_service.TestContentServiceManager" name="test_close_content_service_function" time="0.001" /><testcase classname="tests.unit.test_content_service.TestErrorBoundaries" name="test_error_boundaries_initialization" time="0.001" /><testcase classname="tests.unit.test_content_service.TestErrorBoundaries" name="test_error_boundary_stats_in_diagnostics" time="0.001" /><testcase classname="tests.unit.test_content_service.TestCacheWarmingConfiguration" name="test_warming_stats_initialization" time="0.001" /><testcase classname="tests.unit.test_content_service.TestCacheWarmingConfiguration" name="test_service_warming_configuration" time="0.002" /><testcase classname="tests.unit.test_content_service.TestServiceStatistics" name="test_initial_statistics" time="0.001" /><testcase classname="tests.unit.test_content_service.TestServiceStatistics" name="test_statistics_tracking" time="0.002" /><testcase classname="tests.unit.test_content_service.TestServiceStatistics" name="test_success_rate_calculation_edge_cases" time="0.002" /><testcase classname="tests.unit.test_frontmatter_parser.TestFrontmatterParser" name="test_basic_frontmatter_parsing" time="0.002" /><testcase classname="tests.unit.test_frontmatter_parser.TestFrontmatterParser" name="test_no_frontmatter" time="0.001" /><testcase classname="tests.unit.test_frontmatter_parser.TestFrontmatterParser" name="test_empty_frontmatter" time="0.001" /><testcase classname="tests.unit.test_frontmatter_parser.TestFrontmatterParser" name="test_malformed_yaml_recovery" time="0.003" /><testcase classname="tests.unit.test_frontmatter_parser.TestFrontmatterParser" name="test_bom_detection_utf8" time="0.001" /><testcase classname="tests.unit.test_frontmatter_parser.TestFrontmatterParser" name="test_bom_detection_utf16" time="0.001" /><testcase classname="tests.unit.test_frontmatter_parser.TestFrontmatterParser" name="test_alternative_delimiters" time="0.001" /><testcase classname="tests.unit.test_frontmatter_parser.TestFrontmatterParser" name="test_cross_platform_line_endings" time="0.001" /><testcase classname="tests.unit.test_frontmatter_parser.TestFrontmatterParser" name="test_unicode_normalization" time="0.002" /><testcase classname="tests.unit.test_frontmatter_parser.TestFrontmatterParser" name="test_excessive_whitespace_normalization" time="0.001" /><testcase classname="tests.unit.test_frontmatter_parser.TestFrontmatterParser" name="test_yaml_type_conversion" time="0.002" /><testcase classname="tests.unit.test_frontmatter_parser.TestFrontmatterParser" name="test_manual_yaml_extraction" time="0.002" /><testcase classname="tests.unit.test_frontmatter_parser.TestFrontmatterParser" name="test_encoding_error_handling" time="0.001" /><testcase classname="tests.unit.test_frontmatter_parser.TestFrontmatterParser" name="test_parser_statistics" time="0.001" /><testcase classname="tests.unit.test_frontmatter_parser.TestFrontmatterParser" name="test_extremely_long_content" time="0.001" /><testcase classname="tests.unit.test_frontmatter_parser.TestFrontmatterParser" name="test_nested_yaml_structures" time="0.002" /><testcase classname="tests.unit.test_frontmatter_parser.TestFrontmatterParser" name="test_special_characters_in_values" time="0.001" /><testcase classname="tests.unit.test_frontmatter_parser.TestGlobalParserFunctions" name="test_global_parse_function" time="0.001" /><testcase classname="tests.unit.test_frontmatter_parser.TestGlobalParserFunctions" name="test_global_stats_functions" time="0.001" /><testcase classname="tests.unit.test_frontmatter_parser.TestGlobalParserFunctions" name="test_multiple_documents_stats" time="0.002" /><testcase classname="tests.unit.test_frontmatter_parser.TestRealWorldScenarios" name="test_finos_mitigation_format" time="0.002" /><testcase classname="tests.unit.test_frontmatter_parser.TestRealWorldScenarios" name="test_finos_risk_format" time="0.002" /><testcase classname="tests.unit.test_frontmatter_parser.TestRealWorldScenarios" name="test_github_flavored_frontmatter" time="0.002" /><testcase classname="tests.unit.test_pytest_setup.TestBasicFunctionality" name="test_pytest_working" time="0.001" /><testcase classname="tests.unit.test_pytest_setup.TestBasicFunctionality" name="test_package_import" time="0.001" /><testcase classname="tests.unit.test_pytest_setup.TestBasicFunctionality" name="test_async_support" time="0.012" /><testcase classname="tests.unit.test_pytest_setup.TestBasicFunctionality" name="test_mcp_request_factory" time="0.001" /><testcase classname="tests.unit.test_security_rate_limit.TestRateLimitInfo" name="test_rate_limit_info_creation" time="0.001" /><testcase classname="tests.unit.test_security_rate_limit.TestRateLimitInfo" name="test_rate_limit_info_with_retry_after" time="0.001" /><testcase classname="tests.unit.test_security_rate_limit.TestRateLimiter" name="test_rate_limiter_creation" time="0.001" /><testcase classname="tests.unit.test_security_rate_limit.TestRateLimiter" name="test_rate_limiter_default_values" time="0.001" /><testcase classname="tests.unit.test_security_rate_limit.TestRateLimiter" name="test_should_proceed_initially" time="0.001" /><testcase classname="tests.unit.test_security_rate_limit.TestRateLimiter" name="test_should_proceed_with_rate_limit_info" time="0.001" /><testcase classname="tests.unit.test_security_rate_limit.TestRateLimiter" name="test_should_proceed_when_near_limit" time="0.001" /><testcase classname="tests.unit.test_security_rate_limit.TestRateLimiter" name="test_wait_if_needed_method_exists" time="0.001" /><testcase classname="tests.unit.test_security_rate_limit.TestRateLimiter" name="test_calculate_retry_delay_method_exists" time="0.001" /><testcase classname="tests.unit.test_security_rate_limit.TestRateLimiter" name="test_update_rate_limit_info_from_response" time="0.001" /><testcase classname="tests.unit.test_security_rate_limit.TestRateLimiter" name="test_calculate_retry_delay_basic" time="0.001" /><testcase classname="tests.unit.test_security_rate_limit.TestRateLimiter" name="test_calculate_retry_delay_with_rate_limit" time="0.001" /><testcase classname="tests.unit.test_security_rate_limit.TestRateLimiter" name="test_wait_if_needed_basic" time="1.003" /><testcase classname="tests.unit.test_security_rate_limit.TestRateLimiter" name="test_execute_with_retry_basic" time="1.003" /><testcase classname="tests.unit.test_security_rate_limit.TestRateLimiterManager" name="test_rate_limiter_manager_singleton" time="0.001" /><testcase classname="tests.unit.test_security_rate_limit.TestRateLimiterManager" name="test_get_github_rate_limiter_function" time="0.001" /><testcase classname="tests.unit.test_security_rate_limit.TestRateLimitedRequest" name="test_rate_limited_request_success" time="0.003" /><testcase classname="tests.unit.test_security_rate_limit.TestRateLimitedRequest" name="test_rate_limited_request_with_kwargs" time="0.003" /><testcase classname="tests.unit.test_security_rate_limit_boost.TestRateLimiterCoverage" name="test_rate_limit_info_creation" time="0.001" /><testcase classname="tests.unit.test_security_rate_limit_boost.TestRateLimiterCoverage" name="test_rate_limit_info_without_retry_after" time="0.001" /><testcase classname="tests.unit.test_security_rate_limit_boost.TestRateLimiterCoverage" name="test_rate_limiter_initialization" time="0.001" /><testcase classname="tests.unit.test_security_rate_limit_boost.TestRateLimiterCoverage" name="test_rate_limiter_settings_integration" time="0.001" /><testcase classname="tests.unit.test_security_rate_limit_boost.TestRateLimiterCoverage" name="test_rate_limiter_should_proceed_no_rate_limit" time="0.001" /><testcase classname="tests.unit.test_security_rate_limit_boost.TestRateLimiterCoverage" name="test_rate_limiter_should_proceed_plenty_remaining" time="0.001" /><testcase classname="tests.unit.test_security_rate_limit_boost.TestRateLimiterCoverage" name="test_rate_limiter_should_proceed_low_remaining" time="0.001" /><testcase classname="tests.unit.test_security_rate_limit_boost.TestRateLimiterCoverage" name="test_rate_limiter_wait_if_needed_no_wait" time="0.001" /><testcase classname="tests.unit.test_security_rate_limit_boost.TestRateLimiterCoverage" name="test_rate_limiter_wait_if_needed_with_delay" time="1.003" /><testcase classname="tests.unit.test_security_rate_limit_boost.TestRateLimiterCoverage" name="test_rate_limiter_manager_singleton" time="0.001" /><testcase classname="tests.unit.test_security_rate_limit_boost.TestRateLimitUtilityFunctions" name="test_get_github_rate_limiter" time="0.001" /><testcase classname="tests.unit.test_security_rate_limit_boost.TestRateLimitUtilityFunctions" name="test_rate_limited_github_request_success" time="0.002" /><testcase classname="tests.unit.test_security_rate_limit_boost.TestRateLimiterAdvanced" name="test_update_rate_limit_info_valid_headers" time="0.001" /><testcase classname="tests.unit.test_security_rate_limit_boost.TestRateLimiterAdvanced" name="test_update_rate_limit_info_invalid_headers" time="0.001" /><testcase classname="tests.unit.test_security_rate_limit_boost.TestRateLimiterAdvanced" name="test_calculate_retry_delay_exponential" time="0.001" /><testcase classname="tests.unit.test_security_rate_limit_boost.TestRateLimiterAdvanced" name="test_calculate_retry_delay_with_retry_after" time="0.001" /><testcase classname="tests.unit.test_security_rate_limit_boost.TestRateLimiterAdvanced" name="test_calculate_retry_delay_max_cap" time="0.001" /><testcase classname="tests.unit.test_security_rate_limit_boost.TestRateLimiterAdvanced" name="test_execute_with_retry_success" time="1.003" /><testcase classname="tests.unit.test_security_rate_limit_boost.TestRateLimiterAdvanced" name="test_execute_with_retry_http_403_retry" time="0.024" /><testcase classname="tests.unit.test_security_validators.TestValidationError" name="test_validation_error_creation" time="0.001" /><testcase classname="tests.unit.test_security_validators.TestSchemaValidators" name="test_search_query_validator_valid" time="0.001" /><testcase classname="tests.unit.test_security_validators.TestSchemaValidators" name="test_search_query_validator_strips_whitespace" time="0.001" /><testcase classname="tests.unit.test_security_validators.TestSchemaValidators" name="test_search_query_validator_rejects_empty" time="0.001" /><testcase classname="tests.unit.test_security_validators.TestSchemaValidators" name="test_search_query_validator_rejects_too_long" time="0.001" /><testcase classname="tests.unit.test_security_validators.TestSchemaValidators" name="test_document_id_validator_valid" time="0.001" /><testcase classname="tests.unit.test_security_validators.TestSchemaValidators" name="test_document_id_validator_rejects_invalid" time="0.001" /><testcase classname="tests.unit.test_security_validators.TestSanitizationLayer" name="test_sanitize_html_content_clean" time="0.016" /><testcase classname="tests.unit.test_security_validators.TestSanitizationLayer" name="test_sanitize_html_content_xss" time="0.002" /><testcase classname="tests.unit.test_security_validators.TestSanitizationLayer" name="test_sanitize_search_query_valid" time="0.001" /><testcase classname="tests.unit.test_security_validators.TestSanitizationLayer" name="test_sanitize_search_query_dangerous" time="0.001" /><testcase classname="tests.unit.test_security_validators.TestSanitizationLayer" name="test_sanitize_document_id_valid" time="0.001" /><testcase classname="tests.unit.test_security_validators.TestSanitizationLayer" name="test_sanitize_document_id_path_traversal" time="0.001" /><testcase classname="tests.unit.test_security_validators.TestSanitizationLayer" name="test_sanitize_document_id_control_chars" time="0.001" /><testcase classname="tests.unit.test_security_validators.TestSanitizationLayer" name="test_sanitize_file_path_valid" time="0.001" /><testcase classname="tests.unit.test_security_validators.TestSanitizationLayer" name="test_sanitize_file_path_dangerous" time="0.001" /><testcase classname="tests.unit.test_security_validators.TestNormalizationLayer" name="test_normalize_search_query_basic" time="0.001" /><testcase classname="tests.unit.test_security_validators.TestNormalizationLayer" name="test_normalize_search_query_special_chars" time="0.001" /><testcase classname="tests.unit.test_security_validators.TestNormalizationLayer" name="test_normalize_document_id_basic" time="0.001" /><testcase classname="tests.unit.test_security_validators.TestNormalizationLayer" name="test_normalize_document_id_special_chars" time="0.001" /><testcase classname="tests.unit.test_security_validators.TestHighLevelValidation" name="test_validate_search_request_valid" time="0.001" /><testcase classname="tests.unit.test_security_validators.TestHighLevelValidation" name="test_validate_search_request_normalization" time="0.001" /><testcase classname="tests.unit.test_security_validators.TestHighLevelValidation" name="test_validate_search_request_exact_match_no_normalize" time="0.001" /><testcase classname="tests.unit.test_security_validators.TestHighLevelValidation" name="test_validate_search_request_dangerous" time="0.001" /><testcase classname="tests.unit.test_security_validators.TestHighLevelValidation" name="test_validate_document_id_valid" time="0.001" /><testcase classname="tests.unit.test_security_validators.TestHighLevelValidation" name="test_validate_document_id_with_normalization" time="0.001" /><testcase classname="tests.unit.test_security_validators.TestHighLevelValidation" name="test_validate_document_id_dangerous" time="0.001" /><testcase classname="tests.unit.test_security_validators.TestHighLevelValidation" name="test_validate_filename_valid" time="0.001" /><testcase classname="tests.unit.test_security_validators.TestHighLevelValidation" name="test_validate_filename_dangerous" time="0.001" /><testcase classname="tests.unit.test_security_validators.TestHighLevelValidation" name="test_validate_content_length_valid" time="0.001" /><testcase classname="tests.unit.test_security_validators.TestHighLevelValidation" name="test_validate_content_length_too_long" time="0.001" /><testcase classname="tests.unit.test_security_validators.TestBatchValidation" name="test_validate_multiple_inputs_all_valid" time="0.001" /><testcase classname="tests.unit.test_security_validators.TestBatchValidation" name="test_validate_multiple_inputs_some_invalid" time="0.001" /><testcase classname="tests.unit.test_security_validators.TestBatchValidation" name="test_validate_multiple_inputs_partial_params" time="0.001" /><testcase classname="tests.unit.test_security_validators.TestValidationResult" name="test_validation_result_valid" time="0.001" /><testcase classname="tests.unit.test_security_validators.TestValidationResult" name="test_validation_result_invalid" time="0.001" /><testcase classname="tests.unit.test_server.TestContentServiceInstanceManager" name="test_singleton_pattern" time="0.001" /><testcase classname="tests.unit.test_server.TestContentServiceInstanceManager" name="test_get_content_service_instance" time="0.002" /><testcase classname="tests.unit.test_server.TestServerFunctions" name="test_get_content_service_instance_function" time="0.002" /><testcase classname="tests.unit.test_server.TestServerFunctions" name="test_handle_list_resources" time="0.004" /><testcase classname="tests.unit.test_server.TestServerFunctions" name="test_handle_read_resource_mitigation" time="0.003" /><testcase classname="tests.unit.test_server.TestServerFunctions" name="test_handle_read_resource_risk" time="0.002" /><testcase classname="tests.unit.test_server.TestServerFunctions" name="test_handle_list_tools" time="0.001" /><testcase classname="tests.unit.test_server.TestServerFunctions" name="test_handle_call_tool_search_mitigations" time="0.003" /><testcase classname="tests.unit.test_server.TestServerFunctions" name="test_handle_call_tool_invalid_tool" time="0.002" /><testcase classname="tests.unit.test_server.TestServerFunctions" name="test_log_health_status" time="0.003" /><testcase classname="tests.unit.test_structured_logging.TestSecureJSONFormatter" name="test_basic_json_format" time="0.001" /><testcase classname="tests.unit.test_structured_logging.TestSecureJSONFormatter" name="test_github_token_redaction" time="0.001" /><testcase classname="tests.unit.test_structured_logging.TestSecureJSONFormatter" name="test_url_auth_redaction" time="0.001" /><testcase classname="tests.unit.test_structured_logging.TestSecureJSONFormatter" name="test_correlation_id_inclusion" time="0.001" /><testcase classname="tests.unit.test_structured_logging.TestSecureJSONFormatter" name="test_extra_fields_redaction" time="0.001" /><testcase classname="tests.unit.test_structured_logging.TestCorrelationIds" name="test_correlation_id_generation" time="0.001" /><testcase classname="tests.unit.test_structured_logging.TestCorrelationIds" name="test_correlation_id_context_isolation" time="0.001" /><testcase classname="tests.unit.test_structured_logging.TestStructuredLogging" name="test_json_logging_setup" time="0.001" /><testcase classname="tests.unit.test_structured_logging.TestStructuredLogging" name="test_log_level_configuration" time="0.001" /><testcase classname="tests.unit.test_structured_logging.TestStructuredLogging" name="test_http_request_logging" time="0.001" /><testcase classname="tests.unit.test_structured_logging.TestStructuredLogging" name="test_mcp_request_logging" time="0.001" /><testcase classname="tests.unit.test_structured_logging.TestLoggingSecurity" name="test_no_secrets_in_logs" time="0.001" /><testcase classname="tests.unit.test_structured_logging.TestLoggingSecurity" name="test_correlation_id_consistency" time="0.001" /><testcase classname="tests.unit.test_tools.TestToolsPackage" name="test_get_all_tools" time="0.001" /><testcase classname="tests.unit.test_tools.TestToolsPackage" name="test_handle_tool_call_unknown_tool" time="0.002" /><testcase classname="tests.unit.test_tools.TestSearchTools" name="test_search_mitigations_input_validation" time="1.307" /><testcase classname="tests.unit.test_tools.TestSearchTools" name="test_search_risks_input_validation" time="0.003" /><testcase classname="tests.unit.test_tools.TestSearchTools" name="test_search_tools_pydantic_validation" time="0.001" /><testcase classname="tests.unit.test_tools.TestDetailsTools" name="test_get_mitigation_details" time="0.002" /><testcase classname="tests.unit.test_tools.TestDetailsTools" name="test_get_risk_details" time="0.003" /><testcase classname="tests.unit.test_tools.TestDetailsTools" name="test_details_tools_file_not_found" time="0.002" /><testcase classname="tests.unit.test_tools.TestListingTools" name="test_list_all_mitigations" time="0.003" /><testcase classname="tests.unit.test_tools.TestListingTools" name="test_list_all_risks" time="0.003" /><testcase classname="tests.unit.test_tools.TestSystemTools" name="test_get_service_diagnostics_cache_stats" time="0.002" /><testcase classname="tests.unit.test_tools.TestSystemTools" name="test_get_service_health" time="0.003" /><testcase classname="tests.unit.test_tools.TestSystemTools" name="test_reset_service_health" time="0.002" /><testcase classname="tests.unit.test_tools.TestInputValidation" name="test_invalid_tool_arguments" time="0.001" /><testcase classname="tests.unit.test_tools.TestInputValidation" name="test_valid_empty_arguments" time="0.006" /></testsuite></testsuites>
