<?xml version="1.0" encoding="utf-8"?><testsuites name="pytest tests"><testsuite name="pytest" errors="0" failures="0" skipped="0" tests="486" time="40.884" timestamp="2025-09-16T08:47:59.519310-03:00" hostname="MacBookAir.lan"><testcase classname="tests.integration.test_console_script_execution" name="test_console_script_startup" time="1.607" /><testcase classname="tests.integration.test_console_script_execution" name="test_console_script_vs_direct_module" time="1.628" /><testcase classname="tests.integration.test_console_script_execution" name="test_console_script_error_handling" time="1.018" /><testcase classname="tests.integration.test_mcp_compliance" name="test_server_startup" time="1.525" /><testcase classname="tests.integration.test_mcp_compliance" name="test_server_import" time="1.515" /><testcase classname="tests.integration.test_mcp_compliance" name="test_file_structure" time="0.001" /><testcase classname="tests.integration.test_mcp_protocol_pytest.TestMCPProtocolCompliance" name="test_server_startup" time="0.516" /><testcase classname="tests.integration.test_mcp_protocol_pytest.TestMCPProtocolCompliance" name="test_server_initialization" time="1.023" /><testcase classname="tests.integration.test_mcp_protocol_pytest.TestMCPProtocolCompliance" name="test_tools_list" time="1.527" /><testcase classname="tests.integration.test_mcp_protocol_pytest.TestMCPProtocolCompliance" name="test_resources_list" time="1.527" /><testcase classname="tests.integration.test_mcp_protocol_pytest.TestMCPProtocolCompliance" name="test_tool_call" time="4.017" /><testcase classname="tests.integration.test_mcp_protocol_pytest.TestMCPProtocolCompliance" name="test_invalid_method" time="1.015" /><testcase classname="tests.integration.test_mcp_protocol_pytest.TestMCPProtocolCompliance" name="test_malformed_json" time="1.018" /><testcase classname="tests.integration.test_mcp_protocol_pytest.TestMCPProtocolCompliance" name="test_console_vs_direct_consistency" time="2.036" /><testcase classname="tests.integration.test_mcp_protocol_pytest.TestMCPProtocolEdgeCases" name="test_rapid_requests" time="2.530" /><testcase classname="tests.integration.test_mcp_protocol_pytest.TestMCPProtocolEdgeCases" name="test_large_response_handling" time="3.030" /><testcase classname="tests.integration.test_server_working" name="test_server_basic" time="2.015" /><testcase classname="tests.internal.test_advanced_mcp_capabilities.TestTenant" name="test_tenant_creation" time="0.001" /><testcase classname="tests.internal.test_advanced_mcp_capabilities.TestTenant" name="test_tenant_resource_limits" time="0.000" /><testcase classname="tests.internal.test_advanced_mcp_capabilities.TestTenant" name="test_tenant_deactivation" time="0.000" /><testcase classname="tests.internal.test_advanced_mcp_capabilities.TestTenantManager" name="test_manager_creation" time="0.000" /><testcase classname="tests.internal.test_advanced_mcp_capabilities.TestTenantManager" name="test_tenant_registration" time="0.001" /><testcase classname="tests.internal.test_advanced_mcp_capabilities.TestTenantManager" name="test_duplicate_tenant_registration" time="0.001" /><testcase classname="tests.internal.test_advanced_mcp_capabilities.TestTenantManager" name="test_tenant_context_switching" time="0.001" /><testcase classname="tests.internal.test_advanced_mcp_capabilities.TestTenantManager" name="test_tenant_resource_isolation" time="0.000" /><testcase classname="tests.internal.test_advanced_mcp_capabilities.TestPlugin" name="test_plugin_creation" time="0.000" /><testcase classname="tests.internal.test_advanced_mcp_capabilities.TestPlugin" name="test_plugin_hooks" time="0.000" /><testcase classname="tests.internal.test_advanced_mcp_capabilities.TestPlugin" name="test_plugin_enable_disable" time="0.001" /><testcase classname="tests.internal.test_advanced_mcp_capabilities.TestPlugin" name="test_plugin_initialization" time="0.001" /><testcase classname="tests.internal.test_advanced_mcp_capabilities.TestPlugin" name="test_plugin_cleanup" time="0.001" /><testcase classname="tests.internal.test_advanced_mcp_capabilities.TestPluginManager" name="test_manager_creation" time="0.000" /><testcase classname="tests.internal.test_advanced_mcp_capabilities.TestPluginManager" name="test_plugin_registration" time="0.000" /><testcase classname="tests.internal.test_advanced_mcp_capabilities.TestPluginManager" name="test_duplicate_plugin_registration" time="0.001" /><testcase classname="tests.internal.test_advanced_mcp_capabilities.TestPluginManager" name="test_plugin_loading" time="0.002" /><testcase classname="tests.internal.test_advanced_mcp_capabilities.TestPluginManager" name="test_hook_execution" time="0.001" /><testcase classname="tests.internal.test_advanced_mcp_capabilities.TestPluginManager" name="test_disabled_plugin_hooks_skipped" time="0.001" /><testcase classname="tests.internal.test_advanced_mcp_capabilities.TestResourceIsolation" name="test_isolation_creation" time="0.000" /><testcase classname="tests.internal.test_advanced_mcp_capabilities.TestResourceIsolation" name="test_resource_addition" time="0.000" /><testcase classname="tests.internal.test_advanced_mcp_capabilities.TestResourceIsolation" name="test_resource_removal" time="0.000" /><testcase classname="tests.internal.test_advanced_mcp_capabilities.TestResourceIsolation" name="test_tenant_cleanup" time="0.000" /><testcase classname="tests.internal.test_advanced_mcp_capabilities.TestResourceIsolation" name="test_cross_tenant_isolation" time="0.000" /><testcase classname="tests.internal.test_advanced_mcp_capabilities.TestAdvancedMCPServer" name="test_server_creation" time="0.001" /><testcase classname="tests.internal.test_advanced_mcp_capabilities.TestAdvancedMCPServer" name="test_multi_tenant_request_handling" time="0.001" /><testcase classname="tests.internal.test_advanced_mcp_capabilities.TestAdvancedMCPServer" name="test_plugin_integration" time="0.001" /><testcase classname="tests.internal.test_advanced_mcp_capabilities.TestAdvancedMCPServer" name="test_tenant_resource_limits" time="0.001" /><testcase classname="tests.internal.test_advanced_mcp_capabilities.TestAdvancedMCPServer" name="test_plugin_error_handling" time="0.001" /><testcase classname="tests.internal.test_advanced_mcp_capabilities.TestIntegration" name="test_full_multi_tenant_plugin_flow" time="0.001" /><testcase classname="tests.internal.test_advanced_mcp_capabilities.TestIntegration" name="test_plugin_chain_execution" time="0.001" /><testcase classname="tests.internal.test_code_quality_automation.TestQualityReport" name="test_report_creation" time="0.001" /><testcase classname="tests.internal.test_code_quality_automation.TestQualityReport" name="test_add_passed_check" time="0.001" /><testcase classname="tests.internal.test_code_quality_automation.TestQualityReport" name="test_add_failed_check" time="0.000" /><testcase classname="tests.internal.test_code_quality_automation.TestQualityReport" name="test_mixed_results_scoring" time="0.000" /><testcase classname="tests.internal.test_code_quality_automation.TestQualityReport" name="test_report_summary" time="0.000" /><testcase classname="tests.internal.test_code_quality_automation.TestQualityReport" name="test_is_passing" time="0.000" /><testcase classname="tests.internal.test_code_quality_automation.TestQualityGate" name="test_gate_creation" time="0.000" /><testcase classname="tests.internal.test_code_quality_automation.TestQualityGate" name="test_run_linting_check" time="0.002" /><testcase classname="tests.internal.test_code_quality_automation.TestQualityGate" name="test_run_linting_check_failure" time="0.001" /><testcase classname="tests.internal.test_code_quality_automation.TestQualityGate" name="test_coverage_check" time="0.005" /><testcase classname="tests.internal.test_code_quality_automation.TestQualityGate" name="test_coverage_check_too_low" time="0.002" /><testcase classname="tests.internal.test_code_quality_automation.TestQualityGate" name="test_test_execution_check" time="0.002" /><testcase classname="tests.internal.test_code_quality_automation.TestQualityGate" name="test_full_quality_check" time="0.002" /><testcase classname="tests.internal.test_code_quality_automation.TestPreCommitHook" name="test_hook_creation" time="0.000" /><testcase classname="tests.internal.test_code_quality_automation.TestPreCommitHook" name="test_get_staged_files" time="0.001" /><testcase classname="tests.internal.test_code_quality_automation.TestPreCommitHook" name="test_auto_fix_formatting" time="0.001" /><testcase classname="tests.internal.test_code_quality_automation.TestPreCommitHook" name="test_focused_test_running" time="0.001" /><testcase classname="tests.internal.test_code_quality_automation.TestPreCommitHook" name="test_find_related_tests" time="0.002" /><testcase classname="tests.internal.test_code_quality_automation.TestPreCommitHook" name="test_commit_message_validation" time="0.001" /><testcase classname="tests.internal.test_code_quality_automation.TestPreCommitHook" name="test_full_pre_commit_flow" time="0.002" /><testcase classname="tests.internal.test_code_quality_automation.TestPreCommitHook" name="test_pre_commit_failure_stops_commit" time="0.002" /><testcase classname="tests.internal.test_code_quality_automation.TestCodeTemplate" name="test_template_creation" time="0.000" /><testcase classname="tests.internal.test_code_quality_automation.TestCodeTemplate" name="test_template_rendering" time="0.001" /><testcase classname="tests.internal.test_code_quality_automation.TestCodeTemplate" name="test_template_with_conditionals" time="0.000" /><testcase classname="tests.internal.test_code_quality_automation.TestCodeTemplate" name="test_invalid_template_handling" time="0.001" /><testcase classname="tests.internal.test_code_quality_automation.TestAutoGenerator" name="test_generator_creation" time="0.000" /><testcase classname="tests.internal.test_code_quality_automation.TestAutoGenerator" name="test_register_template" time="0.000" /><testcase classname="tests.internal.test_code_quality_automation.TestAutoGenerator" name="test_generate_mcp_tool" time="0.000" /><testcase classname="tests.internal.test_code_quality_automation.TestAutoGenerator" name="test_generate_test_file" time="0.001" /><testcase classname="tests.internal.test_code_quality_automation.TestAutoGenerator" name="test_generate_documentation" time="0.000" /><testcase classname="tests.internal.test_code_quality_automation.TestAutoGenerator" name="test_analyze_and_generate" time="0.002" /><testcase classname="tests.internal.test_code_quality_automation.TestAutoGenerator" name="test_load_builtin_templates" time="0.001" /><testcase classname="tests.internal.test_code_quality_automation.TestAutoGenerator" name="test_generate_from_pattern" time="0.001" /><testcase classname="tests.internal.test_code_quality_automation.TestIntegration" name="test_pre_commit_with_auto_generation" time="0.002" /><testcase classname="tests.internal.test_code_quality_automation.TestIntegration" name="test_quality_gate_with_auto_fixes" time="0.001" /><testcase classname="tests.internal.test_code_quality_automation.TestIntegration" name="test_full_automation_workflow" time="0.003" /><testcase classname="tests.internal.test_developer_tools.TestFileWatcher" name="test_watcher_creation" time="0.001" /><testcase classname="tests.internal.test_developer_tools.TestFileWatcher" name="test_file_change_detection" time="0.616" /><testcase classname="tests.internal.test_developer_tools.TestFileWatcher" name="test_multiple_file_patterns" time="0.617" /><testcase classname="tests.internal.test_developer_tools.TestFileWatcher" name="test_debounce_functionality" time="0.002" /><testcase classname="tests.internal.test_developer_tools.TestFileWatcher" name="test_ignore_patterns" time="0.618" /><testcase classname="tests.internal.test_developer_tools.TestLiveReloadServer" name="test_server_creation" time="0.003" /><testcase classname="tests.internal.test_developer_tools.TestLiveReloadServer" name="test_mcp_process_management" time="0.005" /><testcase classname="tests.internal.test_developer_tools.TestLiveReloadServer" name="test_auto_restart_on_file_change" time="0.116" /><testcase classname="tests.internal.test_developer_tools.TestLiveReloadServer" name="test_restart_debouncing" time="0.305" /><testcase classname="tests.internal.test_developer_tools.TestLiveReloadServer" name="test_log_output_handling" time="0.001" /><testcase classname="tests.internal.test_developer_tools.TestLiveReloadServer" name="test_graceful_shutdown" time="0.002" /><testcase classname="tests.internal.test_developer_tools.TestTestSession" name="test_session_creation" time="0.001" /><testcase classname="tests.internal.test_developer_tools.TestTestSession" name="test_tool_execution" time="0.003" /><testcase classname="tests.internal.test_developer_tools.TestTestSession" name="test_session_history_tracking" time="0.002" /><testcase classname="tests.internal.test_developer_tools.TestTestSession" name="test_error_handling_in_session" time="0.002" /><testcase classname="tests.internal.test_developer_tools.TestTestSession" name="test_session_context_management" time="0.000" /><testcase classname="tests.internal.test_developer_tools.TestTestSession" name="test_session_serialization" time="0.000" /><testcase classname="tests.internal.test_developer_tools.TestInteractiveCLI" name="test_cli_creation" time="0.000" /><testcase classname="tests.internal.test_developer_tools.TestInteractiveCLI" name="test_command_parsing" time="0.001" /><testcase classname="tests.internal.test_developer_tools.TestInteractiveCLI" name="test_tool_listing" time="0.002" /><testcase classname="tests.internal.test_developer_tools.TestInteractiveCLI" name="test_interactive_tool_calling" time="0.001" /><testcase classname="tests.internal.test_developer_tools.TestInteractiveCLI" name="test_session_persistence" time="0.001" /><testcase classname="tests.internal.test_developer_tools.TestInteractiveCLI" name="test_auto_completion" time="0.001" /><testcase classname="tests.internal.test_developer_tools.TestInteractiveCLI" name="test_command_history" time="0.000" /><testcase classname="tests.internal.test_developer_tools.TestIntegration" name="test_live_reload_with_cli_session" time="0.304" /><testcase classname="tests.internal.test_developer_tools.TestIntegration" name="test_full_development_workflow" time="0.115" /><testcase classname="tests.internal.test_enterprise_patterns.TestDomainEvent" name="test_event_creation" time="0.002" /><testcase classname="tests.internal.test_enterprise_patterns.TestDomainEvent" name="test_search_completed_event" time="0.001" /><testcase classname="tests.internal.test_enterprise_patterns.TestDomainEvent" name="test_document_retrieved_event" time="0.000" /><testcase classname="tests.internal.test_enterprise_patterns.TestEventBus" name="test_event_bus_creation" time="0.000" /><testcase classname="tests.internal.test_enterprise_patterns.TestEventBus" name="test_register_handler" time="0.001" /><testcase classname="tests.internal.test_enterprise_patterns.TestEventBus" name="test_publish_event" time="0.001" /><testcase classname="tests.internal.test_enterprise_patterns.TestEventBus" name="test_multiple_handlers" time="0.001" /><testcase classname="tests.internal.test_enterprise_patterns.TestEventBus" name="test_no_handlers_for_event" time="0.000" /><testcase classname="tests.internal.test_enterprise_patterns.TestEventBus" name="test_decorator_handler_registration" time="0.000" /><testcase classname="tests.internal.test_enterprise_patterns.TestCQRS" name="test_command_creation" time="0.001" /><testcase classname="tests.internal.test_enterprise_patterns.TestCQRS" name="test_query_creation" time="0.001" /><testcase classname="tests.internal.test_enterprise_patterns.TestCQRS" name="test_command_handler" time="0.000" /><testcase classname="tests.internal.test_enterprise_patterns.TestCQRS" name="test_query_handler" time="0.000" /><testcase classname="tests.internal.test_enterprise_patterns.TestCQRS" name="test_cqrs_integration" time="0.002" /><testcase classname="tests.internal.test_enterprise_patterns.TestMessageBus" name="test_message_bus_creation" time="0.000" /><testcase classname="tests.internal.test_enterprise_patterns.TestMessageBus" name="test_send_message" time="0.001" /><testcase classname="tests.internal.test_enterprise_patterns.TestMessageBus" name="test_receive_message" time="0.001" /><testcase classname="tests.internal.test_enterprise_patterns.TestMessageBus" name="test_subscribe_to_topic" time="0.011" /><testcase classname="tests.internal.test_enterprise_patterns.TestMessageBus" name="test_multiple_subscribers" time="0.011" /><testcase classname="tests.internal.test_enterprise_patterns.TestMCPIntegration" name="test_search_with_events" time="0.001" /><testcase classname="tests.internal.test_enterprise_patterns.TestMCPIntegration" name="test_cqrs_with_mcp_operations" time="0.002" /><testcase classname="tests.internal.test_enterprise_patterns.TestMCPIntegration" name="test_message_bus_mcp_integration" time="0.012" /><testcase classname="tests.internal.test_enterprise_patterns.TestMCPIntegration" name="test_full_enterprise_pattern_integration" time="0.013" /><testcase classname="tests.internal.test_fast_mode.TestFastTestMode" name="test_fast_mode_context_manager" time="0.001" /><testcase classname="tests.internal.test_fast_mode.TestFastTestMode" name="test_fast_mode_bypasses_network" time="0.001" /><testcase classname="tests.internal.test_fast_mode.TestFastTestMode" name="test_fast_mode_70_percent_speedup" time="0.508" /><testcase classname="tests.internal.test_fast_mode.TestFastTestMode" name="test_fast_mode_metrics_tracking" time="0.001" /><testcase classname="tests.internal.test_fast_mode.TestInMemoryHTTPClient" name="test_in_memory_http_client_creation" time="0.000" /><testcase classname="tests.internal.test_fast_mode.TestInMemoryHTTPClient" name="test_preloaded_responses" time="0.000" /><testcase classname="tests.internal.test_fast_mode.TestInMemoryHTTPClient" name="test_http_client_mock_responses" time="0.001" /><testcase classname="tests.internal.test_fast_mode.TestInMemoryHTTPClient" name="test_http_client_configurable_responses" time="0.000" /><testcase classname="tests.internal.test_fast_mode.TestInMemoryCache" name="test_in_memory_cache_creation" time="0.000" /><testcase classname="tests.internal.test_fast_mode.TestInMemoryCache" name="test_cache_operations" time="0.001" /><testcase classname="tests.internal.test_fast_mode.TestInMemoryCache" name="test_cache_instant_operations" time="0.001" /><testcase classname="tests.internal.test_fast_mode.TestInMemoryCache" name="test_cache_size_limits" time="0.000" /><testcase classname="tests.internal.test_fast_mode.TestFastModeIntegration" name="test_fast_mode_with_content_service" time="0.001" /><testcase classname="tests.internal.test_fast_mode.TestFastModeIntegration" name="test_fast_mode_search_functionality" time="0.001" /><testcase classname="tests.internal.test_fast_mode.TestFastModeIntegration" name="test_fast_mode_environment_detection" time="0.000" /><testcase classname="tests.internal.test_fast_mode.TestFastModePerformance" name="test_performance_with_many_requests" time="0.002" /><testcase classname="tests.internal.test_fast_mode.TestFastModePerformance" name="test_memory_usage_efficiency" time="0.001" /><testcase classname="tests.internal.test_golden_files.TestGoldenFileConfig" name="test_golden_file_config_creation" time="0.001" /><testcase classname="tests.internal.test_golden_files.TestGoldenFileManager" name="test_golden_file_manager_creation" time="0.000" /><testcase classname="tests.internal.test_golden_files.TestGoldenFileManager" name="test_save_golden_file" time="0.001" /><testcase classname="tests.internal.test_golden_files.TestGoldenFileManager" name="test_load_golden_file" time="0.001" /><testcase classname="tests.internal.test_golden_files.TestGoldenFileManager" name="test_load_nonexistent_golden_file" time="0.001" /><testcase classname="tests.internal.test_golden_files.TestGoldenFileComparator" name="test_comparator_creation" time="0.000" /><testcase classname="tests.internal.test_golden_files.TestGoldenFileComparator" name="test_exact_match_comparison" time="0.001" /><testcase classname="tests.internal.test_golden_files.TestGoldenFileComparator" name="test_content_difference_detection" time="0.000" /><testcase classname="tests.internal.test_golden_files.TestGoldenFileComparator" name="test_ignore_fields_functionality" time="0.000" /><testcase classname="tests.internal.test_golden_files.TestGoldenFileComparator" name="test_similarity_scoring" time="0.000" /><testcase classname="tests.internal.test_golden_files.TestComparisonResult" name="test_comparison_result_creation" time="0.000" /><testcase classname="tests.internal.test_golden_files.TestGoldenTestRunner" name="test_test_runner_creation" time="0.001" /><testcase classname="tests.internal.test_golden_files.TestGoldenTestRunner" name="test_run_single_golden_test" time="0.104" /><testcase classname="tests.internal.test_golden_files.TestGoldenTestRunner" name="test_generate_golden_files_batch" time="0.004" /><testcase classname="tests.internal.test_golden_files.TestGoldenTestRunner" name="test_validate_all_golden_files" time="0.003" /><testcase classname="tests.internal.test_golden_files.TestRegressionDetector" name="test_regression_detector_creation" time="0.000" /><testcase classname="tests.internal.test_golden_files.TestRegressionDetector" name="test_detect_no_regressions" time="0.000" /><testcase classname="tests.internal.test_golden_files.TestRegressionDetector" name="test_detect_similarity_regressions" time="0.000" /><testcase classname="tests.internal.test_golden_files.TestRegressionDetector" name="test_analyze_content_changes" time="0.000" /><testcase classname="tests.internal.test_golden_files.TestGoldenFileIntegration" name="test_golden_file_with_fast_mode" time="0.001" /><testcase classname="tests.internal.test_golden_files.TestGoldenFileIntegration" name="test_golden_file_regression_workflow" time="0.002" /><testcase classname="tests.internal.test_golden_files.TestGoldenFileIntegration" name="test_golden_file_update_mode" time="0.105" /><testcase classname="tests.internal.test_golden_files.TestGoldenFilePerformance" name="test_batch_golden_file_processing" time="0.006" /><testcase classname="tests.internal.test_golden_files.TestGoldenFilePerformance" name="test_golden_file_memory_efficiency" time="0.018" /><testcase classname="tests.internal.test_mcp_2025_patterns.TestProtocolNegotiator" name="test_stdio_default" time="0.001" /><testcase classname="tests.internal.test_mcp_2025_patterns.TestProtocolNegotiator" name="test_streamable_http_negotiation" time="0.001" /><testcase classname="tests.internal.test_mcp_2025_patterns.TestProtocolNegotiator" name="test_both_protocols_supported" time="0.000" /><testcase classname="tests.internal.test_mcp_2025_patterns.TestStreamableHTTPTransport" name="test_transport_creation" time="0.000" /><testcase classname="tests.internal.test_mcp_2025_patterns.TestStreamableHTTPTransport" name="test_backwards_compatibility_with_stdio" time="0.001" /><testcase classname="tests.internal.test_mcp_2025_patterns.TestStreamableHTTPTransport" name="test_streaming_response" time="0.001" /><testcase classname="tests.internal.test_mcp_2025_patterns.TestStreamableHTTPTransport" name="test_http_compatibility" time="0.000" /><testcase classname="tests.internal.test_mcp_2025_patterns.TestToolOutputSchema" name="test_basic_schema_validation" time="0.001" /><testcase classname="tests.internal.test_mcp_2025_patterns.TestToolOutputSchema" name="test_backward_compatibility_with_existing_tools" time="0.000" /><testcase classname="tests.internal.test_mcp_2025_patterns.TestToolOutputSchema" name="test_enhanced_schema_features" time="0.001" /><testcase classname="tests.internal.test_mcp_2025_patterns.TestToolOutputSchema" name="test_streaming_output_schema" time="0.001" /><testcase classname="tests.internal.test_mcp_2025_patterns.TestOAuth21Handler" name="test_oauth_handler_creation" time="0.000" /><testcase classname="tests.internal.test_mcp_2025_patterns.TestOAuth21Handler" name="test_backwards_compatibility_with_existing_auth" time="0.000" /><testcase classname="tests.internal.test_mcp_2025_patterns.TestOAuth21Handler" name="test_pkce_flow" time="0.001" /><testcase classname="tests.internal.test_mcp_2025_patterns.TestOAuth21Handler" name="test_token_refresh" time="0.001" /><testcase classname="tests.internal.test_mcp_2025_patterns.TestMCP2025Server" name="test_dual_protocol_support" time="0.001" /><testcase classname="tests.internal.test_mcp_2025_patterns.TestMCP2025Server" name="test_stdio_request_handling" time="0.001" /><testcase classname="tests.internal.test_mcp_2025_patterns.TestMCP2025Server" name="test_streamable_http_request_handling" time="0.001" /><testcase classname="tests.internal.test_mcp_2025_patterns.TestMCP2025Server" name="test_protocol_auto_detection" time="0.001" /><testcase classname="tests.internal.test_mcp_2025_patterns.TestMCP2025Server" name="test_enhanced_tool_capabilities" time="0.001" /><testcase classname="tests.internal.test_mcp_2025_patterns.TestMCP2025Server" name="test_configuration_compatibility" time="0.000" /><testcase classname="tests.internal.test_mcp_2025_patterns.TestIntegration" name="test_end_to_end_streamable_with_oauth" time="0.001" /><testcase classname="tests.internal.test_mcp_2025_patterns.TestIntegration" name="test_graceful_fallback_to_stdio" time="0.001" /><testcase classname="tests.internal.test_mock_service_factory.TestMockServiceScenario" name="test_scenario_creation" time="0.000" /><testcase classname="tests.internal.test_mock_service_factory.TestMockServiceScenario" name="test_scenario_with_side_effects" time="0.000" /><testcase classname="tests.internal.test_mock_service_factory.TestMockServiceScenario" name="test_scenario_with_delays" time="0.000" /><testcase classname="tests.internal.test_mock_service_factory.TestMockServiceScenario" name="test_scenario_with_exceptions" time="0.000" /><testcase classname="tests.internal.test_mock_service_factory.TestScenarioBuilder" name="test_builder_basic_creation" time="0.000" /><testcase classname="tests.internal.test_mock_service_factory.TestScenarioBuilder" name="test_builder_with_multiple_services" time="0.000" /><testcase classname="tests.internal.test_mock_service_factory.TestScenarioBuilder" name="test_builder_with_side_effects" time="0.000" /><testcase classname="tests.internal.test_mock_service_factory.TestScenarioBuilder" name="test_builder_with_delays" time="0.000" /><testcase classname="tests.internal.test_mock_service_factory.TestScenarioBuilder" name="test_builder_chaining_methods" time="0.000" /><testcase classname="tests.internal.test_mock_service_factory.TestMockServiceRegistry" name="test_registry_registration" time="0.000" /><testcase classname="tests.internal.test_mock_service_factory.TestMockServiceRegistry" name="test_registry_registration_with_type" time="0.000" /><testcase classname="tests.internal.test_mock_service_factory.TestMockServiceRegistry" name="test_registry_unregistration" time="0.000" /><testcase classname="tests.internal.test_mock_service_factory.TestMockServiceRegistry" name="test_registry_list_services" time="0.000" /><testcase classname="tests.internal.test_mock_service_factory.TestMockServiceRegistry" name="test_registry_clear" time="0.000" /><testcase classname="tests.internal.test_mock_service_factory.TestMockServiceFactory" name="test_factory_creation" time="0.000" /><testcase classname="tests.internal.test_mock_service_factory.TestMockServiceFactory" name="test_create_mock_from_scenario" time="0.001" /><testcase classname="tests.internal.test_mock_service_factory.TestMockServiceFactory" name="test_async_mock_behavior" time="0.001" /><testcase classname="tests.internal.test_mock_service_factory.TestMockServiceFactory" name="test_mock_with_delay" time="0.102" /><testcase classname="tests.internal.test_mock_service_factory.TestMockServiceFactory" name="test_mock_with_side_effect" time="0.001" /><testcase classname="tests.internal.test_mock_service_factory.TestMockServiceFactory" name="test_mock_with_exception" time="0.002" /><testcase classname="tests.internal.test_mock_service_factory.TestMockServiceFactory" name="test_scenario_context_manager" time="0.002" /><testcase classname="tests.internal.test_mock_service_factory.TestMockServiceFactory" name="test_integration_with_fast_mode" time="0.001" /><testcase classname="tests.internal.test_mock_service_factory.TestScenarioIntegration" name="test_content_service_scenario" time="0.002" /><testcase classname="tests.internal.test_mock_service_factory.TestScenarioIntegration" name="test_error_scenario_handling" time="0.002" /><testcase classname="tests.internal.test_mock_service_factory.TestScenarioIntegration" name="test_performance_scenario" time="0.104" /><testcase classname="tests.internal.test_performance_optimizations.TestRequestCoalescer" name="test_coalescer_creation" time="0.001" /><testcase classname="tests.internal.test_performance_optimizations.TestRequestCoalescer" name="test_single_request_handling" time="0.002" /><testcase classname="tests.internal.test_performance_optimizations.TestRequestCoalescer" name="test_duplicate_request_coalescing" time="0.003" /><testcase classname="tests.internal.test_performance_optimizations.TestRequestCoalescer" name="test_different_keys_no_coalescing" time="0.002" /><testcase classname="tests.internal.test_performance_optimizations.TestRequestCoalescer" name="test_batch_processing" time="0.001" /><testcase classname="tests.internal.test_performance_optimizations.TestRequestCoalescer" name="test_partial_batch_timeout" time="0.052" /><testcase classname="tests.internal.test_performance_optimizations.TestRequestCoalescer" name="test_error_handling_in_coalescing" time="0.003" /><testcase classname="tests.internal.test_performance_optimizations.TestRequestCoalescer" name="test_key_generation" time="0.001" /><testcase classname="tests.internal.test_performance_optimizations.TestSmartCache" name="test_cache_creation" time="0.000" /><testcase classname="tests.internal.test_performance_optimizations.TestSmartCache" name="test_basic_get_set" time="0.000" /><testcase classname="tests.internal.test_performance_optimizations.TestSmartCache" name="test_ttl_expiration" time="0.153" /><testcase classname="tests.internal.test_performance_optimizations.TestSmartCache" name="test_lru_eviction" time="0.002" /><testcase classname="tests.internal.test_performance_optimizations.TestSmartCache" name="test_custom_ttl" time="0.154" /><testcase classname="tests.internal.test_performance_optimizations.TestSmartCache" name="test_cache_warming" time="0.002" /><testcase classname="tests.internal.test_performance_optimizations.TestSmartCache" name="test_stats_tracking" time="0.000" /><testcase classname="tests.internal.test_performance_optimizations.TestSmartCache" name="test_clear_cache" time="0.000" /><testcase classname="tests.internal.test_performance_optimizations.TestSmartCache" name="test_cache_entry_structure" time="0.001" /><testcase classname="tests.internal.test_performance_optimizations.TestBackgroundTaskManager" name="test_manager_creation" time="0.000" /><testcase classname="tests.internal.test_performance_optimizations.TestBackgroundTaskManager" name="test_submit_background_task" time="0.013" /><testcase classname="tests.internal.test_performance_optimizations.TestBackgroundTaskManager" name="test_task_result_retrieval" time="0.013" /><testcase classname="tests.internal.test_performance_optimizations.TestBackgroundTaskManager" name="test_task_status_tracking" time="0.104" /><testcase classname="tests.internal.test_performance_optimizations.TestBackgroundTaskManager" name="test_concurrent_task_limit" time="0.226" /><testcase classname="tests.internal.test_performance_optimizations.TestBackgroundTaskManager" name="test_task_error_handling" time="0.015" /><testcase classname="tests.internal.test_performance_optimizations.TestBackgroundTaskManager" name="test_task_cleanup" time="0.104" /><testcase classname="tests.internal.test_performance_optimizations.TestBackgroundTaskManager" name="test_task_priority" time="0.001" /><testcase classname="tests.internal.test_performance_optimizations.TestIntegration" name="test_cache_with_coalescing" time="0.010" /><testcase classname="tests.internal.test_performance_optimizations.TestIntegration" name="test_background_tasks_with_caching" time="0.023" /><testcase classname="tests.internal.test_performance_optimizations.TestIntegration" name="test_full_optimization_pipeline" time="0.166" /><testcase classname="tests.internal.test_tool_generator.TestToolTemplate" name="test_basic_template" time="0.001" /><testcase classname="tests.internal.test_tool_generator.TestGeneratedTool" name="test_generated_tool_creation" time="0.000" /><testcase classname="tests.internal.test_tool_generator.TestToolGenerator" name="test_generator_creation" time="0.000" /><testcase classname="tests.internal.test_tool_generator.TestToolGenerator" name="test_generate_simple_tool" time="0.000" /><testcase classname="tests.internal.test_tool_generator.TestToolGenerator" name="test_generate_tool_with_multiple_params" time="0.000" /><testcase classname="tests.internal.test_tool_generator.TestToolGenerator" name="test_generate_with_custom_handler" time="0.000" /><testcase classname="tests.internal.test_tool_generator.TestToolGenerator" name="test_write_tool_files" time="0.003" /><testcase classname="tests.internal.test_tool_generator.TestToolGenerator" name="test_snake_case_conversion" time="0.001" /><testcase classname="tests.internal.test_tool_generator.TestToolGenerator" name="test_pascal_case_conversion" time="0.000" /><testcase classname="tests.internal.test_tool_generator.TestToolGenerator" name="test_validate_template" time="0.001" /><testcase classname="tests.internal.test_tool_generator.TestToolGenerator" name="test_generate_pydantic_model" time="0.000" /><testcase classname="tests.internal.test_tool_generator.TestToolGenerator" name="test_generate_tool_definition" time="0.000" /><testcase classname="tests.internal.test_tool_generator.TestToolGenerator" name="test_generate_handler_function" time="0.000" /><testcase classname="tests.internal.test_tool_generator.TestToolGenerator" name="test_generate_test_code" time="0.000" /><testcase classname="tests.unit.test_cache.TestCacheEntry" name="test_cache_entry_creation" time="0.000" /><testcase classname="tests.unit.test_cache.TestCacheEntry" name="test_cache_entry_expiration" time="0.000" /><testcase classname="tests.unit.test_cache.TestCacheEntry" name="test_cache_entry_touch" time="0.000" /><testcase classname="tests.unit.test_cache.TestCacheEntry" name="test_cache_entry_time_methods" time="0.000" /><testcase classname="tests.unit.test_cache.TestCacheStats" name="test_cache_stats_creation" time="0.000" /><testcase classname="tests.unit.test_cache.TestCacheStats" name="test_cache_stats_to_dict" time="0.000" /><testcase classname="tests.unit.test_cache.TestTTLCache" name="test_basic_get_set" time="0.002" /><testcase classname="tests.unit.test_cache.TestTTLCache" name="test_ttl_expiration" time="0.205" /><testcase classname="tests.unit.test_cache.TestTTLCache" name="test_no_ttl" time="0.106" /><testcase classname="tests.unit.test_cache.TestTTLCache" name="test_lru_eviction" time="0.004" /><testcase classname="tests.unit.test_cache.TestTTLCache" name="test_lru_access_order" time="0.004" /><testcase classname="tests.unit.test_cache.TestTTLCache" name="test_update_existing_key" time="0.002" /><testcase classname="tests.unit.test_cache.TestTTLCache" name="test_delete_operations" time="0.001" /><testcase classname="tests.unit.test_cache.TestTTLCache" name="test_exists_operation" time="0.204" /><testcase classname="tests.unit.test_cache.TestTTLCache" name="test_clear_operation" time="0.003" /><testcase classname="tests.unit.test_cache.TestTTLCache" name="test_cleanup_expired" time="0.204" /><testcase classname="tests.unit.test_cache.TestTTLCache" name="test_cache_statistics" time="0.004" /><testcase classname="tests.unit.test_cache.TestTTLCache" name="test_entry_info" time="0.003" /><testcase classname="tests.unit.test_cache.TestTTLCache" name="test_size_estimation" time="0.001" /><testcase classname="tests.unit.test_cache.TestTTLCache" name="test_background_cleanup_disabled" time="0.001" /><testcase classname="tests.unit.test_cache.TestTTLCache" name="test_background_cleanup_enabled" time="0.203" /><testcase classname="tests.unit.test_cache.TestGlobalCacheAPI" name="test_global_cache_access" time="0.005" /><testcase classname="tests.unit.test_cache.TestGlobalCacheAPI" name="test_cache_configuration_from_settings" time="0.002" /><testcase classname="tests.unit.test_cache.TestCachePerformance" name="test_concurrent_access" time="0.001" /><testcase classname="tests.unit.test_cache.TestCachePerformance" name="test_large_values" time="0.006" /><testcase classname="tests.unit.test_config_validation.TestSettingsValidation" name="test_default_settings" time="0.003" /><testcase classname="tests.unit.test_config_validation.TestSettingsValidation" name="test_environment_variable_override" time="0.002" /><testcase classname="tests.unit.test_config_validation.TestSettingsValidation" name="test_log_level_validation_valid" time="0.005" /><testcase classname="tests.unit.test_config_validation.TestSettingsValidation" name="test_log_level_validation_invalid" time="0.002" /><testcase classname="tests.unit.test_config_validation.TestSettingsValidation" name="test_log_level_case_insensitive" time="0.002" /><testcase classname="tests.unit.test_config_validation.TestSettingsValidation" name="test_base_url_validation_valid" time="0.002" /><testcase classname="tests.unit.test_config_validation.TestSettingsValidation" name="test_base_url_validation_invalid" time="0.006" /><testcase classname="tests.unit.test_config_validation.TestSettingsValidation" name="test_base_url_trailing_slash_removal" time="0.002" /><testcase classname="tests.unit.test_config_validation.TestSettingsValidation" name="test_http_timeout_validation" time="0.003" /><testcase classname="tests.unit.test_config_validation.TestSettingsValidation" name="test_cache_max_size_validation" time="0.003" /><testcase classname="tests.unit.test_config_validation.TestSettingsValidation" name="test_config_file_validation_nonexistent" time="0.002" /><testcase classname="tests.unit.test_config_validation.TestSettingsValidation" name="test_config_file_validation_valid" time="0.002" /><testcase classname="tests.unit.test_config_validation.TestSettingsProperties" name="test_mitigations_url" time="0.002" /><testcase classname="tests.unit.test_config_validation.TestSettingsProperties" name="test_risks_url" time="0.001" /><testcase classname="tests.unit.test_config_validation.TestSettingsProperties" name="test_logging_config_normal_mode" time="0.001" /><testcase classname="tests.unit.test_config_validation.TestSettingsProperties" name="test_logging_config_debug_mode" time="0.001" /><testcase classname="tests.unit.test_config_validation.TestStartupValidation" name="test_startup_validation_success" time="0.002" /><testcase classname="tests.unit.test_config_validation.TestStartupValidation" name="test_startup_validation_invalid_config" time="0.002" /><testcase classname="tests.unit.test_config_validation.TestStartupValidation" name="test_get_settings_singleton" time="0.001" /><testcase classname="tests.unit.test_config_validation.TestStartupValidation" name="test_get_settings_reload" time="0.002" /><testcase classname="tests.unit.test_config_validation.TestStartupValidation" name="test_configure_logging_called" time="0.002" /><testcase classname="tests.unit.test_config_validation.TestStartupValidation" name="test_startup_validation_with_custom_values" time="0.002" /><testcase classname="tests.unit.test_config_validation.TestConfigValidationErrorMessages" name="test_helpful_error_message_invalid_log_level" time="0.002" /><testcase classname="tests.unit.test_config_validation.TestConfigValidationErrorMessages" name="test_helpful_error_message_invalid_url" time="0.001" /><testcase classname="tests.unit.test_config_validation.TestConfigValidationErrorMessages" name="test_startup_validation_error_handling" time="0.002" /><testcase classname="tests.unit.test_content_service.TestContentServiceInitialization" name="test_content_service_init" time="0.001" /><testcase classname="tests.unit.test_content_service.TestContentServiceInitialization" name="test_service_status_enum" time="0.000" /><testcase classname="tests.unit.test_content_service.TestContentServiceInitialization" name="test_operation_result_enum" time="0.000" /><testcase classname="tests.unit.test_content_service.TestServiceHealth" name="test_service_health_creation" time="0.000" /><testcase classname="tests.unit.test_content_service.TestServiceHealth" name="test_service_health_to_dict" time="0.000" /><testcase classname="tests.unit.test_content_service.TestOperationContext" name="test_operation_context_creation" time="0.000" /><testcase classname="tests.unit.test_content_service.TestContentServiceOperations" name="test_get_health_status" time="0.002" /><testcase classname="tests.unit.test_content_service.TestContentServiceOperations" name="test_get_health_status_determines_status" time="0.001" /><testcase classname="tests.unit.test_content_service.TestContentServiceOperations" name="test_reset_health" time="0.002" /><testcase classname="tests.unit.test_content_service.TestContentServiceOperations" name="test_get_service_diagnostics" time="0.002" /><testcase classname="tests.unit.test_content_service.TestContentServiceOperations" name="test_cache_statistics_via_diagnostics" time="0.002" /><testcase classname="tests.unit.test_content_service.TestContentServiceOperations" name="test_cache_warming_stats" time="0.001" /><testcase classname="tests.unit.test_content_service.TestGetDocumentFunctionality" name="test_get_document_mitigation_success" time="0.003" /><testcase classname="tests.unit.test_content_service.TestGetDocumentFunctionality" name="test_get_document_risk_success" time="0.003" /><testcase classname="tests.unit.test_content_service.TestGetDocumentFunctionality" name="test_get_document_with_ttl_override" time="0.002" /><testcase classname="tests.unit.test_content_service.TestGetDocumentFunctionality" name="test_get_document_fetch_failure" time="0.005" /><testcase classname="tests.unit.test_content_service.TestGetDocumentFunctionality" name="test_get_document_parse_failure" time="0.003" /><testcase classname="tests.unit.test_content_service.TestErrorBoundaryProtection" name="test_error_boundary_circuit_breaker_error" time="0.002" /><testcase classname="tests.unit.test_content_service.TestErrorBoundaryProtection" name="test_error_boundary_timeout_error" time="0.002" /><testcase classname="tests.unit.test_content_service.TestErrorBoundaryProtection" name="test_error_boundary_generic_exception" time="0.002" /><testcase classname="tests.unit.test_content_service.TestErrorBoundaryProtection" name="test_cache_warming_loop_coverage" time="0.001" /><testcase classname="tests.unit.test_content_service.TestErrorBoundaryProtection" name="test_get_document_cache_hit" time="0.002" /><testcase classname="tests.unit.test_content_service.TestErrorBoundaryProtection" name="test_service_manager_patterns" time="0.001" /><testcase classname="tests.unit.test_content_service.TestErrorBoundaryProtection" name="test_operation_context_usage" time="0.002" /><testcase classname="tests.unit.test_content_service.TestContentServiceManager" name="test_content_service_manager_singleton_pattern" time="0.000" /><testcase classname="tests.unit.test_content_service.TestContentServiceManager" name="test_get_content_service_function" time="0.001" /><testcase classname="tests.unit.test_content_service.TestContentServiceManager" name="test_close_content_service_function" time="0.001" /><testcase classname="tests.unit.test_content_service.TestErrorBoundaries" name="test_error_boundaries_initialization" time="0.001" /><testcase classname="tests.unit.test_content_service.TestErrorBoundaries" name="test_error_boundary_stats_in_diagnostics" time="0.001" /><testcase classname="tests.unit.test_content_service.TestCacheWarmingConfiguration" name="test_warming_stats_initialization" time="0.000" /><testcase classname="tests.unit.test_content_service.TestCacheWarmingConfiguration" name="test_service_warming_configuration" time="0.001" /><testcase classname="tests.unit.test_content_service.TestServiceStatistics" name="test_initial_statistics" time="0.001" /><testcase classname="tests.unit.test_content_service.TestServiceStatistics" name="test_statistics_tracking" time="0.002" /><testcase classname="tests.unit.test_content_service.TestServiceStatistics" name="test_success_rate_calculation_edge_cases" time="0.002" /><testcase classname="tests.unit.test_frontmatter_parser.TestFrontmatterParser" name="test_basic_frontmatter_parsing" time="0.002" /><testcase classname="tests.unit.test_frontmatter_parser.TestFrontmatterParser" name="test_no_frontmatter" time="0.001" /><testcase classname="tests.unit.test_frontmatter_parser.TestFrontmatterParser" name="test_empty_frontmatter" time="0.001" /><testcase classname="tests.unit.test_frontmatter_parser.TestFrontmatterParser" name="test_malformed_yaml_recovery" time="0.002" /><testcase classname="tests.unit.test_frontmatter_parser.TestFrontmatterParser" name="test_bom_detection_utf8" time="0.001" /><testcase classname="tests.unit.test_frontmatter_parser.TestFrontmatterParser" name="test_bom_detection_utf16" time="0.001" /><testcase classname="tests.unit.test_frontmatter_parser.TestFrontmatterParser" name="test_alternative_delimiters" time="0.000" /><testcase classname="tests.unit.test_frontmatter_parser.TestFrontmatterParser" name="test_cross_platform_line_endings" time="0.001" /><testcase classname="tests.unit.test_frontmatter_parser.TestFrontmatterParser" name="test_unicode_normalization" time="0.001" /><testcase classname="tests.unit.test_frontmatter_parser.TestFrontmatterParser" name="test_excessive_whitespace_normalization" time="0.001" /><testcase classname="tests.unit.test_frontmatter_parser.TestFrontmatterParser" name="test_yaml_type_conversion" time="0.002" /><testcase classname="tests.unit.test_frontmatter_parser.TestFrontmatterParser" name="test_manual_yaml_extraction" time="0.002" /><testcase classname="tests.unit.test_frontmatter_parser.TestFrontmatterParser" name="test_encoding_error_handling" time="0.001" /><testcase classname="tests.unit.test_frontmatter_parser.TestFrontmatterParser" name="test_parser_statistics" time="0.001" /><testcase classname="tests.unit.test_frontmatter_parser.TestFrontmatterParser" name="test_extremely_long_content" time="0.001" /><testcase classname="tests.unit.test_frontmatter_parser.TestFrontmatterParser" name="test_nested_yaml_structures" time="0.002" /><testcase classname="tests.unit.test_frontmatter_parser.TestFrontmatterParser" name="test_special_characters_in_values" time="0.001" /><testcase classname="tests.unit.test_frontmatter_parser.TestGlobalParserFunctions" name="test_global_parse_function" time="0.001" /><testcase classname="tests.unit.test_frontmatter_parser.TestGlobalParserFunctions" name="test_global_stats_functions" time="0.001" /><testcase classname="tests.unit.test_frontmatter_parser.TestGlobalParserFunctions" name="test_multiple_documents_stats" time="0.001" /><testcase classname="tests.unit.test_frontmatter_parser.TestRealWorldScenarios" name="test_finos_mitigation_format" time="0.001" /><testcase classname="tests.unit.test_frontmatter_parser.TestRealWorldScenarios" name="test_finos_risk_format" time="0.001" /><testcase classname="tests.unit.test_frontmatter_parser.TestRealWorldScenarios" name="test_github_flavored_frontmatter" time="0.001" /><testcase classname="tests.unit.test_pytest_setup.TestBasicFunctionality" name="test_pytest_working" time="0.000" /><testcase classname="tests.unit.test_pytest_setup.TestBasicFunctionality" name="test_package_import" time="0.000" /><testcase classname="tests.unit.test_pytest_setup.TestBasicFunctionality" name="test_async_support" time="0.012" /><testcase classname="tests.unit.test_pytest_setup.TestBasicFunctionality" name="test_mcp_request_factory" time="0.001" /><testcase classname="tests.unit.test_security_rate_limit.TestRateLimitInfo" name="test_rate_limit_info_creation" time="0.000" /><testcase classname="tests.unit.test_security_rate_limit.TestRateLimitInfo" name="test_rate_limit_info_with_retry_after" time="0.000" /><testcase classname="tests.unit.test_security_rate_limit.TestRateLimiter" name="test_rate_limiter_creation" time="0.000" /><testcase classname="tests.unit.test_security_rate_limit.TestRateLimiter" name="test_rate_limiter_default_values" time="0.000" /><testcase classname="tests.unit.test_security_rate_limit.TestRateLimiter" name="test_should_proceed_initially" time="0.000" /><testcase classname="tests.unit.test_security_rate_limit.TestRateLimiter" name="test_should_proceed_with_rate_limit_info" time="0.000" /><testcase classname="tests.unit.test_security_rate_limit.TestRateLimiter" name="test_should_proceed_when_near_limit" time="0.001" /><testcase classname="tests.unit.test_security_rate_limit.TestRateLimiter" name="test_wait_if_needed_method_exists" time="0.000" /><testcase classname="tests.unit.test_security_rate_limit.TestRateLimiter" name="test_calculate_retry_delay_method_exists" time="0.000" /><testcase classname="tests.unit.test_security_rate_limit.TestRateLimiter" name="test_update_rate_limit_info_from_response" time="0.001" /><testcase classname="tests.unit.test_security_rate_limit.TestRateLimiter" name="test_calculate_retry_delay_basic" time="0.000" /><testcase classname="tests.unit.test_security_rate_limit.TestRateLimiter" name="test_calculate_retry_delay_with_rate_limit" time="0.000" /><testcase classname="tests.unit.test_security_rate_limit.TestRateLimiter" name="test_wait_if_needed_basic" time="1.005" /><testcase classname="tests.unit.test_security_rate_limit.TestRateLimiter" name="test_execute_with_retry_basic" time="1.005" /><testcase classname="tests.unit.test_security_rate_limit.TestRateLimiterManager" name="test_rate_limiter_manager_singleton" time="0.002" /><testcase classname="tests.unit.test_security_rate_limit.TestRateLimiterManager" name="test_get_github_rate_limiter_function" time="0.002" /><testcase classname="tests.unit.test_security_rate_limit.TestRateLimitedRequest" name="test_rate_limited_request_success" time="0.007" /><testcase classname="tests.unit.test_security_rate_limit.TestRateLimitedRequest" name="test_rate_limited_request_with_kwargs" time="0.003" /><testcase classname="tests.unit.test_security_rate_limit_boost.TestRateLimiterCoverage" name="test_rate_limit_info_creation" time="0.000" /><testcase classname="tests.unit.test_security_rate_limit_boost.TestRateLimiterCoverage" name="test_rate_limit_info_without_retry_after" time="0.000" /><testcase classname="tests.unit.test_security_rate_limit_boost.TestRateLimiterCoverage" name="test_rate_limiter_initialization" time="0.000" /><testcase classname="tests.unit.test_security_rate_limit_boost.TestRateLimiterCoverage" name="test_rate_limiter_settings_integration" time="0.001" /><testcase classname="tests.unit.test_security_rate_limit_boost.TestRateLimiterCoverage" name="test_rate_limiter_should_proceed_no_rate_limit" time="0.000" /><testcase classname="tests.unit.test_security_rate_limit_boost.TestRateLimiterCoverage" name="test_rate_limiter_should_proceed_plenty_remaining" time="0.000" /><testcase classname="tests.unit.test_security_rate_limit_boost.TestRateLimiterCoverage" name="test_rate_limiter_should_proceed_low_remaining" time="0.001" /><testcase classname="tests.unit.test_security_rate_limit_boost.TestRateLimiterCoverage" name="test_rate_limiter_wait_if_needed_no_wait" time="0.001" /><testcase classname="tests.unit.test_security_rate_limit_boost.TestRateLimiterCoverage" name="test_rate_limiter_wait_if_needed_with_delay" time="1.004" /><testcase classname="tests.unit.test_security_rate_limit_boost.TestRateLimiterCoverage" name="test_rate_limiter_manager_singleton" time="0.003" /><testcase classname="tests.unit.test_security_rate_limit_boost.TestRateLimitUtilityFunctions" name="test_get_github_rate_limiter" time="0.002" /><testcase classname="tests.unit.test_security_rate_limit_boost.TestRateLimitUtilityFunctions" name="test_rate_limited_github_request_success" time="0.006" /><testcase classname="tests.unit.test_security_rate_limit_boost.TestRateLimiterAdvanced" name="test_update_rate_limit_info_valid_headers" time="0.002" /><testcase classname="tests.unit.test_security_rate_limit_boost.TestRateLimiterAdvanced" name="test_update_rate_limit_info_invalid_headers" time="0.001" /><testcase classname="tests.unit.test_security_rate_limit_boost.TestRateLimiterAdvanced" name="test_calculate_retry_delay_exponential" time="0.001" /><testcase classname="tests.unit.test_security_rate_limit_boost.TestRateLimiterAdvanced" name="test_calculate_retry_delay_with_retry_after" time="0.001" /><testcase classname="tests.unit.test_security_rate_limit_boost.TestRateLimiterAdvanced" name="test_calculate_retry_delay_max_cap" time="0.001" /><testcase classname="tests.unit.test_security_rate_limit_boost.TestRateLimiterAdvanced" name="test_execute_with_retry_success" time="1.003" /><testcase classname="tests.unit.test_security_rate_limit_boost.TestRateLimiterAdvanced" name="test_execute_with_retry_http_403_retry" time="0.025" /><testcase classname="tests.unit.test_security_validators.TestValidationError" name="test_validation_error_creation" time="0.001" /><testcase classname="tests.unit.test_security_validators.TestSchemaValidators" name="test_search_query_validator_valid" time="0.001" /><testcase classname="tests.unit.test_security_validators.TestSchemaValidators" name="test_search_query_validator_strips_whitespace" time="0.001" /><testcase classname="tests.unit.test_security_validators.TestSchemaValidators" name="test_search_query_validator_rejects_empty" time="0.001" /><testcase classname="tests.unit.test_security_validators.TestSchemaValidators" name="test_search_query_validator_rejects_too_long" time="0.001" /><testcase classname="tests.unit.test_security_validators.TestSchemaValidators" name="test_document_id_validator_valid" time="0.001" /><testcase classname="tests.unit.test_security_validators.TestSchemaValidators" name="test_document_id_validator_rejects_invalid" time="0.000" /><testcase classname="tests.unit.test_security_validators.TestSanitizationLayer" name="test_sanitize_html_content_clean" time="0.012" /><testcase classname="tests.unit.test_security_validators.TestSanitizationLayer" name="test_sanitize_html_content_xss" time="0.002" /><testcase classname="tests.unit.test_security_validators.TestSanitizationLayer" name="test_sanitize_search_query_valid" time="0.001" /><testcase classname="tests.unit.test_security_validators.TestSanitizationLayer" name="test_sanitize_search_query_dangerous" time="0.001" /><testcase classname="tests.unit.test_security_validators.TestSanitizationLayer" name="test_sanitize_document_id_valid" time="0.001" /><testcase classname="tests.unit.test_security_validators.TestSanitizationLayer" name="test_sanitize_document_id_path_traversal" time="0.001" /><testcase classname="tests.unit.test_security_validators.TestSanitizationLayer" name="test_sanitize_document_id_control_chars" time="0.000" /><testcase classname="tests.unit.test_security_validators.TestSanitizationLayer" name="test_sanitize_file_path_valid" time="0.001" /><testcase classname="tests.unit.test_security_validators.TestSanitizationLayer" name="test_sanitize_file_path_dangerous" time="0.001" /><testcase classname="tests.unit.test_security_validators.TestNormalizationLayer" name="test_normalize_search_query_basic" time="0.000" /><testcase classname="tests.unit.test_security_validators.TestNormalizationLayer" name="test_normalize_search_query_special_chars" time="0.001" /><testcase classname="tests.unit.test_security_validators.TestNormalizationLayer" name="test_normalize_document_id_basic" time="0.001" /><testcase classname="tests.unit.test_security_validators.TestNormalizationLayer" name="test_normalize_document_id_special_chars" time="0.001" /><testcase classname="tests.unit.test_security_validators.TestHighLevelValidation" name="test_validate_search_request_valid" time="0.001" /><testcase classname="tests.unit.test_security_validators.TestHighLevelValidation" name="test_validate_search_request_normalization" time="0.001" /><testcase classname="tests.unit.test_security_validators.TestHighLevelValidation" name="test_validate_search_request_exact_match_no_normalize" time="0.001" /><testcase classname="tests.unit.test_security_validators.TestHighLevelValidation" name="test_validate_search_request_dangerous" time="0.001" /><testcase classname="tests.unit.test_security_validators.TestHighLevelValidation" name="test_validate_document_id_valid" time="0.001" /><testcase classname="tests.unit.test_security_validators.TestHighLevelValidation" name="test_validate_document_id_with_normalization" time="0.001" /><testcase classname="tests.unit.test_security_validators.TestHighLevelValidation" name="test_validate_document_id_dangerous" time="0.001" /><testcase classname="tests.unit.test_security_validators.TestHighLevelValidation" name="test_validate_filename_valid" time="0.001" /><testcase classname="tests.unit.test_security_validators.TestHighLevelValidation" name="test_validate_filename_dangerous" time="0.001" /><testcase classname="tests.unit.test_security_validators.TestHighLevelValidation" name="test_validate_content_length_valid" time="0.000" /><testcase classname="tests.unit.test_security_validators.TestHighLevelValidation" name="test_validate_content_length_too_long" time="0.001" /><testcase classname="tests.unit.test_security_validators.TestBatchValidation" name="test_validate_multiple_inputs_all_valid" time="0.001" /><testcase classname="tests.unit.test_security_validators.TestBatchValidation" name="test_validate_multiple_inputs_some_invalid" time="0.001" /><testcase classname="tests.unit.test_security_validators.TestBatchValidation" name="test_validate_multiple_inputs_partial_params" time="0.001" /><testcase classname="tests.unit.test_security_validators.TestValidationResult" name="test_validation_result_valid" time="0.000" /><testcase classname="tests.unit.test_security_validators.TestValidationResult" name="test_validation_result_invalid" time="0.000" /><testcase classname="tests.unit.test_server.TestContentServiceInstanceManager" name="test_singleton_pattern" time="0.000" /><testcase classname="tests.unit.test_server.TestContentServiceInstanceManager" name="test_get_content_service_instance" time="0.001" /><testcase classname="tests.unit.test_server.TestServerFunctions" name="test_get_content_service_instance_function" time="0.001" /><testcase classname="tests.unit.test_server.TestServerFunctions" name="test_handle_list_resources" time="0.003" /><testcase classname="tests.unit.test_server.TestServerFunctions" name="test_handle_read_resource_mitigation" time="0.003" /><testcase classname="tests.unit.test_server.TestServerFunctions" name="test_handle_read_resource_risk" time="0.003" /><testcase classname="tests.unit.test_server.TestServerFunctions" name="test_handle_list_tools" time="0.001" /><testcase classname="tests.unit.test_server.TestServerFunctions" name="test_handle_call_tool_search_mitigations" time="0.003" /><testcase classname="tests.unit.test_server.TestServerFunctions" name="test_handle_call_tool_invalid_tool" time="0.001" /><testcase classname="tests.unit.test_server.TestServerFunctions" name="test_log_health_status" time="0.002" /><testcase classname="tests.unit.test_structured_logging.TestSecureJSONFormatter" name="test_basic_json_format" time="0.001" /><testcase classname="tests.unit.test_structured_logging.TestSecureJSONFormatter" name="test_github_token_redaction" time="0.001" /><testcase classname="tests.unit.test_structured_logging.TestSecureJSONFormatter" name="test_url_auth_redaction" time="0.001" /><testcase classname="tests.unit.test_structured_logging.TestSecureJSONFormatter" name="test_correlation_id_inclusion" time="0.001" /><testcase classname="tests.unit.test_structured_logging.TestSecureJSONFormatter" name="test_extra_fields_redaction" time="0.001" /><testcase classname="tests.unit.test_structured_logging.TestCorrelationIds" name="test_correlation_id_generation" time="0.001" /><testcase classname="tests.unit.test_structured_logging.TestCorrelationIds" name="test_correlation_id_context_isolation" time="0.001" /><testcase classname="tests.unit.test_structured_logging.TestStructuredLogging" name="test_json_logging_setup" time="0.002" /><testcase classname="tests.unit.test_structured_logging.TestStructuredLogging" name="test_log_level_configuration" time="0.001" /><testcase classname="tests.unit.test_structured_logging.TestStructuredLogging" name="test_http_request_logging" time="0.003" /><testcase classname="tests.unit.test_structured_logging.TestStructuredLogging" name="test_mcp_request_logging" time="0.001" /><testcase classname="tests.unit.test_structured_logging.TestLoggingSecurity" name="test_no_secrets_in_logs" time="0.001" /><testcase classname="tests.unit.test_structured_logging.TestLoggingSecurity" name="test_correlation_id_consistency" time="0.001" /><testcase classname="tests.unit.test_tools.TestToolsPackage" name="test_get_all_tools" time="0.000" /><testcase classname="tests.unit.test_tools.TestToolsPackage" name="test_handle_tool_call_unknown_tool" time="0.001" /><testcase classname="tests.unit.test_tools.TestSearchTools" name="test_search_mitigations_input_validation" time="0.002" /><testcase classname="tests.unit.test_tools.TestSearchTools" name="test_search_risks_input_validation" time="0.002" /><testcase classname="tests.unit.test_tools.TestSearchTools" name="test_search_tools_pydantic_validation" time="0.001" /><testcase classname="tests.unit.test_tools.TestDetailsTools" name="test_get_mitigation_details" time="0.002" /><testcase classname="tests.unit.test_tools.TestDetailsTools" name="test_get_risk_details" time="0.002" /><testcase classname="tests.unit.test_tools.TestDetailsTools" name="test_details_tools_file_not_found" time="0.001" /><testcase classname="tests.unit.test_tools.TestListingTools" name="test_list_all_mitigations" time="0.002" /><testcase classname="tests.unit.test_tools.TestListingTools" name="test_list_all_risks" time="0.002" /><testcase classname="tests.unit.test_tools.TestSystemTools" name="test_get_service_diagnostics_cache_stats" time="0.002" /><testcase classname="tests.unit.test_tools.TestSystemTools" name="test_get_service_health" time="0.002" /><testcase classname="tests.unit.test_tools.TestSystemTools" name="test_reset_service_health" time="0.002" /><testcase classname="tests.unit.test_tools.TestInputValidation" name="test_invalid_tool_arguments" time="0.001" /><testcase classname="tests.unit.test_tools.TestInputValidation" name="test_valid_empty_arguments" time="0.006" /></testsuite></testsuites>
